---------------------------------------------------------------
[ 2022-02-15T11:31:39+08:00 ] 0.0.0.0 GET localhost:5601/index.php/admin/index/web.html
[运行时间：1.936732s] [吞吐率：0.52req/s] [内存消耗：3,470.77kb] [文件加载：103]
[ info ] [ LANG ] F:\project\pointsmall\thinkphp\lang\zh-cn.php
[ info ] [ ROUTE ] array (
  'type' => 'module',
  'module' => 
  array (
    0 => 'admin',
    1 => 'index',
    2 => 'web',
  ),
)
[ info ] [ HEADER ] array (
  'cookie' => 'thinkphp_show_page_trace=0|0; thinkphp_show_page_trace=0|0; thinkphp_show_page_trace=0|0; thinkphp_show_page_trace=0|0; Phpstorm-221d8a55=3070f4be-a28e-4f38-8ced-98b71dc79863; PHPSESSID=3mf64ull9lsobhghr8qf3ev8tu; jsl_member_id=397; jsl_key=4db31ae32c199665a2e4d0d13491c182',
  'accept-language' => 'zh-CN,zh;q=0.9',
  'accept-encoding' => 'gzip, deflate, br',
  'referer' => 'http://localhost:5601/index.php/admin/index/index.html',
  'sec-fetch-dest' => 'document',
  'sec-fetch-user' => '?1',
  'sec-fetch-mode' => 'navigate',
  'sec-fetch-site' => 'same-origin',
  'accept' => 'text/html,application/xhtml+xml,application/xml;q=0.9,image/avif,image/webp,image/apng,*/*;q=0.8,application/signed-exchange;v=b3;q=0.9',
  'user-agent' => 'Mozilla/5.0 (Windows NT 10.0; Win64; x64) AppleWebKit/537.36 (KHTML, like Gecko) Chrome/98.0.4758.82 Safari/537.36',
  'upgrade-insecure-requests' => '1',
  'sec-ch-ua-platform' => '"Windows"',
  'sec-ch-ua-mobile' => '?0',
  'sec-ch-ua' => '" Not A;Brand";v="99", "Chromium";v="98", "Google Chrome";v="98"',
  'connection' => 'close',
  'host' => 'localhost:5601',
)
[ info ] [ PARAM ] array (
)
[ info ] [ RUN ] app\admin\controller\Index->web[ F:\project\pointsmall\application\admin\controller\Index.php ]
[ info ] [ SESSION ] INIT array (
  'id' => '',
  'var_session_id' => '',
  'prefix' => 'think',
  'type' => '',
  'auto_start' => true,
  'expire' => 18000,
)
[ info ] [ DB ] INIT mysql
[ info ] [ VIEW ] F:\project\pointsmall\public/../application/admin\view\index\web.html [ array (
  0 => 'list',
  1 => 'volist',
  2 => 'mod_list',
) ]
[ info ] [ LOG ] INIT File
[ sql ] [ DB ] CONNECT:[ UseTime:0.013124s ] mysql:host=172.16.2.244;port=3306;dbname=points-mall-test;charset=utf8mb4
[ sql ] [ SQL ] SHOW COLUMNS FROM `jsl_user` [ RunTime:0.006621s ]
[ sql ] [ SQL ] SELECT COUNT(*) AS tp_count FROM `jsl_user` WHERE  (  ID = 1 ) LIMIT 1 [ RunTime:0.002321s ]
[ sql ] [ SQL ] SHOW COLUMNS FROM `jsl_statis` [ RunTime:0.004736s ]
[ sql ] [ SQL ] SELECT COUNT(*) AS tp_count FROM `jsl_statis` WHERE  (  Uid = 1 ) LIMIT 1 [ RunTime:0.001697s ]
[ sql ] [ SQL ] UPDATE `jsl_statis`  SET `Dtime`='1644895899'  WHERE  (  Uid = 1 ) [ RunTime:0.002087s ]
[ sql ] [ SQL ] DELETE FROM `jsl_statis`    WHERE  `Dtime` < '1644895779' [ RunTime:0.001517s ]
[ sql ] [ SQL ] SHOW COLUMNS FROM `jsl_module` [ RunTime:0.004659s ]
[ sql ] [ SQL ] SELECT * FROM `jsl_module` WHERE  (  Sid = 0 ) ORDER BY `Msort` ASC [ RunTime:0.002017s ]
[ sql ] [ SQL ] SELECT * FROM `jsl_module` WHERE  (  Sid > 0 ) ORDER BY `Msort` ASC [ RunTime:0.001759s ]
[ sql ] [ SQL ] SHOW COLUMNS FROM `jsl_competence` [ RunTime:0.004476s ]
[ sql ] [ SQL ] SELECT * FROM `jsl_competence` WHERE  (  ID = '112' ) LIMIT 1 [ RunTime:0.001582s ]
[ sql ] [ SQL ] SELECT `ID` FROM `jsl_competence` WHERE  (  Sid = '' ) [ RunTime:0.001580s ]
[ sql ] [ SQL ] SELECT * FROM `jsl_competence` WHERE  (  ID = '107' ) LIMIT 1 [ RunTime:0.001524s ]
[ sql ] [ SQL ] SELECT `ID` FROM `jsl_competence` WHERE  (  Sid = '107' ) [ RunTime:0.001342s ]
[ sql ] [ SQL ] SELECT * FROM `jsl_competence` WHERE  (  ID = '113' ) LIMIT 1 [ RunTime:0.001338s ]
[ sql ] [ SQL ] SELECT `ID` FROM `jsl_competence` WHERE  (  Sid = '' ) [ RunTime:0.001461s ]
[ sql ] [ SQL ] SELECT * FROM `jsl_competence` WHERE  (  ID = '120' ) LIMIT 1 [ RunTime:0.001363s ]
[ sql ] [ SQL ] SELECT `ID` FROM `jsl_competence` WHERE  (  Sid = '' ) [ RunTime:0.001371s ]
[ sql ] [ SQL ] SELECT * FROM `jsl_competence` WHERE  (  ID = '364' ) LIMIT 1 [ RunTime:0.001308s ]
[ sql ] [ SQL ] SELECT `ID` FROM `jsl_competence` WHERE  (  Sid = '364' ) [ RunTime:0.001372s ]
[ sql ] [ SQL ] SELECT * FROM `jsl_competence` WHERE  (  ID = '126' ) LIMIT 1 [ RunTime:0.001286s ]
[ sql ] [ SQL ] SELECT `ID` FROM `jsl_competence` WHERE  (  Sid = '' ) [ RunTime:0.001349s ]
[ sql ] [ SQL ] SELECT * FROM `jsl_competence` WHERE  (  ID = '322' ) LIMIT 1 [ RunTime:0.001365s ]
[ sql ] [ SQL ] SELECT `ID` FROM `jsl_competence` WHERE  (  Sid = '' ) [ RunTime:0.001335s ]
[ sql ] [ SQL ] SELECT * FROM `jsl_competence` WHERE  (  ID = '1' ) LIMIT 1 [ RunTime:0.001559s ]
[ sql ] [ SQL ] SELECT `ID` FROM `jsl_competence` WHERE  (  Sid = '1' ) [ RunTime:0.001526s ]
[ sql ] [ SQL ] SELECT * FROM `jsl_competence` WHERE  (  ID = '354' ) LIMIT 1 [ RunTime:0.001491s ]
[ sql ] [ SQL ] SELECT `ID` FROM `jsl_competence` WHERE  (  Sid = '354' ) [ RunTime:0.001413s ]
[ sql ] [ SQL ] SELECT * FROM `jsl_competence` WHERE  (  ID = '362' ) LIMIT 1 [ RunTime:0.001452s ]
[ sql ] [ SQL ] SELECT `ID` FROM `jsl_competence` WHERE  (  Sid = '362' ) [ RunTime:0.001249s ]
[ sql ] [ SQL ] SELECT * FROM `jsl_competence` WHERE  (  ID = '311' ) LIMIT 1 [ RunTime:0.001327s ]
[ sql ] [ SQL ] SELECT `ID` FROM `jsl_competence` WHERE  (  Sid = '' ) [ RunTime:0.001274s ]
[ sql ] [ SQL ] SELECT * FROM `jsl_competence` WHERE  (  ID = '316' ) LIMIT 1 [ RunTime:0.001367s ]
[ sql ] [ SQL ] SELECT `ID` FROM `jsl_competence` WHERE  (  Sid = '' ) [ RunTime:0.001380s ]
[ sql ] [ SQL ] SELECT * FROM `jsl_competence` WHERE  (  ID = '44' ) LIMIT 1 [ RunTime:0.001369s ]
[ sql ] [ SQL ] SELECT `ID` FROM `jsl_competence` WHERE  (  Sid = '' ) [ RunTime:0.001335s ]
[ sql ] [ SQL ] SELECT * FROM `jsl_competence` WHERE  (  ID = '108' ) LIMIT 1 [ RunTime:0.001395s ]
[ sql ] [ SQL ] SELECT `ID` FROM `jsl_competence` WHERE  (  Sid = '108' ) [ RunTime:0.001366s ]
[ sql ] [ SQL ] SELECT * FROM `jsl_competence` WHERE  (  ID = '322' ) LIMIT 1 [ RunTime:0.001218s ]
[ sql ] [ SQL ] SELECT `ID` FROM `jsl_competence` WHERE  (  Sid = '' ) [ RunTime:0.001281s ]
[ sql ] [ SQL ] SELECT * FROM `jsl_competence` WHERE  (  ID = '11' ) LIMIT 1 [ RunTime:0.001315s ]
[ sql ] [ SQL ] SELECT `ID` FROM `jsl_competence` WHERE  (  Sid = '11' ) [ RunTime:0.001329s ]
[ sql ] [ SQL ] SELECT * FROM `jsl_competence` WHERE  (  ID = '44' ) LIMIT 1 [ RunTime:0.001284s ]
[ sql ] [ SQL ] SELECT `ID` FROM `jsl_competence` WHERE  (  Sid = '' ) [ RunTime:0.001384s ]
[ sql ] [ SQL ] SELECT * FROM `jsl_competence` WHERE  (  ID = '111' ) LIMIT 1 [ RunTime:0.001393s ]
[ sql ] [ SQL ] SELECT `ID` FROM `jsl_competence` WHERE  (  Sid = '111' ) [ RunTime:0.001386s ]
[ sql ] [ SQL ] SELECT * FROM `jsl_competence` WHERE  (  ID = '114' ) LIMIT 1 [ RunTime:0.001311s ]
[ sql ] [ SQL ] SELECT `ID` FROM `jsl_competence` WHERE  (  Sid = '' ) [ RunTime:0.001319s ]
[ sql ] [ SQL ] SELECT * FROM `jsl_competence` WHERE  (  ID = '59' ) LIMIT 1 [ RunTime:0.001369s ]
[ sql ] [ SQL ] SELECT `ID` FROM `jsl_competence` WHERE  (  Sid = '59' ) [ RunTime:0.001445s ]
[ sql ] [ SQL ] SELECT * FROM `jsl_competence` WHERE  (  ID = '323' ) LIMIT 1 [ RunTime:0.001381s ]
[ sql ] [ SQL ] SELECT `ID` FROM `jsl_competence` WHERE  (  Sid = '' ) [ RunTime:0.001256s ]
[ sql ] [ SQL ] SELECT * FROM `jsl_competence` WHERE  (  ID = '349' ) LIMIT 1 [ RunTime:0.001295s ]
[ sql ] [ SQL ] SELECT `ID` FROM `jsl_competence` WHERE  (  Sid = '349' ) [ RunTime:0.001333s ]
[ sql ] [ SQL ] SELECT * FROM `jsl_competence` WHERE  (  ID = '364' ) LIMIT 1 [ RunTime:0.010593s ]
[ sql ] [ SQL ] SELECT `ID` FROM `jsl_competence` WHERE  (  Sid = '364' ) [ RunTime:0.002705s ]
[ sql ] [ SQL ] SELECT * FROM `jsl_competence` WHERE  (  ID = '131' ) LIMIT 1 [ RunTime:0.001899s ]
[ sql ] [ SQL ] SELECT `ID` FROM `jsl_competence` WHERE  (  Sid = '' ) [ RunTime:0.001919s ]
[ sql ] [ SQL ] SELECT * FROM `jsl_competence` WHERE  (  ID = '278' ) LIMIT 1 [ RunTime:0.001360s ]
[ sql ] [ SQL ] SELECT `ID` FROM `jsl_competence` WHERE  (  Sid = '' ) [ RunTime:0.001317s ]
[ sql ] [ SQL ] SELECT * FROM `jsl_competence` WHERE  (  ID = '364' ) LIMIT 1 [ RunTime:0.001347s ]
[ sql ] [ SQL ] SELECT `ID` FROM `jsl_competence` WHERE  (  Sid = '364' ) [ RunTime:0.001279s ]
[ sql ] [ SQL ] SELECT * FROM `jsl_competence` WHERE  (  ID = '354' ) LIMIT 1 [ RunTime:0.001319s ]
[ sql ] [ SQL ] SELECT `ID` FROM `jsl_competence` WHERE  (  Sid = '354' ) [ RunTime:0.001348s ]
[ sql ] [ SQL ] SELECT * FROM `jsl_competence` WHERE  (  ID = '109' ) LIMIT 1 [ RunTime:0.001408s ]
[ sql ] [ SQL ] SELECT `ID` FROM `jsl_competence` WHERE  (  Sid = '' ) [ RunTime:0.001389s ]
[ sql ] [ SQL ] SELECT `ID` FROM `jsl_module` WHERE  (  Sid = '29' ) [ RunTime:0.001250s ]
[ sql ] [ SQL ] SELECT `ID` FROM `jsl_module` WHERE  (  Sid = '112' ) [ RunTime:0.001371s ]
[ sql ] [ SQL ] SELECT `ID` FROM `jsl_module` WHERE  (  Sid = '1' ) [ RunTime:0.001416s ]
[ sql ] [ SQL ] SELECT `ID` FROM `jsl_module` WHERE  (  Sid = '2' ) [ RunTime:0.001267s ]
[ sql ] [ SQL ] SELECT `ID` FROM `jsl_module` WHERE  (  Sid = '3' ) [ RunTime:0.001354s ]
[ sql ] [ SQL ] SELECT `ID` FROM `jsl_module` WHERE  (  Sid = '62' ) [ RunTime:0.001245s ]
[ sql ] [ SQL ] SELECT `ID` FROM `jsl_module` WHERE  (  Sid = '137' ) [ RunTime:0.001302s ]
[ sql ] [ SQL ] SELECT `ID` FROM `jsl_module` WHERE  (  Sid = '141' ) [ RunTime:0.001340s ]
[ sql ] [ SQL ] SELECT `ID` FROM `jsl_module` WHERE  (  Sid = '144' ) [ RunTime:0.001242s ]
[ sql ] [ SQL ] SELECT `ID` FROM `jsl_module` WHERE  (  Sid = '64' ) [ RunTime:0.001221s ]
[ sql ] [ SQL ] SELECT `ID` FROM `jsl_module` WHERE  (  Sid = '75' ) [ RunTime:0.001367s ]
[ sql ] [ SQL ] SELECT COUNT(*) AS tp_count FROM `jsl_user` WHERE  (  ID = 1 ) LIMIT 1 [ RunTime:0.001264s ]
[ sql ] [ SQL ] SELECT COUNT(*) AS tp_count FROM `jsl_statis` WHERE  (  Uid = 1 ) LIMIT 1 [ RunTime:0.001304s ]
[ sql ] [ SQL ] UPDATE `jsl_statis`  SET `Dtime`='1644895899'  WHERE  (  Uid = 1 ) [ RunTime:0.001324s ]
[ sql ] [ SQL ] DELETE FROM `jsl_statis`    WHERE  `Dtime` < '1644895779' [ RunTime:0.001430s ]
[ sql ] [ SQL ] SELECT COUNT(*) AS tp_count FROM `jsl_user` WHERE  (  ID = 1 ) LIMIT 1 [ RunTime:0.001398s ]
[ sql ] [ SQL ] SELECT COUNT(*) AS tp_count FROM `jsl_statis` WHERE  (  Uid = 1 ) LIMIT 1 [ RunTime:0.001338s ]
[ sql ] [ SQL ] UPDATE `jsl_statis`  SET `Dtime`='1644895899'  WHERE  (  Uid = 1 ) [ RunTime:0.001285s ]
[ sql ] [ SQL ] DELETE FROM `jsl_statis`    WHERE  `Dtime` < '1644895779' [ RunTime:0.001385s ]
[ sql ] [ SQL ] SELECT COUNT(*) AS tp_count FROM `jsl_user` WHERE  (  ID = 1 ) LIMIT 1 [ RunTime:0.001337s ]
[ sql ] [ SQL ] SELECT COUNT(*) AS tp_count FROM `jsl_statis` WHERE  (  Uid = 1 ) LIMIT 1 [ RunTime:0.001262s ]
[ sql ] [ SQL ] UPDATE `jsl_statis`  SET `Dtime`='1644895899'  WHERE  (  Uid = 1 ) [ RunTime:0.001371s ]
[ sql ] [ SQL ] DELETE FROM `jsl_statis`    WHERE  `Dtime` < '1644895779' [ RunTime:0.001658s ]
[ error ] [8]未定义数组索引: id[F:\project\pointsmall\runtime\temp\cb1875549a15ea697c1a55e0379ea363.php:76]
[ error ] [8]未定义数组索引: id[F:\project\pointsmall\runtime\temp\cb1875549a15ea697c1a55e0379ea363.php:76]
[ error ] [8]未定义数组索引: id[F:\project\pointsmall\runtime\temp\cb1875549a15ea697c1a55e0379ea363.php:76]
