---------------------------------------------------------------
[ 2022-03-23T15:37:11+08:00 ] 0.0.0.0 GET localhost:5601/index.php/admin/index/main.html?module=goods
[运行时间：1.001680s] [吞吐率：1.00req/s] [内存消耗：3,461.41kb] [文件加载：103]
[ info ] [ LANG ] F:\project\pointsmall\thinkphp\lang\zh-cn.php
[ info ] [ ROUTE ] array (
  'type' => 'module',
  'module' => 
  array (
    0 => 'admin',
    1 => 'index',
    2 => 'main',
  ),
)
[ info ] [ HEADER ] array (
  'cookie' => 'thinkphp_show_page_trace=0|0; thinkphp_show_page_trace=0|0; thinkphp_show_page_trace=0|0; thinkphp_show_page_trace=0|0; Phpstorm-221d8a55=3070f4be-a28e-4f38-8ced-98b71dc79863; PHPSESSID=3mf64ull9lsobhghr8qf3ev8tu; ariaDefaultTheme=undefined',
  'accept-language' => 'zh-CN,zh;q=0.9',
  'accept-encoding' => 'gzip, deflate, br',
  'referer' => 'http://localhost:5601/index.php/admin/index/web.html',
  'sec-fetch-dest' => 'document',
  'sec-fetch-user' => '?1',
  'sec-fetch-mode' => 'navigate',
  'sec-fetch-site' => 'same-origin',
  'accept' => 'text/html,application/xhtml+xml,application/xml;q=0.9,image/avif,image/webp,image/apng,*/*;q=0.8,application/signed-exchange;v=b3;q=0.9',
  'user-agent' => 'Mozilla/5.0 (Windows NT 10.0; Win64; x64) AppleWebKit/537.36 (KHTML, like Gecko) Chrome/99.0.4844.51 Safari/537.36',
  'upgrade-insecure-requests' => '1',
  'sec-ch-ua-platform' => '"Windows"',
  'sec-ch-ua-mobile' => '?0',
  'sec-ch-ua' => '" Not A;Brand";v="99", "Chromium";v="99", "Google Chrome";v="99"',
  'connection' => 'close',
  'host' => 'localhost:5601',
)
[ info ] [ PARAM ] array (
  'module' => 'goods',
)
[ info ] [ RUN ] app\admin\controller\Index->main[ F:\project\pointsmall\application\admin\controller\Index.php ]
[ info ] [ SESSION ] INIT array (
  'id' => '',
  'var_session_id' => '',
  'prefix' => 'think',
  'type' => '',
  'auto_start' => true,
  'expire' => 18000,
)
[ info ] [ DB ] INIT mysql
[ info ] [ VIEW ] F:\project\pointsmall\public/../application/admin\view\index\main.html [ array (
  0 => 'list',
  1 => 'volist',
  2 => 'mod_list',
) ]
[ info ] [ LOG ] INIT File
[ sql ] [ DB ] CONNECT:[ UseTime:0.028313s ] mysql:host=172.16.2.244;port=3306;dbname=points-mall-test;charset=utf8mb4
[ sql ] [ SQL ] SHOW COLUMNS FROM `jsl_user` [ RunTime:0.004750s ]
[ sql ] [ SQL ] SELECT COUNT(*) AS tp_count FROM `jsl_user` WHERE  (  ID = 1 ) LIMIT 1 [ RunTime:0.002749s ]
[ sql ] [ SQL ] SHOW COLUMNS FROM `jsl_statis` [ RunTime:0.003207s ]
[ sql ] [ SQL ] SELECT COUNT(*) AS tp_count FROM `jsl_statis` WHERE  (  Uid = 1 ) LIMIT 1 [ RunTime:0.003657s ]
[ sql ] [ SQL ] UPDATE `jsl_statis`  SET `Dtime`='1648021031'  WHERE  (  Uid = 1 ) [ RunTime:0.002268s ]
[ sql ] [ SQL ] DELETE FROM `jsl_statis`    WHERE  `Dtime` < '1648020911' [ RunTime:0.001964s ]
[ sql ] [ SQL ] SHOW COLUMNS FROM `jsl_module` [ RunTime:0.004349s ]
[ sql ] [ SQL ] SELECT * FROM `jsl_module` WHERE  `Sid` = 0  AND `ID` IN (112,137,141)  AND `Status` = 0 ORDER BY `Msort` ASC [ RunTime:0.001895s ]
[ sql ] [ SQL ] SELECT * FROM `jsl_module` WHERE  (  Sid > 0 )  AND `Status` = 0 ORDER BY `Msort` ASC [ RunTime:0.001757s ]
[ sql ] [ SQL ] SHOW COLUMNS FROM `jsl_competence` [ RunTime:0.002250s ]
[ sql ] [ SQL ] SELECT * FROM `jsl_competence` WHERE  (  ID = '112' ) LIMIT 1 [ RunTime:0.001519s ]
[ sql ] [ SQL ] SELECT `ID` FROM `jsl_competence` WHERE  (  Sid = '' ) [ RunTime:0.001552s ]
[ sql ] [ SQL ] SELECT * FROM `jsl_competence` WHERE  (  ID = '107' ) LIMIT 1 [ RunTime:0.001355s ]
[ sql ] [ SQL ] SELECT `ID` FROM `jsl_competence` WHERE  (  Sid = '107' ) [ RunTime:0.001258s ]
[ sql ] [ SQL ] SELECT * FROM `jsl_competence` WHERE  (  ID = '113' ) LIMIT 1 [ RunTime:0.001328s ]
[ sql ] [ SQL ] SELECT `ID` FROM `jsl_competence` WHERE  (  Sid = '' ) [ RunTime:0.001330s ]
[ sql ] [ SQL ] SELECT * FROM `jsl_competence` WHERE  (  ID = '120' ) LIMIT 1 [ RunTime:0.001322s ]
[ sql ] [ SQL ] SELECT `ID` FROM `jsl_competence` WHERE  (  Sid = '' ) [ RunTime:0.001328s ]
[ sql ] [ SQL ] SELECT * FROM `jsl_competence` WHERE  (  ID = '364' ) LIMIT 1 [ RunTime:0.001350s ]
[ sql ] [ SQL ] SELECT `ID` FROM `jsl_competence` WHERE  (  Sid = '364' ) [ RunTime:0.001274s ]
[ sql ] [ SQL ] SELECT * FROM `jsl_competence` WHERE  (  ID = '126' ) LIMIT 1 [ RunTime:0.001285s ]
[ sql ] [ SQL ] SELECT `ID` FROM `jsl_competence` WHERE  (  Sid = '' ) [ RunTime:0.001331s ]
[ sql ] [ SQL ] SELECT * FROM `jsl_competence` WHERE  (  ID = '322' ) LIMIT 1 [ RunTime:0.001352s ]
[ sql ] [ SQL ] SELECT `ID` FROM `jsl_competence` WHERE  (  Sid = '' ) [ RunTime:0.001300s ]
[ sql ] [ SQL ] SELECT * FROM `jsl_competence` WHERE  (  ID = '1' ) LIMIT 1 [ RunTime:0.001223s ]
[ sql ] [ SQL ] SELECT `ID` FROM `jsl_competence` WHERE  (  Sid = '1' ) [ RunTime:0.001380s ]
[ sql ] [ SQL ] SELECT * FROM `jsl_competence` WHERE  (  ID = '354' ) LIMIT 1 [ RunTime:0.001255s ]
[ sql ] [ SQL ] SELECT `ID` FROM `jsl_competence` WHERE  (  Sid = '354' ) [ RunTime:0.001416s ]
[ sql ] [ SQL ] SELECT * FROM `jsl_competence` WHERE  (  ID = '362' ) LIMIT 1 [ RunTime:0.001309s ]
[ sql ] [ SQL ] SELECT `ID` FROM `jsl_competence` WHERE  (  Sid = '362' ) [ RunTime:0.001262s ]
[ sql ] [ SQL ] SELECT * FROM `jsl_competence` WHERE  (  ID = '311' ) LIMIT 1 [ RunTime:0.001349s ]
[ sql ] [ SQL ] SELECT `ID` FROM `jsl_competence` WHERE  (  Sid = '' ) [ RunTime:0.001278s ]
[ sql ] [ SQL ] SELECT * FROM `jsl_competence` WHERE  (  ID = '316' ) LIMIT 1 [ RunTime:0.001273s ]
[ sql ] [ SQL ] SELECT `ID` FROM `jsl_competence` WHERE  (  Sid = '' ) [ RunTime:0.001334s ]
[ sql ] [ SQL ] SELECT * FROM `jsl_competence` WHERE  (  ID = '44' ) LIMIT 1 [ RunTime:0.001305s ]
[ sql ] [ SQL ] SELECT `ID` FROM `jsl_competence` WHERE  (  Sid = '' ) [ RunTime:0.001332s ]
[ sql ] [ SQL ] SELECT * FROM `jsl_competence` WHERE  (  ID = '108' ) LIMIT 1 [ RunTime:0.001239s ]
[ sql ] [ SQL ] SELECT `ID` FROM `jsl_competence` WHERE  (  Sid = '108' ) [ RunTime:0.001306s ]
[ sql ] [ SQL ] SELECT * FROM `jsl_competence` WHERE  (  ID = '322' ) LIMIT 1 [ RunTime:0.001354s ]
[ sql ] [ SQL ] SELECT `ID` FROM `jsl_competence` WHERE  (  Sid = '' ) [ RunTime:0.001503s ]
[ sql ] [ SQL ] SELECT * FROM `jsl_competence` WHERE  (  ID = '11' ) LIMIT 1 [ RunTime:0.001495s ]
[ sql ] [ SQL ] SELECT `ID` FROM `jsl_competence` WHERE  (  Sid = '11' ) [ RunTime:0.001613s ]
[ sql ] [ SQL ] SELECT * FROM `jsl_competence` WHERE  (  ID = '44' ) LIMIT 1 [ RunTime:0.001578s ]
[ sql ] [ SQL ] SELECT `ID` FROM `jsl_competence` WHERE  (  Sid = '' ) [ RunTime:0.001421s ]
[ sql ] [ SQL ] SELECT * FROM `jsl_competence` WHERE  (  ID = '111' ) LIMIT 1 [ RunTime:0.001340s ]
[ sql ] [ SQL ] SELECT `ID` FROM `jsl_competence` WHERE  (  Sid = '111' ) [ RunTime:0.001374s ]
[ sql ] [ SQL ] SELECT * FROM `jsl_competence` WHERE  (  ID = '114' ) LIMIT 1 [ RunTime:0.001260s ]
[ sql ] [ SQL ] SELECT `ID` FROM `jsl_competence` WHERE  (  Sid = '' ) [ RunTime:0.001212s ]
[ sql ] [ SQL ] SELECT * FROM `jsl_competence` WHERE  (  ID = '59' ) LIMIT 1 [ RunTime:0.001395s ]
[ sql ] [ SQL ] SELECT `ID` FROM `jsl_competence` WHERE  (  Sid = '59' ) [ RunTime:0.001479s ]
[ sql ] [ SQL ] SELECT * FROM `jsl_competence` WHERE  (  ID = '323' ) LIMIT 1 [ RunTime:0.001425s ]
[ sql ] [ SQL ] SELECT `ID` FROM `jsl_competence` WHERE  (  Sid = '' ) [ RunTime:0.001576s ]
[ sql ] [ SQL ] SELECT * FROM `jsl_competence` WHERE  (  ID = '349' ) LIMIT 1 [ RunTime:0.001420s ]
[ sql ] [ SQL ] SELECT `ID` FROM `jsl_competence` WHERE  (  Sid = '349' ) [ RunTime:0.001533s ]
[ sql ] [ SQL ] SELECT * FROM `jsl_competence` WHERE  (  ID = '364' ) LIMIT 1 [ RunTime:0.001405s ]
[ sql ] [ SQL ] SELECT `ID` FROM `jsl_competence` WHERE  (  Sid = '364' ) [ RunTime:0.001306s ]
[ sql ] [ SQL ] SELECT * FROM `jsl_competence` WHERE  (  ID = '131' ) LIMIT 1 [ RunTime:0.001326s ]
[ sql ] [ SQL ] SELECT `ID` FROM `jsl_competence` WHERE  (  Sid = '' ) [ RunTime:0.001116s ]
[ sql ] [ SQL ] SELECT * FROM `jsl_competence` WHERE  (  ID = '364' ) LIMIT 1 [ RunTime:0.001266s ]
[ sql ] [ SQL ] SELECT `ID` FROM `jsl_competence` WHERE  (  Sid = '364' ) [ RunTime:0.001298s ]
[ sql ] [ SQL ] SELECT * FROM `jsl_competence` WHERE  (  ID = '354' ) LIMIT 1 [ RunTime:0.001364s ]
[ sql ] [ SQL ] SELECT `ID` FROM `jsl_competence` WHERE  (  Sid = '354' ) [ RunTime:0.001316s ]
[ sql ] [ SQL ] SELECT * FROM `jsl_competence` WHERE  (  ID = '109' ) LIMIT 1 [ RunTime:0.001342s ]
[ sql ] [ SQL ] SELECT `ID` FROM `jsl_competence` WHERE  (  Sid = '' ) [ RunTime:0.001338s ]
[ sql ] [ SQL ] SELECT `ID` FROM `jsl_module` WHERE  (  Sid = '112' ) [ RunTime:0.001336s ]
[ sql ] [ SQL ] SELECT `ID` FROM `jsl_module` WHERE  (  Sid = '137' ) [ RunTime:0.001323s ]
[ sql ] [ SQL ] SELECT `ID` FROM `jsl_module` WHERE  (  Sid = '141' ) [ RunTime:0.001258s ]
[ sql ] [ SQL ] SELECT COUNT(*) AS tp_count FROM `jsl_user` WHERE  (  ID = 1 ) LIMIT 1 [ RunTime:0.001275s ]
[ sql ] [ SQL ] SELECT COUNT(*) AS tp_count FROM `jsl_statis` WHERE  (  Uid = 1 ) LIMIT 1 [ RunTime:0.001263s ]
[ sql ] [ SQL ] UPDATE `jsl_statis`  SET `Dtime`='1648021031'  WHERE  (  Uid = 1 ) [ RunTime:0.001320s ]
[ sql ] [ SQL ] DELETE FROM `jsl_statis`    WHERE  `Dtime` < '1648020911' [ RunTime:0.001362s ]
[ sql ] [ SQL ] SELECT COUNT(*) AS tp_count FROM `jsl_user` WHERE  (  ID = 1 ) LIMIT 1 [ RunTime:0.001250s ]
[ sql ] [ SQL ] SELECT COUNT(*) AS tp_count FROM `jsl_statis` WHERE  (  Uid = 1 ) LIMIT 1 [ RunTime:0.001336s ]
[ sql ] [ SQL ] UPDATE `jsl_statis`  SET `Dtime`='1648021031'  WHERE  (  Uid = 1 ) [ RunTime:0.001290s ]
[ sql ] [ SQL ] DELETE FROM `jsl_statis`    WHERE  `Dtime` < '1648020911' [ RunTime:0.001354s ]
[ sql ] [ SQL ] SELECT COUNT(*) AS tp_count FROM `jsl_user` WHERE  (  ID = 1 ) LIMIT 1 [ RunTime:0.001231s ]
[ sql ] [ SQL ] SELECT COUNT(*) AS tp_count FROM `jsl_statis` WHERE  (  Uid = 1 ) LIMIT 1 [ RunTime:0.001189s ]
[ sql ] [ SQL ] UPDATE `jsl_statis`  SET `Dtime`='1648021031'  WHERE  (  Uid = 1 ) [ RunTime:0.012635s ]
[ sql ] [ SQL ] DELETE FROM `jsl_statis`    WHERE  `Dtime` < '1648020911' [ RunTime:0.001569s ]
[ error ] [8]未定义数组索引: id[F:\project\pointsmall\runtime\temp\9621c9c1e68b9b95a987015c655050b1.php:126]
[ error ] [8]未定义数组索引: id[F:\project\pointsmall\runtime\temp\9621c9c1e68b9b95a987015c655050b1.php:126]
[ error ] [8]未定义数组下标: 0[F:\project\pointsmall\runtime\temp\9621c9c1e68b9b95a987015c655050b1.php:172]
---------------------------------------------------------------
[ 2022-03-23T15:37:12+08:00 ] 0.0.0.0 GET localhost:5601/index.php/admin/index/main.html
[运行时间：0.236255s] [吞吐率：4.23req/s] [内存消耗：3,460.48kb] [文件加载：103]
[ info ] [ LANG ] F:\project\pointsmall\thinkphp\lang\zh-cn.php
[ info ] [ ROUTE ] array (
  'type' => 'module',
  'module' => 
  array (
    0 => 'admin',
    1 => 'index',
    2 => 'main',
  ),
)
[ info ] [ HEADER ] array (
  'cookie' => 'thinkphp_show_page_trace=0|0; thinkphp_show_page_trace=0|0; thinkphp_show_page_trace=0|0; thinkphp_show_page_trace=0|0; Phpstorm-221d8a55=3070f4be-a28e-4f38-8ced-98b71dc79863; PHPSESSID=3mf64ull9lsobhghr8qf3ev8tu; ariaDefaultTheme=undefined',
  'accept-language' => 'zh-CN,zh;q=0.9',
  'accept-encoding' => 'gzip, deflate, br',
  'referer' => 'http://localhost:5601/index.php/admin/index/main.html?module=goods',
  'sec-fetch-dest' => 'iframe',
  'sec-fetch-mode' => 'navigate',
  'sec-fetch-site' => 'same-origin',
  'accept' => 'text/html,application/xhtml+xml,application/xml;q=0.9,image/avif,image/webp,image/apng,*/*;q=0.8,application/signed-exchange;v=b3;q=0.9',
  'user-agent' => 'Mozilla/5.0 (Windows NT 10.0; Win64; x64) AppleWebKit/537.36 (KHTML, like Gecko) Chrome/99.0.4844.51 Safari/537.36',
  'upgrade-insecure-requests' => '1',
  'sec-ch-ua-platform' => '"Windows"',
  'sec-ch-ua-mobile' => '?0',
  'sec-ch-ua' => '" Not A;Brand";v="99", "Chromium";v="99", "Google Chrome";v="99"',
  'connection' => 'close',
  'host' => 'localhost:5601',
)
[ info ] [ PARAM ] array (
)
[ info ] [ RUN ] app\admin\controller\Index->main[ F:\project\pointsmall\application\admin\controller\Index.php ]
[ info ] [ SESSION ] INIT array (
  'id' => '',
  'var_session_id' => '',
  'prefix' => 'think',
  'type' => '',
  'auto_start' => true,
  'expire' => 18000,
)
[ info ] [ DB ] INIT mysql
[ info ] [ VIEW ] F:\project\pointsmall\public/../application/admin\view\index\main.html [ array (
  0 => 'list',
  1 => 'volist',
  2 => 'mod_list',
) ]
[ info ] [ LOG ] INIT File
[ sql ] [ DB ] CONNECT:[ UseTime:0.013868s ] mysql:host=172.16.2.244;port=3306;dbname=points-mall-test;charset=utf8mb4
[ sql ] [ SQL ] SHOW COLUMNS FROM `jsl_user` [ RunTime:0.004661s ]
[ sql ] [ SQL ] SELECT COUNT(*) AS tp_count FROM `jsl_user` WHERE  (  ID = 1 ) LIMIT 1 [ RunTime:0.002695s ]
[ sql ] [ SQL ] SHOW COLUMNS FROM `jsl_statis` [ RunTime:0.003300s ]
[ sql ] [ SQL ] SELECT COUNT(*) AS tp_count FROM `jsl_statis` WHERE  (  Uid = 1 ) LIMIT 1 [ RunTime:0.001661s ]
[ sql ] [ SQL ] UPDATE `jsl_statis`  SET `Dtime`='1648021032'  WHERE  (  Uid = 1 ) [ RunTime:0.002081s ]
[ sql ] [ SQL ] DELETE FROM `jsl_statis`    WHERE  `Dtime` < '1648020912' [ RunTime:0.001704s ]
[ sql ] [ SQL ] SHOW COLUMNS FROM `jsl_module` [ RunTime:0.002558s ]
[ sql ] [ SQL ] SELECT * FROM `jsl_module` WHERE  `Sid` = 0  AND `ID` IN (0)  AND `Status` = 0 ORDER BY `Msort` ASC [ RunTime:0.001695s ]
[ sql ] [ SQL ] SELECT * FROM `jsl_module` WHERE  (  Sid > 0 )  AND `Status` = 0 ORDER BY `Msort` ASC [ RunTime:0.001832s ]
[ sql ] [ SQL ] SHOW COLUMNS FROM `jsl_competence` [ RunTime:0.002526s ]
[ sql ] [ SQL ] SELECT * FROM `jsl_competence` WHERE  (  ID = '112' ) LIMIT 1 [ RunTime:0.001505s ]
[ sql ] [ SQL ] SELECT `ID` FROM `jsl_competence` WHERE  (  Sid = '' ) [ RunTime:0.012625s ]
[ sql ] [ SQL ] SELECT * FROM `jsl_competence` WHERE  (  ID = '107' ) LIMIT 1 [ RunTime:0.001730s ]
[ sql ] [ SQL ] SELECT `ID` FROM `jsl_competence` WHERE  (  Sid = '107' ) [ RunTime:0.001517s ]
[ sql ] [ SQL ] SELECT * FROM `jsl_competence` WHERE  (  ID = '113' ) LIMIT 1 [ RunTime:0.001532s ]
[ sql ] [ SQL ] SELECT `ID` FROM `jsl_competence` WHERE  (  Sid = '' ) [ RunTime:0.001201s ]
[ sql ] [ SQL ] SELECT * FROM `jsl_competence` WHERE  (  ID = '120' ) LIMIT 1 [ RunTime:0.001184s ]
[ sql ] [ SQL ] SELECT `ID` FROM `jsl_competence` WHERE  (  Sid = '' ) [ RunTime:0.001193s ]
[ sql ] [ SQL ] SELECT * FROM `jsl_competence` WHERE  (  ID = '364' ) LIMIT 1 [ RunTime:0.001191s ]
[ sql ] [ SQL ] SELECT `ID` FROM `jsl_competence` WHERE  (  Sid = '364' ) [ RunTime:0.001105s ]
[ sql ] [ SQL ] SELECT * FROM `jsl_competence` WHERE  (  ID = '126' ) LIMIT 1 [ RunTime:0.001339s ]
[ sql ] [ SQL ] SELECT `ID` FROM `jsl_competence` WHERE  (  Sid = '' ) [ RunTime:0.001371s ]
[ sql ] [ SQL ] SELECT * FROM `jsl_competence` WHERE  (  ID = '322' ) LIMIT 1 [ RunTime:0.001355s ]
[ sql ] [ SQL ] SELECT `ID` FROM `jsl_competence` WHERE  (  Sid = '' ) [ RunTime:0.001342s ]
[ sql ] [ SQL ] SELECT * FROM `jsl_competence` WHERE  (  ID = '1' ) LIMIT 1 [ RunTime:0.014736s ]
[ sql ] [ SQL ] SELECT `ID` FROM `jsl_competence` WHERE  (  Sid = '1' ) [ RunTime:0.004067s ]
[ sql ] [ SQL ] SELECT * FROM `jsl_competence` WHERE  (  ID = '354' ) LIMIT 1 [ RunTime:0.002796s ]
[ sql ] [ SQL ] SELECT `ID` FROM `jsl_competence` WHERE  (  Sid = '354' ) [ RunTime:0.001717s ]
[ sql ] [ SQL ] SELECT * FROM `jsl_competence` WHERE  (  ID = '362' ) LIMIT 1 [ RunTime:0.001726s ]
[ sql ] [ SQL ] SELECT `ID` FROM `jsl_competence` WHERE  (  Sid = '362' ) [ RunTime:0.003685s ]
[ sql ] [ SQL ] SELECT * FROM `jsl_competence` WHERE  (  ID = '311' ) LIMIT 1 [ RunTime:0.002509s ]
[ sql ] [ SQL ] SELECT `ID` FROM `jsl_competence` WHERE  (  Sid = '' ) [ RunTime:0.003688s ]
[ sql ] [ SQL ] SELECT * FROM `jsl_competence` WHERE  (  ID = '316' ) LIMIT 1 [ RunTime:0.001886s ]
[ sql ] [ SQL ] SELECT `ID` FROM `jsl_competence` WHERE  (  Sid = '' ) [ RunTime:0.002585s ]
[ sql ] [ SQL ] SELECT * FROM `jsl_competence` WHERE  (  ID = '44' ) LIMIT 1 [ RunTime:0.003794s ]
[ sql ] [ SQL ] SELECT `ID` FROM `jsl_competence` WHERE  (  Sid = '' ) [ RunTime:0.002881s ]
[ sql ] [ SQL ] SELECT * FROM `jsl_competence` WHERE  (  ID = '108' ) LIMIT 1 [ RunTime:0.002178s ]
[ sql ] [ SQL ] SELECT `ID` FROM `jsl_competence` WHERE  (  Sid = '108' ) [ RunTime:0.001839s ]
[ sql ] [ SQL ] SELECT * FROM `jsl_competence` WHERE  (  ID = '322' ) LIMIT 1 [ RunTime:0.002383s ]
[ sql ] [ SQL ] SELECT `ID` FROM `jsl_competence` WHERE  (  Sid = '' ) [ RunTime:0.003432s ]
[ sql ] [ SQL ] SELECT * FROM `jsl_competence` WHERE  (  ID = '11' ) LIMIT 1 [ RunTime:0.003141s ]
[ sql ] [ SQL ] SELECT `ID` FROM `jsl_competence` WHERE  (  Sid = '11' ) [ RunTime:0.003662s ]
[ sql ] [ SQL ] SELECT * FROM `jsl_competence` WHERE  (  ID = '44' ) LIMIT 1 [ RunTime:0.001808s ]
[ sql ] [ SQL ] SELECT `ID` FROM `jsl_competence` WHERE  (  Sid = '' ) [ RunTime:0.002756s ]
[ sql ] [ SQL ] SELECT * FROM `jsl_competence` WHERE  (  ID = '111' ) LIMIT 1 [ RunTime:0.002228s ]
[ sql ] [ SQL ] SELECT `ID` FROM `jsl_competence` WHERE  (  Sid = '111' ) [ RunTime:0.002933s ]
[ sql ] [ SQL ] SELECT * FROM `jsl_competence` WHERE  (  ID = '114' ) LIMIT 1 [ RunTime:0.001895s ]
[ sql ] [ SQL ] SELECT `ID` FROM `jsl_competence` WHERE  (  Sid = '' ) [ RunTime:0.003001s ]
[ sql ] [ SQL ] SELECT * FROM `jsl_competence` WHERE  (  ID = '59' ) LIMIT 1 [ RunTime:0.001972s ]
[ sql ] [ SQL ] SELECT `ID` FROM `jsl_competence` WHERE  (  Sid = '59' ) [ RunTime:0.001927s ]
[ sql ] [ SQL ] SELECT * FROM `jsl_competence` WHERE  (  ID = '323' ) LIMIT 1 [ RunTime:0.001652s ]
[ sql ] [ SQL ] SELECT `ID` FROM `jsl_competence` WHERE  (  Sid = '' ) [ RunTime:0.001529s ]
[ sql ] [ SQL ] SELECT * FROM `jsl_competence` WHERE  (  ID = '349' ) LIMIT 1 [ RunTime:0.001547s ]
[ sql ] [ SQL ] SELECT `ID` FROM `jsl_competence` WHERE  (  Sid = '349' ) [ RunTime:0.001599s ]
[ sql ] [ SQL ] SELECT * FROM `jsl_competence` WHERE  (  ID = '364' ) LIMIT 1 [ RunTime:0.001523s ]
[ sql ] [ SQL ] SELECT `ID` FROM `jsl_competence` WHERE  (  Sid = '364' ) [ RunTime:0.001379s ]
[ sql ] [ SQL ] SELECT * FROM `jsl_competence` WHERE  (  ID = '131' ) LIMIT 1 [ RunTime:0.001282s ]
[ sql ] [ SQL ] SELECT `ID` FROM `jsl_competence` WHERE  (  Sid = '' ) [ RunTime:0.001290s ]
[ sql ] [ SQL ] SELECT * FROM `jsl_competence` WHERE  (  ID = '364' ) LIMIT 1 [ RunTime:0.011485s ]
[ sql ] [ SQL ] SELECT `ID` FROM `jsl_competence` WHERE  (  Sid = '364' ) [ RunTime:0.001650s ]
[ sql ] [ SQL ] SELECT * FROM `jsl_competence` WHERE  (  ID = '354' ) LIMIT 1 [ RunTime:0.001301s ]
[ sql ] [ SQL ] SELECT `ID` FROM `jsl_competence` WHERE  (  Sid = '354' ) [ RunTime:0.001478s ]
[ sql ] [ SQL ] SELECT * FROM `jsl_competence` WHERE  (  ID = '109' ) LIMIT 1 [ RunTime:0.001374s ]
[ sql ] [ SQL ] SELECT `ID` FROM `jsl_competence` WHERE  (  Sid = '' ) [ RunTime:0.001491s ]
[ sql ] [ SQL ] SELECT COUNT(*) AS tp_count FROM `jsl_user` WHERE  (  ID = 1 ) LIMIT 1 [ RunTime:0.001483s ]
[ sql ] [ SQL ] SELECT COUNT(*) AS tp_count FROM `jsl_statis` WHERE  (  Uid = 1 ) LIMIT 1 [ RunTime:0.001401s ]
[ sql ] [ SQL ] UPDATE `jsl_statis`  SET `Dtime`='1648021032'  WHERE  (  Uid = 1 ) [ RunTime:0.001494s ]
[ sql ] [ SQL ] DELETE FROM `jsl_statis`    WHERE  `Dtime` < '1648020912' [ RunTime:0.001559s ]
[ sql ] [ SQL ] SELECT COUNT(*) AS tp_count FROM `jsl_user` WHERE  (  ID = 1 ) LIMIT 1 [ RunTime:0.001400s ]
[ sql ] [ SQL ] SELECT COUNT(*) AS tp_count FROM `jsl_statis` WHERE  (  Uid = 1 ) LIMIT 1 [ RunTime:0.001370s ]
[ sql ] [ SQL ] UPDATE `jsl_statis`  SET `Dtime`='1648021032'  WHERE  (  Uid = 1 ) [ RunTime:0.001362s ]
[ sql ] [ SQL ] DELETE FROM `jsl_statis`    WHERE  `Dtime` < '1648020912' [ RunTime:0.001305s ]
[ sql ] [ SQL ] SELECT COUNT(*) AS tp_count FROM `jsl_user` WHERE  (  ID = 1 ) LIMIT 1 [ RunTime:0.001201s ]
[ sql ] [ SQL ] SELECT COUNT(*) AS tp_count FROM `jsl_statis` WHERE  (  Uid = 1 ) LIMIT 1 [ RunTime:0.001263s ]
[ sql ] [ SQL ] UPDATE `jsl_statis`  SET `Dtime`='1648021032'  WHERE  (  Uid = 1 ) [ RunTime:0.001439s ]
[ sql ] [ SQL ] DELETE FROM `jsl_statis`    WHERE  `Dtime` < '1648020912' [ RunTime:0.001619s ]
[ error ] [8]未定义数组索引: [F:\project\pointsmall\application\admin\controller\Index.php:91]
[ error ] [8]未定义数组索引: id[F:\project\pointsmall\runtime\temp\9621c9c1e68b9b95a987015c655050b1.php:126]
[ error ] [8]未定义数组索引: id[F:\project\pointsmall\runtime\temp\9621c9c1e68b9b95a987015c655050b1.php:126]
[ error ] [8]未定义数组下标: 0[F:\project\pointsmall\runtime\temp\9621c9c1e68b9b95a987015c655050b1.php:172]
---------------------------------------------------------------
[ 2022-03-23T15:37:12+08:00 ] 0.0.0.0 GET localhost:5601/index.php/admin/index/main.html
[运行时间：0.200987s] [吞吐率：4.98req/s] [内存消耗：3,460.44kb] [文件加载：103]
[ info ] [ LANG ] F:\project\pointsmall\thinkphp\lang\zh-cn.php
[ info ] [ ROUTE ] array (
  'type' => 'module',
  'module' => 
  array (
    0 => 'admin',
    1 => 'index',
    2 => 'main',
  ),
)
[ info ] [ HEADER ] array (
  'cookie' => 'thinkphp_show_page_trace=0|0; thinkphp_show_page_trace=0|0; thinkphp_show_page_trace=0|0; thinkphp_show_page_trace=0|0; Phpstorm-221d8a55=3070f4be-a28e-4f38-8ced-98b71dc79863; PHPSESSID=3mf64ull9lsobhghr8qf3ev8tu; ariaDefaultTheme=undefined',
  'accept-language' => 'zh-CN,zh;q=0.9',
  'accept-encoding' => 'gzip, deflate, br',
  'referer' => 'http://localhost:5601/index.php/admin/index/main.html',
  'sec-fetch-dest' => 'iframe',
  'sec-fetch-mode' => 'navigate',
  'sec-fetch-site' => 'same-origin',
  'accept' => 'text/html,application/xhtml+xml,application/xml;q=0.9,image/avif,image/webp,image/apng,*/*;q=0.8,application/signed-exchange;v=b3;q=0.9',
  'user-agent' => 'Mozilla/5.0 (Windows NT 10.0; Win64; x64) AppleWebKit/537.36 (KHTML, like Gecko) Chrome/99.0.4844.51 Safari/537.36',
  'upgrade-insecure-requests' => '1',
  'sec-ch-ua-platform' => '"Windows"',
  'sec-ch-ua-mobile' => '?0',
  'sec-ch-ua' => '" Not A;Brand";v="99", "Chromium";v="99", "Google Chrome";v="99"',
  'connection' => 'close',
  'host' => 'localhost:5601',
)
[ info ] [ PARAM ] array (
)
[ info ] [ RUN ] app\admin\controller\Index->main[ F:\project\pointsmall\application\admin\controller\Index.php ]
[ info ] [ SESSION ] INIT array (
  'id' => '',
  'var_session_id' => '',
  'prefix' => 'think',
  'type' => '',
  'auto_start' => true,
  'expire' => 18000,
)
[ info ] [ DB ] INIT mysql
[ info ] [ VIEW ] F:\project\pointsmall\public/../application/admin\view\index\main.html [ array (
  0 => 'list',
  1 => 'volist',
  2 => 'mod_list',
) ]
[ info ] [ LOG ] INIT File
[ sql ] [ DB ] CONNECT:[ UseTime:0.023926s ] mysql:host=172.16.2.244;port=3306;dbname=points-mall-test;charset=utf8mb4
[ sql ] [ SQL ] SHOW COLUMNS FROM `jsl_user` [ RunTime:0.003915s ]
[ sql ] [ SQL ] SELECT COUNT(*) AS tp_count FROM `jsl_user` WHERE  (  ID = 1 ) LIMIT 1 [ RunTime:0.002306s ]
[ sql ] [ SQL ] SHOW COLUMNS FROM `jsl_statis` [ RunTime:0.002877s ]
[ sql ] [ SQL ] SELECT COUNT(*) AS tp_count FROM `jsl_statis` WHERE  (  Uid = 1 ) LIMIT 1 [ RunTime:0.001473s ]
[ sql ] [ SQL ] UPDATE `jsl_statis`  SET `Dtime`='1648021032'  WHERE  (  Uid = 1 ) [ RunTime:0.001472s ]
[ sql ] [ SQL ] DELETE FROM `jsl_statis`    WHERE  `Dtime` < '1648020912' [ RunTime:0.001380s ]
[ sql ] [ SQL ] SHOW COLUMNS FROM `jsl_module` [ RunTime:0.002346s ]
[ sql ] [ SQL ] SELECT * FROM `jsl_module` WHERE  `Sid` = 0  AND `ID` IN (0)  AND `Status` = 0 ORDER BY `Msort` ASC [ RunTime:0.001706s ]
[ sql ] [ SQL ] SELECT * FROM `jsl_module` WHERE  (  Sid > 0 )  AND `Status` = 0 ORDER BY `Msort` ASC [ RunTime:0.002074s ]
[ sql ] [ SQL ] SHOW COLUMNS FROM `jsl_competence` [ RunTime:0.002415s ]
[ sql ] [ SQL ] SELECT * FROM `jsl_competence` WHERE  (  ID = '112' ) LIMIT 1 [ RunTime:0.001368s ]
[ sql ] [ SQL ] SELECT `ID` FROM `jsl_competence` WHERE  (  Sid = '' ) [ RunTime:0.001325s ]
[ sql ] [ SQL ] SELECT * FROM `jsl_competence` WHERE  (  ID = '107' ) LIMIT 1 [ RunTime:0.001392s ]
[ sql ] [ SQL ] SELECT `ID` FROM `jsl_competence` WHERE  (  Sid = '107' ) [ RunTime:0.001170s ]
[ sql ] [ SQL ] SELECT * FROM `jsl_competence` WHERE  (  ID = '113' ) LIMIT 1 [ RunTime:0.001343s ]
[ sql ] [ SQL ] SELECT `ID` FROM `jsl_competence` WHERE  (  Sid = '' ) [ RunTime:0.001295s ]
[ sql ] [ SQL ] SELECT * FROM `jsl_competence` WHERE  (  ID = '120' ) LIMIT 1 [ RunTime:0.001312s ]
[ sql ] [ SQL ] SELECT `ID` FROM `jsl_competence` WHERE  (  Sid = '' ) [ RunTime:0.001328s ]
[ sql ] [ SQL ] SELECT * FROM `jsl_competence` WHERE  (  ID = '364' ) LIMIT 1 [ RunTime:0.001202s ]
[ sql ] [ SQL ] SELECT `ID` FROM `jsl_competence` WHERE  (  Sid = '364' ) [ RunTime:0.001286s ]
[ sql ] [ SQL ] SELECT * FROM `jsl_competence` WHERE  (  ID = '126' ) LIMIT 1 [ RunTime:0.001269s ]
[ sql ] [ SQL ] SELECT `ID` FROM `jsl_competence` WHERE  (  Sid = '' ) [ RunTime:0.001310s ]
[ sql ] [ SQL ] SELECT * FROM `jsl_competence` WHERE  (  ID = '322' ) LIMIT 1 [ RunTime:0.001224s ]
[ sql ] [ SQL ] SELECT `ID` FROM `jsl_competence` WHERE  (  Sid = '' ) [ RunTime:0.001274s ]
[ sql ] [ SQL ] SELECT * FROM `jsl_competence` WHERE  (  ID = '1' ) LIMIT 1 [ RunTime:0.001288s ]
[ sql ] [ SQL ] SELECT `ID` FROM `jsl_competence` WHERE  (  Sid = '1' ) [ RunTime:0.001344s ]
[ sql ] [ SQL ] SELECT * FROM `jsl_competence` WHERE  (  ID = '354' ) LIMIT 1 [ RunTime:0.001266s ]
[ sql ] [ SQL ] SELECT `ID` FROM `jsl_competence` WHERE  (  Sid = '354' ) [ RunTime:0.001292s ]
[ sql ] [ SQL ] SELECT * FROM `jsl_competence` WHERE  (  ID = '362' ) LIMIT 1 [ RunTime:0.001294s ]
[ sql ] [ SQL ] SELECT `ID` FROM `jsl_competence` WHERE  (  Sid = '362' ) [ RunTime:0.001289s ]
[ sql ] [ SQL ] SELECT * FROM `jsl_competence` WHERE  (  ID = '311' ) LIMIT 1 [ RunTime:0.001302s ]
[ sql ] [ SQL ] SELECT `ID` FROM `jsl_competence` WHERE  (  Sid = '' ) [ RunTime:0.001226s ]
[ sql ] [ SQL ] SELECT * FROM `jsl_competence` WHERE  (  ID = '316' ) LIMIT 1 [ RunTime:0.001262s ]
[ sql ] [ SQL ] SELECT `ID` FROM `jsl_competence` WHERE  (  Sid = '' ) [ RunTime:0.001415s ]
[ sql ] [ SQL ] SELECT * FROM `jsl_competence` WHERE  (  ID = '44' ) LIMIT 1 [ RunTime:0.001310s ]
[ sql ] [ SQL ] SELECT `ID` FROM `jsl_competence` WHERE  (  Sid = '' ) [ RunTime:0.001195s ]
[ sql ] [ SQL ] SELECT * FROM `jsl_competence` WHERE  (  ID = '108' ) LIMIT 1 [ RunTime:0.012162s ]
[ sql ] [ SQL ] SELECT `ID` FROM `jsl_competence` WHERE  (  Sid = '108' ) [ RunTime:0.001605s ]
[ sql ] [ SQL ] SELECT * FROM `jsl_competence` WHERE  (  ID = '322' ) LIMIT 1 [ RunTime:0.001652s ]
[ sql ] [ SQL ] SELECT `ID` FROM `jsl_competence` WHERE  (  Sid = '' ) [ RunTime:0.001627s ]
[ sql ] [ SQL ] SELECT * FROM `jsl_competence` WHERE  (  ID = '11' ) LIMIT 1 [ RunTime:0.001524s ]
[ sql ] [ SQL ] SELECT `ID` FROM `jsl_competence` WHERE  (  Sid = '11' ) [ RunTime:0.001552s ]
[ sql ] [ SQL ] SELECT * FROM `jsl_competence` WHERE  (  ID = '44' ) LIMIT 1 [ RunTime:0.001513s ]
[ sql ] [ SQL ] SELECT `ID` FROM `jsl_competence` WHERE  (  Sid = '' ) [ RunTime:0.001599s ]
[ sql ] [ SQL ] SELECT * FROM `jsl_competence` WHERE  (  ID = '111' ) LIMIT 1 [ RunTime:0.001593s ]
[ sql ] [ SQL ] SELECT `ID` FROM `jsl_competence` WHERE  (  Sid = '111' ) [ RunTime:0.001471s ]
[ sql ] [ SQL ] SELECT * FROM `jsl_competence` WHERE  (  ID = '114' ) LIMIT 1 [ RunTime:0.001318s ]
[ sql ] [ SQL ] SELECT `ID` FROM `jsl_competence` WHERE  (  Sid = '' ) [ RunTime:0.001306s ]
[ sql ] [ SQL ] SELECT * FROM `jsl_competence` WHERE  (  ID = '59' ) LIMIT 1 [ RunTime:0.001314s ]
[ sql ] [ SQL ] SELECT `ID` FROM `jsl_competence` WHERE  (  Sid = '59' ) [ RunTime:0.001456s ]
[ sql ] [ SQL ] SELECT * FROM `jsl_competence` WHERE  (  ID = '323' ) LIMIT 1 [ RunTime:0.011546s ]
[ sql ] [ SQL ] SELECT `ID` FROM `jsl_competence` WHERE  (  Sid = '' ) [ RunTime:0.001945s ]
[ sql ] [ SQL ] SELECT * FROM `jsl_competence` WHERE  (  ID = '349' ) LIMIT 1 [ RunTime:0.001632s ]
[ sql ] [ SQL ] SELECT `ID` FROM `jsl_competence` WHERE  (  Sid = '349' ) [ RunTime:0.001597s ]
[ sql ] [ SQL ] SELECT * FROM `jsl_competence` WHERE  (  ID = '364' ) LIMIT 1 [ RunTime:0.001521s ]
[ sql ] [ SQL ] SELECT `ID` FROM `jsl_competence` WHERE  (  Sid = '364' ) [ RunTime:0.001338s ]
[ sql ] [ SQL ] SELECT * FROM `jsl_competence` WHERE  (  ID = '131' ) LIMIT 1 [ RunTime:0.001388s ]
[ sql ] [ SQL ] SELECT `ID` FROM `jsl_competence` WHERE  (  Sid = '' ) [ RunTime:0.001347s ]
[ sql ] [ SQL ] SELECT * FROM `jsl_competence` WHERE  (  ID = '364' ) LIMIT 1 [ RunTime:0.001358s ]
[ sql ] [ SQL ] SELECT `ID` FROM `jsl_competence` WHERE  (  Sid = '364' ) [ RunTime:0.001317s ]
[ sql ] [ SQL ] SELECT * FROM `jsl_competence` WHERE  (  ID = '354' ) LIMIT 1 [ RunTime:0.001396s ]
[ sql ] [ SQL ] SELECT `ID` FROM `jsl_competence` WHERE  (  Sid = '354' ) [ RunTime:0.001363s ]
[ sql ] [ SQL ] SELECT * FROM `jsl_competence` WHERE  (  ID = '109' ) LIMIT 1 [ RunTime:0.001434s ]
[ sql ] [ SQL ] SELECT `ID` FROM `jsl_competence` WHERE  (  Sid = '' ) [ RunTime:0.001348s ]
[ sql ] [ SQL ] SELECT COUNT(*) AS tp_count FROM `jsl_user` WHERE  (  ID = 1 ) LIMIT 1 [ RunTime:0.001604s ]
[ sql ] [ SQL ] SELECT COUNT(*) AS tp_count FROM `jsl_statis` WHERE  (  Uid = 1 ) LIMIT 1 [ RunTime:0.001341s ]
[ sql ] [ SQL ] UPDATE `jsl_statis`  SET `Dtime`='1648021032'  WHERE  (  Uid = 1 ) [ RunTime:0.001598s ]
[ sql ] [ SQL ] DELETE FROM `jsl_statis`    WHERE  `Dtime` < '1648020912' [ RunTime:0.001582s ]
[ sql ] [ SQL ] SELECT COUNT(*) AS tp_count FROM `jsl_user` WHERE  (  ID = 1 ) LIMIT 1 [ RunTime:0.001465s ]
[ sql ] [ SQL ] SELECT COUNT(*) AS tp_count FROM `jsl_statis` WHERE  (  Uid = 1 ) LIMIT 1 [ RunTime:0.001908s ]
[ sql ] [ SQL ] UPDATE `jsl_statis`  SET `Dtime`='1648021032'  WHERE  (  Uid = 1 ) [ RunTime:0.001368s ]
[ sql ] [ SQL ] DELETE FROM `jsl_statis`    WHERE  `Dtime` < '1648020912' [ RunTime:0.013488s ]
[ sql ] [ SQL ] SELECT COUNT(*) AS tp_count FROM `jsl_user` WHERE  (  ID = 1 ) LIMIT 1 [ RunTime:0.001620s ]
[ sql ] [ SQL ] SELECT COUNT(*) AS tp_count FROM `jsl_statis` WHERE  (  Uid = 1 ) LIMIT 1 [ RunTime:0.001311s ]
[ sql ] [ SQL ] UPDATE `jsl_statis`  SET `Dtime`='1648021032'  WHERE  (  Uid = 1 ) [ RunTime:0.001636s ]
[ sql ] [ SQL ] DELETE FROM `jsl_statis`    WHERE  `Dtime` < '1648020912' [ RunTime:0.001389s ]
[ error ] [8]未定义数组索引: [F:\project\pointsmall\application\admin\controller\Index.php:91]
[ error ] [8]未定义数组索引: id[F:\project\pointsmall\runtime\temp\9621c9c1e68b9b95a987015c655050b1.php:126]
[ error ] [8]未定义数组索引: id[F:\project\pointsmall\runtime\temp\9621c9c1e68b9b95a987015c655050b1.php:126]
[ error ] [8]未定义数组下标: 0[F:\project\pointsmall\runtime\temp\9621c9c1e68b9b95a987015c655050b1.php:172]
---------------------------------------------------------------
[ 2022-03-23T15:37:22+08:00 ] 0.0.0.0 GET localhost:5601/index.php/admin/index/quit.html
[运行时间：0.051005s] [吞吐率：19.61req/s] [内存消耗：3,237.29kb] [文件加载：97]
[ info ] [ LANG ] F:\project\pointsmall\thinkphp\lang\zh-cn.php
[ info ] [ ROUTE ] array (
  'type' => 'module',
  'module' => 
  array (
    0 => 'admin',
    1 => 'index',
    2 => 'quit',
  ),
)
[ info ] [ HEADER ] array (
  'cookie' => 'thinkphp_show_page_trace=0|0; thinkphp_show_page_trace=0|0; thinkphp_show_page_trace=0|0; thinkphp_show_page_trace=0|0; Phpstorm-221d8a55=3070f4be-a28e-4f38-8ced-98b71dc79863; PHPSESSID=3mf64ull9lsobhghr8qf3ev8tu; ariaDefaultTheme=undefined',
  'accept-language' => 'zh-CN,zh;q=0.9',
  'accept-encoding' => 'gzip, deflate, br',
  'referer' => 'http://localhost:5601/index.php/admin/index/web.html',
  'sec-fetch-dest' => 'document',
  'sec-fetch-user' => '?1',
  'sec-fetch-mode' => 'navigate',
  'sec-fetch-site' => 'same-origin',
  'accept' => 'text/html,application/xhtml+xml,application/xml;q=0.9,image/avif,image/webp,image/apng,*/*;q=0.8,application/signed-exchange;v=b3;q=0.9',
  'user-agent' => 'Mozilla/5.0 (Windows NT 10.0; Win64; x64) AppleWebKit/537.36 (KHTML, like Gecko) Chrome/99.0.4844.51 Safari/537.36',
  'upgrade-insecure-requests' => '1',
  'sec-ch-ua-platform' => '"Windows"',
  'sec-ch-ua-mobile' => '?0',
  'sec-ch-ua' => '" Not A;Brand";v="99", "Chromium";v="99", "Google Chrome";v="99"',
  'connection' => 'close',
  'host' => 'localhost:5601',
)
[ info ] [ PARAM ] array (
)
[ info ] [ RUN ] app\admin\controller\Index->quit[ F:\project\pointsmall\application\admin\controller\Index.php ]
[ info ] [ DB ] INIT mysql
[ info ] [ SESSION ] INIT array (
  'id' => '',
  'var_session_id' => '',
  'prefix' => 'think',
  'type' => '',
  'auto_start' => true,
  'expire' => 18000,
)
[ info ] [ LOG ] INIT File
[ sql ] [ DB ] CONNECT:[ UseTime:0.014140s ] mysql:host=172.16.2.244;port=3306;dbname=points-mall-test;charset=utf8mb4
[ sql ] [ SQL ] SHOW COLUMNS FROM `jsl_statis` [ RunTime:0.003424s ]
[ sql ] [ SQL ] DELETE FROM `jsl_statis`    WHERE  `Uid` IS NULL [ RunTime:0.002218s ]
---------------------------------------------------------------
[ 2022-03-23T15:37:22+08:00 ] 0.0.0.0 GET localhost:5601/index.php/admin/index/index.html
[运行时间：0.022784s] [吞吐率：43.89req/s] [内存消耗：2,201.02kb] [文件加载：86]
[ info ] [ LANG ] F:\project\pointsmall\thinkphp\lang\zh-cn.php
[ info ] [ ROUTE ] array (
  'type' => 'module',
  'module' => 
  array (
    0 => 'admin',
    1 => 'index',
    2 => 'index',
  ),
)
[ info ] [ HEADER ] array (
  'cookie' => 'thinkphp_show_page_trace=0|0; thinkphp_show_page_trace=0|0; thinkphp_show_page_trace=0|0; thinkphp_show_page_trace=0|0; Phpstorm-221d8a55=3070f4be-a28e-4f38-8ced-98b71dc79863; PHPSESSID=3mf64ull9lsobhghr8qf3ev8tu; ariaDefaultTheme=undefined',
  'accept-language' => 'zh-CN,zh;q=0.9',
  'accept-encoding' => 'gzip, deflate, br',
  'referer' => 'http://localhost:5601/index.php/admin/index/web.html',
  'sec-ch-ua-platform' => '"Windows"',
  'sec-ch-ua-mobile' => '?0',
  'sec-ch-ua' => '" Not A;Brand";v="99", "Chromium";v="99", "Google Chrome";v="99"',
  'sec-fetch-dest' => 'document',
  'sec-fetch-user' => '?1',
  'sec-fetch-mode' => 'navigate',
  'sec-fetch-site' => 'same-origin',
  'accept' => 'text/html,application/xhtml+xml,application/xml;q=0.9,image/avif,image/webp,image/apng,*/*;q=0.8,application/signed-exchange;v=b3;q=0.9',
  'user-agent' => 'Mozilla/5.0 (Windows NT 10.0; Win64; x64) AppleWebKit/537.36 (KHTML, like Gecko) Chrome/99.0.4844.51 Safari/537.36',
  'upgrade-insecure-requests' => '1',
  'connection' => 'close',
  'host' => 'localhost:5601',
)
[ info ] [ PARAM ] array (
)
[ info ] [ RUN ] app\admin\controller\Index->index[ F:\project\pointsmall\application\admin\controller\Index.php ]
[ info ] [ VIEW ] F:\project\pointsmall\public/../application/admin\view\index\index.html [ array (
) ]
[ info ] [ LOG ] INIT File
---------------------------------------------------------------
[ 2022-03-23T15:37:23+08:00 ] 0.0.0.0 GET localhost:5601/index.php/captcha.html?0.383412190666498
[运行时间：0.808505s] [吞吐率：1.24req/s] [内存消耗：1,840.28kb] [文件加载：78]
[ info ] [ LANG ] F:\project\pointsmall\thinkphp\lang\zh-cn.php
[ info ] [ ROUTE ] array (
  'type' => 'method',
  'method' => 
  array (
    0 => '\\think\\captcha\\CaptchaController',
    1 => 'index',
  ),
  'var' => 
  array (
  ),
)
[ info ] [ HEADER ] array (
  'cookie' => 'thinkphp_show_page_trace=0|0; thinkphp_show_page_trace=0|0; Phpstorm-221d8a55=3070f4be-a28e-4f38-8ced-98b71dc79863; PHPSESSID=3mf64ull9lsobhghr8qf3ev8tu; ariaDefaultTheme=undefined',
  'accept-language' => 'zh-CN,zh;q=0.9',
  'accept-encoding' => 'gzip, deflate, br',
  'referer' => 'http://localhost:5601/index.php/admin/index/index.html',
  'sec-fetch-dest' => 'image',
  'sec-fetch-mode' => 'no-cors',
  'sec-fetch-site' => 'same-origin',
  'accept' => 'image/avif,image/webp,image/apng,image/svg+xml,image/*,*/*;q=0.8',
  'sec-ch-ua-platform' => '"Windows"',
  'user-agent' => 'Mozilla/5.0 (Windows NT 10.0; Win64; x64) AppleWebKit/537.36 (KHTML, like Gecko) Chrome/99.0.4844.51 Safari/537.36',
  'sec-ch-ua-mobile' => '?0',
  'sec-ch-ua' => '" Not A;Brand";v="99", "Chromium";v="99", "Google Chrome";v="99"',
  'connection' => 'close',
  'host' => 'localhost:5601',
)
[ info ] [ PARAM ] array (
  '0_383412190666498' => '',
  'id' => NULL,
)
[ info ] [ RUN ] think\captcha\CaptchaController->index[ F:\project\pointsmall\vendor\topthink\think-captcha\src\CaptchaController.php ]
[ info ] [ SESSION ] INIT array (
  'id' => '',
  'var_session_id' => '',
  'prefix' => 'think',
  'type' => '',
  'auto_start' => true,
  'expire' => 18000,
)
[ info ] [ LOG ] INIT File
---------------------------------------------------------------
[ 2022-03-23T15:37:33+08:00 ] 0.0.0.0 POST localhost:5601/index.php/admin/index/login.html
[运行时间：0.021458s] [吞吐率：46.60req/s] [内存消耗：2,204.81kb] [文件加载：86]
[ info ] [ LANG ] F:\project\pointsmall\thinkphp\lang\zh-cn.php
[ info ] [ ROUTE ] array (
  'type' => 'module',
  'module' => 
  array (
    0 => 'admin',
    1 => 'index',
    2 => 'login',
  ),
)
[ info ] [ HEADER ] array (
  'cookie' => 'thinkphp_show_page_trace=0|0; thinkphp_show_page_trace=0|0; thinkphp_show_page_trace=0|0; thinkphp_show_page_trace=0|0; Phpstorm-221d8a55=3070f4be-a28e-4f38-8ced-98b71dc79863; PHPSESSID=3mf64ull9lsobhghr8qf3ev8tu; ariaDefaultTheme=undefined',
  'accept-language' => 'zh-CN,zh;q=0.9',
  'accept-encoding' => 'gzip, deflate, br',
  'referer' => 'http://localhost:5601/index.php/admin/index/index.html',
  'sec-fetch-dest' => 'empty',
  'sec-fetch-mode' => 'cors',
  'sec-fetch-site' => 'same-origin',
  'origin' => 'http://localhost:5601',
  'sec-ch-ua-platform' => '"Windows"',
  'user-agent' => 'Mozilla/5.0 (Windows NT 10.0; Win64; x64) AppleWebKit/537.36 (KHTML, like Gecko) Chrome/99.0.4844.51 Safari/537.36',
  'sec-ch-ua-mobile' => '?0',
  'x-requested-with' => 'XMLHttpRequest',
  'content-type' => 'application/x-www-form-urlencoded; charset=UTF-8',
  'accept' => 'application/json, text/javascript, */*; q=0.01',
  'sec-ch-ua' => '" Not A;Brand";v="99", "Chromium";v="99", "Google Chrome";v="99"',
  'content-length' => '40',
  'connection' => 'close',
  'host' => 'localhost:5601',
)
[ info ] [ PARAM ] array (
  'username' => 'admin',
  'password' => '123456',
  'code' => 'vnbn',
)
[ info ] [ RUN ] app\admin\controller\Index->login[ F:\project\pointsmall\application\admin\controller\Index.php ]
[ info ] [ SESSION ] INIT array (
  'id' => '',
  'var_session_id' => '',
  'prefix' => 'think',
  'type' => '',
  'auto_start' => true,
  'expire' => 18000,
)
[ info ] [ LOG ] INIT File
---------------------------------------------------------------
[ 2022-03-23T15:37:33+08:00 ] 0.0.0.0 GET localhost:5601/index.php/captcha.html?0.4664614130400757
[运行时间：0.016438s] [吞吐率：60.83req/s] [内存消耗：1,840.44kb] [文件加载：78]
[ info ] [ LANG ] F:\project\pointsmall\thinkphp\lang\zh-cn.php
[ info ] [ ROUTE ] array (
  'type' => 'method',
  'method' => 
  array (
    0 => '\\think\\captcha\\CaptchaController',
    1 => 'index',
  ),
  'var' => 
  array (
  ),
)
[ info ] [ HEADER ] array (
  'cookie' => 'thinkphp_show_page_trace=0|0; thinkphp_show_page_trace=0|0; Phpstorm-221d8a55=3070f4be-a28e-4f38-8ced-98b71dc79863; PHPSESSID=3mf64ull9lsobhghr8qf3ev8tu; ariaDefaultTheme=undefined',
  'accept-language' => 'zh-CN,zh;q=0.9',
  'accept-encoding' => 'gzip, deflate, br',
  'referer' => 'http://localhost:5601/index.php/admin/index/index.html',
  'sec-fetch-dest' => 'image',
  'sec-fetch-mode' => 'no-cors',
  'sec-fetch-site' => 'same-origin',
  'accept' => 'image/avif,image/webp,image/apng,image/svg+xml,image/*,*/*;q=0.8',
  'sec-ch-ua-platform' => '"Windows"',
  'user-agent' => 'Mozilla/5.0 (Windows NT 10.0; Win64; x64) AppleWebKit/537.36 (KHTML, like Gecko) Chrome/99.0.4844.51 Safari/537.36',
  'sec-ch-ua-mobile' => '?0',
  'sec-ch-ua' => '" Not A;Brand";v="99", "Chromium";v="99", "Google Chrome";v="99"',
  'connection' => 'close',
  'host' => 'localhost:5601',
)
[ info ] [ PARAM ] array (
  '0_4664614130400757' => '',
  'id' => NULL,
)
[ info ] [ RUN ] think\captcha\CaptchaController->index[ F:\project\pointsmall\vendor\topthink\think-captcha\src\CaptchaController.php ]
[ info ] [ SESSION ] INIT array (
  'id' => '',
  'var_session_id' => '',
  'prefix' => 'think',
  'type' => '',
  'auto_start' => true,
  'expire' => 18000,
)
[ info ] [ LOG ] INIT File
---------------------------------------------------------------
[ 2022-03-23T15:37:37+08:00 ] 0.0.0.0 GET localhost:5601/index.php/captcha.html?0.44910972179353825
[运行时间：0.017555s] [吞吐率：56.96req/s] [内存消耗：1,840.44kb] [文件加载：78]
[ info ] [ LANG ] F:\project\pointsmall\thinkphp\lang\zh-cn.php
[ info ] [ ROUTE ] array (
  'type' => 'method',
  'method' => 
  array (
    0 => '\\think\\captcha\\CaptchaController',
    1 => 'index',
  ),
  'var' => 
  array (
  ),
)
[ info ] [ HEADER ] array (
  'cookie' => 'thinkphp_show_page_trace=0|0; thinkphp_show_page_trace=0|0; Phpstorm-221d8a55=3070f4be-a28e-4f38-8ced-98b71dc79863; PHPSESSID=3mf64ull9lsobhghr8qf3ev8tu; ariaDefaultTheme=undefined',
  'accept-language' => 'zh-CN,zh;q=0.9',
  'accept-encoding' => 'gzip, deflate, br',
  'referer' => 'http://localhost:5601/index.php/admin/index/index.html',
  'sec-fetch-dest' => 'image',
  'sec-fetch-mode' => 'no-cors',
  'sec-fetch-site' => 'same-origin',
  'accept' => 'image/avif,image/webp,image/apng,image/svg+xml,image/*,*/*;q=0.8',
  'sec-ch-ua-platform' => '"Windows"',
  'user-agent' => 'Mozilla/5.0 (Windows NT 10.0; Win64; x64) AppleWebKit/537.36 (KHTML, like Gecko) Chrome/99.0.4844.51 Safari/537.36',
  'sec-ch-ua-mobile' => '?0',
  'sec-ch-ua' => '" Not A;Brand";v="99", "Chromium";v="99", "Google Chrome";v="99"',
  'connection' => 'close',
  'host' => 'localhost:5601',
)
[ info ] [ PARAM ] array (
  '0_44910972179353825' => '',
  'id' => NULL,
)
[ info ] [ RUN ] think\captcha\CaptchaController->index[ F:\project\pointsmall\vendor\topthink\think-captcha\src\CaptchaController.php ]
[ info ] [ SESSION ] INIT array (
  'id' => '',
  'var_session_id' => '',
  'prefix' => 'think',
  'type' => '',
  'auto_start' => true,
  'expire' => 18000,
)
[ info ] [ LOG ] INIT File
---------------------------------------------------------------
[ 2022-03-23T15:37:43+08:00 ] 0.0.0.0 POST localhost:5601/index.php/admin/index/login.html
[运行时间：0.111783s] [吞吐率：8.95req/s] [内存消耗：3,325.18kb] [文件加载：99]
[ info ] [ LANG ] F:\project\pointsmall\thinkphp\lang\zh-cn.php
[ info ] [ ROUTE ] array (
  'type' => 'module',
  'module' => 
  array (
    0 => 'admin',
    1 => 'index',
    2 => 'login',
  ),
)
[ info ] [ HEADER ] array (
  'cookie' => 'thinkphp_show_page_trace=0|0; thinkphp_show_page_trace=0|0; thinkphp_show_page_trace=0|0; thinkphp_show_page_trace=0|0; Phpstorm-221d8a55=3070f4be-a28e-4f38-8ced-98b71dc79863; PHPSESSID=3mf64ull9lsobhghr8qf3ev8tu; ariaDefaultTheme=undefined',
  'accept-language' => 'zh-CN,zh;q=0.9',
  'accept-encoding' => 'gzip, deflate, br',
  'referer' => 'http://localhost:5601/index.php/admin/index/index.html',
  'sec-fetch-dest' => 'empty',
  'sec-fetch-mode' => 'cors',
  'sec-fetch-site' => 'same-origin',
  'origin' => 'http://localhost:5601',
  'sec-ch-ua-platform' => '"Windows"',
  'user-agent' => 'Mozilla/5.0 (Windows NT 10.0; Win64; x64) AppleWebKit/537.36 (KHTML, like Gecko) Chrome/99.0.4844.51 Safari/537.36',
  'sec-ch-ua-mobile' => '?0',
  'x-requested-with' => 'XMLHttpRequest',
  'content-type' => 'application/x-www-form-urlencoded; charset=UTF-8',
  'accept' => 'application/json, text/javascript, */*; q=0.01',
  'sec-ch-ua' => '" Not A;Brand";v="99", "Chromium";v="99", "Google Chrome";v="99"',
  'content-length' => '40',
  'connection' => 'close',
  'host' => 'localhost:5601',
)
[ info ] [ PARAM ] array (
  'username' => 'admin',
  'password' => '123456',
  'code' => 'zv7d',
)
[ info ] [ RUN ] app\admin\controller\Index->login[ F:\project\pointsmall\application\admin\controller\Index.php ]
[ info ] [ SESSION ] INIT array (
  'id' => '',
  'var_session_id' => '',
  'prefix' => 'think',
  'type' => '',
  'auto_start' => true,
  'expire' => 18000,
)
[ info ] [ DB ] INIT mysql
[ info ] [ LOG ] INIT File
[ sql ] [ DB ] CONNECT:[ UseTime:0.023054s ] mysql:host=172.16.2.244;port=3306;dbname=points-mall-test;charset=utf8mb4
[ sql ] [ SQL ] SHOW COLUMNS FROM `jsl_ip` [ RunTime:0.018800s ]
[ sql ] [ SQL ] SELECT * FROM `jsl_ip` WHERE  `Ip` = '0.0.0.0' LIMIT 1 [ RunTime:0.003798s ]
[ sql ] [ SQL ] SHOW COLUMNS FROM `jsl_user` [ RunTime:0.004071s ]
[ sql ] [ SQL ] SELECT COUNT(*) AS tp_count FROM `jsl_user` WHERE  `Username` = 'admin' LIMIT 1 [ RunTime:0.002351s ]
[ sql ] [ SQL ] SELECT COUNT(*) AS tp_count FROM `jsl_user` WHERE  `Username` = 'admin'  AND `Status` = 0 LIMIT 1 [ RunTime:0.002473s ]
[ sql ] [ SQL ] SELECT `ID`,`Username`,`Password`,`Roleid`,`Status`,`Competence`,`Loginarea`,`Logincount` FROM `jsl_user` WHERE  `Username` = 'admin'  AND `Status` = 0  AND `Password` = '10470c3b4b1fed12c3baac014be15fac67c6e815' LIMIT 1 [ RunTime:0.002413s ]
[ sql ] [ SQL ] SELECT * FROM `jsl_user` WHERE  `Username` = 'admin'  AND `Status` = 0  AND `Password` = '10470c3b4b1fed12c3baac014be15fac67c6e815' LIMIT 1 [ RunTime:0.002561s ]
[ sql ] [ SQL ] UPDATE `jsl_user`  SET `Loginarea`='IANA保留地址.',`Loginip`='0.0.0.0',`Logintime`='2022-03-23 15:37:43'  WHERE  (  ID = 1 ) [ RunTime:0.002434s ]
[ sql ] [ SQL ] UPDATE `jsl_user`  SET `Logincount`=`Logincount`+1  WHERE  (  ID = 1 ) [ RunTime:0.002120s ]
[ sql ] [ SQL ] SHOW COLUMNS FROM `jsl_loginlog` [ RunTime:0.003108s ]
[ sql ] [ SQL ] INSERT INTO `jsl_loginlog` (`Uid` , `User` , `Description` , `Area` , `Loginip` , `Dtime`) VALUES (1 , 'admin' , '<div class=\"de1\">登录成功</div>' , 'IANA保留地址.' , '0.0.0.0' , '2022-03-23 15:37:43') [ RunTime:0.002036s ]
[ sql ] [ SQL ] SELECT `ID` FROM `jsl_user` WHERE  (  leader_id = 1 ) [ RunTime:0.001842s ]
---------------------------------------------------------------
[ 2022-03-23T15:37:46+08:00 ] 0.0.0.0 GET localhost:5601/index.php/admin/index/web.html
[运行时间：0.335255s] [吞吐率：2.98req/s] [内存消耗：3,488.30kb] [文件加载：103]
[ info ] [ LANG ] F:\project\pointsmall\thinkphp\lang\zh-cn.php
[ info ] [ ROUTE ] array (
  'type' => 'module',
  'module' => 
  array (
    0 => 'admin',
    1 => 'index',
    2 => 'web',
  ),
)
[ info ] [ HEADER ] array (
  'cookie' => 'thinkphp_show_page_trace=0|0; thinkphp_show_page_trace=0|0; thinkphp_show_page_trace=0|0; thinkphp_show_page_trace=0|0; Phpstorm-221d8a55=3070f4be-a28e-4f38-8ced-98b71dc79863; PHPSESSID=3mf64ull9lsobhghr8qf3ev8tu; ariaDefaultTheme=undefined',
  'accept-language' => 'zh-CN,zh;q=0.9',
  'accept-encoding' => 'gzip, deflate, br',
  'referer' => 'http://localhost:5601/index.php/admin/index/index.html',
  'sec-fetch-dest' => 'document',
  'sec-fetch-user' => '?1',
  'sec-fetch-mode' => 'navigate',
  'sec-fetch-site' => 'same-origin',
  'accept' => 'text/html,application/xhtml+xml,application/xml;q=0.9,image/avif,image/webp,image/apng,*/*;q=0.8,application/signed-exchange;v=b3;q=0.9',
  'user-agent' => 'Mozilla/5.0 (Windows NT 10.0; Win64; x64) AppleWebKit/537.36 (KHTML, like Gecko) Chrome/99.0.4844.51 Safari/537.36',
  'upgrade-insecure-requests' => '1',
  'sec-ch-ua-platform' => '"Windows"',
  'sec-ch-ua-mobile' => '?0',
  'sec-ch-ua' => '" Not A;Brand";v="99", "Chromium";v="99", "Google Chrome";v="99"',
  'connection' => 'close',
  'host' => 'localhost:5601',
)
[ info ] [ PARAM ] array (
)
[ info ] [ RUN ] app\admin\controller\Index->web[ F:\project\pointsmall\application\admin\controller\Index.php ]
[ info ] [ SESSION ] INIT array (
  'id' => '',
  'var_session_id' => '',
  'prefix' => 'think',
  'type' => '',
  'auto_start' => true,
  'expire' => 18000,
)
[ info ] [ DB ] INIT mysql
[ info ] [ VIEW ] F:\project\pointsmall\public/../application/admin\view\index\web.html [ array (
  0 => 'list',
  1 => 'volist',
  2 => 'mod_list',
) ]
[ info ] [ LOG ] INIT File
[ sql ] [ DB ] CONNECT:[ UseTime:0.018764s ] mysql:host=172.16.2.244;port=3306;dbname=points-mall-test;charset=utf8mb4
[ sql ] [ SQL ] SHOW COLUMNS FROM `jsl_user` [ RunTime:0.006011s ]
[ sql ] [ SQL ] SELECT COUNT(*) AS tp_count FROM `jsl_user` WHERE  (  ID = 1 ) LIMIT 1 [ RunTime:0.002897s ]
[ sql ] [ SQL ] SHOW COLUMNS FROM `jsl_statis` [ RunTime:0.003359s ]
[ sql ] [ SQL ] SELECT COUNT(*) AS tp_count FROM `jsl_statis` WHERE  (  Uid = 1 ) LIMIT 1 [ RunTime:0.002269s ]
[ sql ] [ SQL ] UPDATE `jsl_statis`  SET `Dtime`='1648021065'  WHERE  (  Uid = 1 ) [ RunTime:0.003100s ]
[ sql ] [ SQL ] DELETE FROM `jsl_statis`    WHERE  `Dtime` < '1648020945' [ RunTime:0.002088s ]
[ sql ] [ SQL ] SHOW COLUMNS FROM `jsl_module` [ RunTime:0.003216s ]
[ sql ] [ SQL ] SELECT * FROM `jsl_module` WHERE  (  Sid = 0 ) ORDER BY `Msort` ASC [ RunTime:0.001746s ]
[ sql ] [ SQL ] SELECT * FROM `jsl_module` WHERE  (  Sid > 0 ) ORDER BY `Msort` ASC [ RunTime:0.001953s ]
[ sql ] [ SQL ] SHOW COLUMNS FROM `jsl_competence` [ RunTime:0.002790s ]
[ sql ] [ SQL ] SELECT * FROM `jsl_competence` WHERE  (  ID = '112' ) LIMIT 1 [ RunTime:0.001534s ]
[ sql ] [ SQL ] SELECT `ID` FROM `jsl_competence` WHERE  (  Sid = '' ) [ RunTime:0.001627s ]
[ sql ] [ SQL ] SELECT * FROM `jsl_competence` WHERE  (  ID = '107' ) LIMIT 1 [ RunTime:0.001426s ]
[ sql ] [ SQL ] SELECT `ID` FROM `jsl_competence` WHERE  (  Sid = '107' ) [ RunTime:0.001564s ]
[ sql ] [ SQL ] SELECT * FROM `jsl_competence` WHERE  (  ID = '113' ) LIMIT 1 [ RunTime:0.001452s ]
[ sql ] [ SQL ] SELECT `ID` FROM `jsl_competence` WHERE  (  Sid = '' ) [ RunTime:0.001545s ]
[ sql ] [ SQL ] SELECT * FROM `jsl_competence` WHERE  (  ID = '120' ) LIMIT 1 [ RunTime:0.001400s ]
[ sql ] [ SQL ] SELECT `ID` FROM `jsl_competence` WHERE  (  Sid = '' ) [ RunTime:0.001455s ]
[ sql ] [ SQL ] SELECT * FROM `jsl_competence` WHERE  (  ID = '364' ) LIMIT 1 [ RunTime:0.001403s ]
[ sql ] [ SQL ] SELECT `ID` FROM `jsl_competence` WHERE  (  Sid = '364' ) [ RunTime:0.001502s ]
[ sql ] [ SQL ] SELECT * FROM `jsl_competence` WHERE  (  ID = '126' ) LIMIT 1 [ RunTime:0.001491s ]
[ sql ] [ SQL ] SELECT `ID` FROM `jsl_competence` WHERE  (  Sid = '' ) [ RunTime:0.001657s ]
[ sql ] [ SQL ] SELECT * FROM `jsl_competence` WHERE  (  ID = '322' ) LIMIT 1 [ RunTime:0.001504s ]
[ sql ] [ SQL ] SELECT `ID` FROM `jsl_competence` WHERE  (  Sid = '' ) [ RunTime:0.001410s ]
[ sql ] [ SQL ] SELECT * FROM `jsl_competence` WHERE  (  ID = '1' ) LIMIT 1 [ RunTime:0.001499s ]
[ sql ] [ SQL ] SELECT `ID` FROM `jsl_competence` WHERE  (  Sid = '1' ) [ RunTime:0.001489s ]
[ sql ] [ SQL ] SELECT * FROM `jsl_competence` WHERE  (  ID = '354' ) LIMIT 1 [ RunTime:0.001397s ]
[ sql ] [ SQL ] SELECT `ID` FROM `jsl_competence` WHERE  (  Sid = '354' ) [ RunTime:0.001422s ]
[ sql ] [ SQL ] SELECT * FROM `jsl_competence` WHERE  (  ID = '362' ) LIMIT 1 [ RunTime:0.001511s ]
[ sql ] [ SQL ] SELECT `ID` FROM `jsl_competence` WHERE  (  Sid = '362' ) [ RunTime:0.001484s ]
[ sql ] [ SQL ] SELECT * FROM `jsl_competence` WHERE  (  ID = '311' ) LIMIT 1 [ RunTime:0.001519s ]
[ sql ] [ SQL ] SELECT `ID` FROM `jsl_competence` WHERE  (  Sid = '' ) [ RunTime:0.016404s ]
[ sql ] [ SQL ] SELECT * FROM `jsl_competence` WHERE  (  ID = '316' ) LIMIT 1 [ RunTime:0.002026s ]
[ sql ] [ SQL ] SELECT `ID` FROM `jsl_competence` WHERE  (  Sid = '' ) [ RunTime:0.002859s ]
[ sql ] [ SQL ] SELECT * FROM `jsl_competence` WHERE  (  ID = '44' ) LIMIT 1 [ RunTime:0.003657s ]
[ sql ] [ SQL ] SELECT `ID` FROM `jsl_competence` WHERE  (  Sid = '' ) [ RunTime:0.001993s ]
[ sql ] [ SQL ] SELECT * FROM `jsl_competence` WHERE  (  ID = '108' ) LIMIT 1 [ RunTime:0.002232s ]
[ sql ] [ SQL ] SELECT `ID` FROM `jsl_competence` WHERE  (  Sid = '108' ) [ RunTime:0.003041s ]
[ sql ] [ SQL ] SELECT * FROM `jsl_competence` WHERE  (  ID = '322' ) LIMIT 1 [ RunTime:0.003883s ]
[ sql ] [ SQL ] SELECT `ID` FROM `jsl_competence` WHERE  (  Sid = '' ) [ RunTime:0.003176s ]
[ sql ] [ SQL ] SELECT * FROM `jsl_competence` WHERE  (  ID = '11' ) LIMIT 1 [ RunTime:0.001932s ]
[ sql ] [ SQL ] SELECT `ID` FROM `jsl_competence` WHERE  (  Sid = '11' ) [ RunTime:0.003138s ]
[ sql ] [ SQL ] SELECT * FROM `jsl_competence` WHERE  (  ID = '44' ) LIMIT 1 [ RunTime:0.001908s ]
[ sql ] [ SQL ] SELECT `ID` FROM `jsl_competence` WHERE  (  Sid = '' ) [ RunTime:0.001778s ]
[ sql ] [ SQL ] SELECT * FROM `jsl_competence` WHERE  (  ID = '111' ) LIMIT 1 [ RunTime:0.003810s ]
[ sql ] [ SQL ] SELECT `ID` FROM `jsl_competence` WHERE  (  Sid = '111' ) [ RunTime:0.002112s ]
[ sql ] [ SQL ] SELECT * FROM `jsl_competence` WHERE  (  ID = '114' ) LIMIT 1 [ RunTime:0.003949s ]
[ sql ] [ SQL ] SELECT `ID` FROM `jsl_competence` WHERE  (  Sid = '' ) [ RunTime:0.003233s ]
[ sql ] [ SQL ] SELECT * FROM `jsl_competence` WHERE  (  ID = '59' ) LIMIT 1 [ RunTime:0.004077s ]
[ sql ] [ SQL ] SELECT `ID` FROM `jsl_competence` WHERE  (  Sid = '59' ) [ RunTime:0.002125s ]
[ sql ] [ SQL ] SELECT * FROM `jsl_competence` WHERE  (  ID = '323' ) LIMIT 1 [ RunTime:0.003652s ]
[ sql ] [ SQL ] SELECT `ID` FROM `jsl_competence` WHERE  (  Sid = '' ) [ RunTime:0.003753s ]
[ sql ] [ SQL ] SELECT * FROM `jsl_competence` WHERE  (  ID = '349' ) LIMIT 1 [ RunTime:0.004026s ]
[ sql ] [ SQL ] SELECT `ID` FROM `jsl_competence` WHERE  (  Sid = '349' ) [ RunTime:0.003307s ]
[ sql ] [ SQL ] SELECT * FROM `jsl_competence` WHERE  (  ID = '364' ) LIMIT 1 [ RunTime:0.001990s ]
[ sql ] [ SQL ] SELECT `ID` FROM `jsl_competence` WHERE  (  Sid = '364' ) [ RunTime:0.001902s ]
[ sql ] [ SQL ] SELECT * FROM `jsl_competence` WHERE  (  ID = '131' ) LIMIT 1 [ RunTime:0.002888s ]
[ sql ] [ SQL ] SELECT `ID` FROM `jsl_competence` WHERE  (  Sid = '' ) [ RunTime:0.003061s ]
[ sql ] [ SQL ] SELECT * FROM `jsl_competence` WHERE  (  ID = '278' ) LIMIT 1 [ RunTime:0.003214s ]
[ sql ] [ SQL ] SELECT `ID` FROM `jsl_competence` WHERE  (  Sid = '' ) [ RunTime:0.002080s ]
[ sql ] [ SQL ] SELECT * FROM `jsl_competence` WHERE  (  ID = '364' ) LIMIT 1 [ RunTime:0.001922s ]
[ sql ] [ SQL ] SELECT `ID` FROM `jsl_competence` WHERE  (  Sid = '364' ) [ RunTime:0.001820s ]
[ sql ] [ SQL ] SELECT * FROM `jsl_competence` WHERE  (  ID = '354' ) LIMIT 1 [ RunTime:0.001760s ]
[ sql ] [ SQL ] SELECT `ID` FROM `jsl_competence` WHERE  (  Sid = '354' ) [ RunTime:0.002601s ]
[ sql ] [ SQL ] SELECT * FROM `jsl_competence` WHERE  (  ID = '109' ) LIMIT 1 [ RunTime:0.003107s ]
[ sql ] [ SQL ] SELECT `ID` FROM `jsl_competence` WHERE  (  Sid = '' ) [ RunTime:0.001948s ]
[ sql ] [ SQL ] SELECT `ID` FROM `jsl_module` WHERE  (  Sid = '29' ) [ RunTime:0.002183s ]
[ sql ] [ SQL ] SELECT `ID` FROM `jsl_module` WHERE  (  Sid = '112' ) [ RunTime:0.002935s ]
[ sql ] [ SQL ] SELECT `ID` FROM `jsl_module` WHERE  (  Sid = '1' ) [ RunTime:0.003629s ]
[ sql ] [ SQL ] SELECT `ID` FROM `jsl_module` WHERE  (  Sid = '2' ) [ RunTime:0.003329s ]
[ sql ] [ SQL ] SELECT `ID` FROM `jsl_module` WHERE  (  Sid = '3' ) [ RunTime:0.002281s ]
[ sql ] [ SQL ] SELECT `ID` FROM `jsl_module` WHERE  (  Sid = '62' ) [ RunTime:0.001873s ]
[ sql ] [ SQL ] SELECT `ID` FROM `jsl_module` WHERE  (  Sid = '137' ) [ RunTime:0.002756s ]
[ sql ] [ SQL ] SELECT `ID` FROM `jsl_module` WHERE  (  Sid = '141' ) [ RunTime:0.002769s ]
[ sql ] [ SQL ] SELECT `ID` FROM `jsl_module` WHERE  (  Sid = '144' ) [ RunTime:0.002083s ]
[ sql ] [ SQL ] SELECT `ID` FROM `jsl_module` WHERE  (  Sid = '64' ) [ RunTime:0.003948s ]
[ sql ] [ SQL ] SELECT `ID` FROM `jsl_module` WHERE  (  Sid = '75' ) [ RunTime:0.002058s ]
[ sql ] [ SQL ] SELECT COUNT(*) AS tp_count FROM `jsl_user` WHERE  (  ID = 1 ) LIMIT 1 [ RunTime:0.002935s ]
[ sql ] [ SQL ] SELECT COUNT(*) AS tp_count FROM `jsl_statis` WHERE  (  Uid = 1 ) LIMIT 1 [ RunTime:0.003810s ]
[ sql ] [ SQL ] UPDATE `jsl_statis`  SET `Dtime`='1648021066'  WHERE  (  Uid = 1 ) [ RunTime:0.003612s ]
[ sql ] [ SQL ] DELETE FROM `jsl_statis`    WHERE  `Dtime` < '1648020946' [ RunTime:0.001883s ]
[ sql ] [ SQL ] SELECT COUNT(*) AS tp_count FROM `jsl_user` WHERE  (  ID = 1 ) LIMIT 1 [ RunTime:0.001755s ]
[ sql ] [ SQL ] SELECT COUNT(*) AS tp_count FROM `jsl_statis` WHERE  (  Uid = 1 ) LIMIT 1 [ RunTime:0.002753s ]
[ sql ] [ SQL ] UPDATE `jsl_statis`  SET `Dtime`='1648021066'  WHERE  (  Uid = 1 ) [ RunTime:0.003818s ]
[ sql ] [ SQL ] DELETE FROM `jsl_statis`    WHERE  `Dtime` < '1648020946' [ RunTime:0.003999s ]
[ sql ] [ SQL ] SELECT COUNT(*) AS tp_count FROM `jsl_user` WHERE  (  ID = 1 ) LIMIT 1 [ RunTime:0.016996s ]
[ sql ] [ SQL ] SELECT COUNT(*) AS tp_count FROM `jsl_statis` WHERE  (  Uid = 1 ) LIMIT 1 [ RunTime:0.002069s ]
[ sql ] [ SQL ] UPDATE `jsl_statis`  SET `Dtime`='1648021066'  WHERE  (  Uid = 1 ) [ RunTime:0.002024s ]
[ sql ] [ SQL ] DELETE FROM `jsl_statis`    WHERE  `Dtime` < '1648020946' [ RunTime:0.001775s ]
[ error ] [8]未定义数组索引: id[F:\project\pointsmall\runtime\temp\cb1875549a15ea697c1a55e0379ea363.php:76]
[ error ] [8]未定义数组索引: id[F:\project\pointsmall\runtime\temp\cb1875549a15ea697c1a55e0379ea363.php:76]
[ error ] [8]未定义数组索引: id[F:\project\pointsmall\runtime\temp\cb1875549a15ea697c1a55e0379ea363.php:76]
---------------------------------------------------------------
[ 2022-03-23T15:37:47+08:00 ] 0.0.0.0 GET localhost:5601/index.php/admin/index/main.html?module=goods
[运行时间：0.212734s] [吞吐率：4.70req/s] [内存消耗：3,476.77kb] [文件加载：103]
[ info ] [ LANG ] F:\project\pointsmall\thinkphp\lang\zh-cn.php
[ info ] [ ROUTE ] array (
  'type' => 'module',
  'module' => 
  array (
    0 => 'admin',
    1 => 'index',
    2 => 'main',
  ),
)
[ info ] [ HEADER ] array (
  'cookie' => 'thinkphp_show_page_trace=0|0; thinkphp_show_page_trace=0|0; thinkphp_show_page_trace=0|0; thinkphp_show_page_trace=0|0; Phpstorm-221d8a55=3070f4be-a28e-4f38-8ced-98b71dc79863; PHPSESSID=3mf64ull9lsobhghr8qf3ev8tu; ariaDefaultTheme=undefined',
  'accept-language' => 'zh-CN,zh;q=0.9',
  'accept-encoding' => 'gzip, deflate, br',
  'referer' => 'http://localhost:5601/index.php/admin/index/web.html',
  'sec-fetch-dest' => 'document',
  'sec-fetch-user' => '?1',
  'sec-fetch-mode' => 'navigate',
  'sec-fetch-site' => 'same-origin',
  'accept' => 'text/html,application/xhtml+xml,application/xml;q=0.9,image/avif,image/webp,image/apng,*/*;q=0.8,application/signed-exchange;v=b3;q=0.9',
  'user-agent' => 'Mozilla/5.0 (Windows NT 10.0; Win64; x64) AppleWebKit/537.36 (KHTML, like Gecko) Chrome/99.0.4844.51 Safari/537.36',
  'upgrade-insecure-requests' => '1',
  'sec-ch-ua-platform' => '"Windows"',
  'sec-ch-ua-mobile' => '?0',
  'sec-ch-ua' => '" Not A;Brand";v="99", "Chromium";v="99", "Google Chrome";v="99"',
  'connection' => 'close',
  'host' => 'localhost:5601',
)
[ info ] [ PARAM ] array (
  'module' => 'goods',
)
[ info ] [ RUN ] app\admin\controller\Index->main[ F:\project\pointsmall\application\admin\controller\Index.php ]
[ info ] [ SESSION ] INIT array (
  'id' => '',
  'var_session_id' => '',
  'prefix' => 'think',
  'type' => '',
  'auto_start' => true,
  'expire' => 18000,
)
[ info ] [ DB ] INIT mysql
[ info ] [ VIEW ] F:\project\pointsmall\public/../application/admin\view\index\main.html [ array (
  0 => 'list',
  1 => 'volist',
  2 => 'mod_list',
) ]
[ info ] [ LOG ] INIT File
[ sql ] [ DB ] CONNECT:[ UseTime:0.028200s ] mysql:host=172.16.2.244;port=3306;dbname=points-mall-test;charset=utf8mb4
[ sql ] [ SQL ] SHOW COLUMNS FROM `jsl_user` [ RunTime:0.006763s ]
[ sql ] [ SQL ] SELECT COUNT(*) AS tp_count FROM `jsl_user` WHERE  (  ID = 1 ) LIMIT 1 [ RunTime:0.003434s ]
[ sql ] [ SQL ] SHOW COLUMNS FROM `jsl_statis` [ RunTime:0.005069s ]
[ sql ] [ SQL ] SELECT COUNT(*) AS tp_count FROM `jsl_statis` WHERE  (  Uid = 1 ) LIMIT 1 [ RunTime:0.002805s ]
[ sql ] [ SQL ] UPDATE `jsl_statis`  SET `Dtime`='1648021067'  WHERE  (  Uid = 1 ) [ RunTime:0.003337s ]
[ sql ] [ SQL ] DELETE FROM `jsl_statis`    WHERE  `Dtime` < '1648020947' [ RunTime:0.001741s ]
[ sql ] [ SQL ] SHOW COLUMNS FROM `jsl_module` [ RunTime:0.002916s ]
[ sql ] [ SQL ] SELECT * FROM `jsl_module` WHERE  `Sid` = 0  AND `ID` IN (112,137,141)  AND `Status` = 0 ORDER BY `Msort` ASC [ RunTime:0.002186s ]
[ sql ] [ SQL ] SELECT * FROM `jsl_module` WHERE  (  Sid > 0 )  AND `Status` = 0 ORDER BY `Msort` ASC [ RunTime:0.002255s ]
[ sql ] [ SQL ] SHOW COLUMNS FROM `jsl_competence` [ RunTime:0.003091s ]
[ sql ] [ SQL ] SELECT * FROM `jsl_competence` WHERE  (  ID = '112' ) LIMIT 1 [ RunTime:0.001676s ]
[ sql ] [ SQL ] SELECT `ID` FROM `jsl_competence` WHERE  (  Sid = '' ) [ RunTime:0.001528s ]
[ sql ] [ SQL ] SELECT * FROM `jsl_competence` WHERE  (  ID = '107' ) LIMIT 1 [ RunTime:0.001443s ]
[ sql ] [ SQL ] SELECT `ID` FROM `jsl_competence` WHERE  (  Sid = '107' ) [ RunTime:0.001404s ]
[ sql ] [ SQL ] SELECT * FROM `jsl_competence` WHERE  (  ID = '113' ) LIMIT 1 [ RunTime:0.001169s ]
[ sql ] [ SQL ] SELECT `ID` FROM `jsl_competence` WHERE  (  Sid = '' ) [ RunTime:0.013685s ]
[ sql ] [ SQL ] SELECT * FROM `jsl_competence` WHERE  (  ID = '120' ) LIMIT 1 [ RunTime:0.002032s ]
[ sql ] [ SQL ] SELECT `ID` FROM `jsl_competence` WHERE  (  Sid = '' ) [ RunTime:0.001865s ]
[ sql ] [ SQL ] SELECT * FROM `jsl_competence` WHERE  (  ID = '364' ) LIMIT 1 [ RunTime:0.001766s ]
[ sql ] [ SQL ] SELECT `ID` FROM `jsl_competence` WHERE  (  Sid = '364' ) [ RunTime:0.001784s ]
[ sql ] [ SQL ] SELECT * FROM `jsl_competence` WHERE  (  ID = '126' ) LIMIT 1 [ RunTime:0.001874s ]
[ sql ] [ SQL ] SELECT `ID` FROM `jsl_competence` WHERE  (  Sid = '' ) [ RunTime:0.001826s ]
[ sql ] [ SQL ] SELECT * FROM `jsl_competence` WHERE  (  ID = '322' ) LIMIT 1 [ RunTime:0.001619s ]
[ sql ] [ SQL ] SELECT `ID` FROM `jsl_competence` WHERE  (  Sid = '' ) [ RunTime:0.001632s ]
[ sql ] [ SQL ] SELECT * FROM `jsl_competence` WHERE  (  ID = '1' ) LIMIT 1 [ RunTime:0.001432s ]
[ sql ] [ SQL ] SELECT `ID` FROM `jsl_competence` WHERE  (  Sid = '1' ) [ RunTime:0.001468s ]
[ sql ] [ SQL ] SELECT * FROM `jsl_competence` WHERE  (  ID = '354' ) LIMIT 1 [ RunTime:0.001310s ]
[ sql ] [ SQL ] SELECT `ID` FROM `jsl_competence` WHERE  (  Sid = '354' ) [ RunTime:0.001311s ]
[ sql ] [ SQL ] SELECT * FROM `jsl_competence` WHERE  (  ID = '362' ) LIMIT 1 [ RunTime:0.001451s ]
[ sql ] [ SQL ] SELECT `ID` FROM `jsl_competence` WHERE  (  Sid = '362' ) [ RunTime:0.001745s ]
[ sql ] [ SQL ] SELECT * FROM `jsl_competence` WHERE  (  ID = '311' ) LIMIT 1 [ RunTime:0.001529s ]
[ sql ] [ SQL ] SELECT `ID` FROM `jsl_competence` WHERE  (  Sid = '' ) [ RunTime:0.001560s ]
[ sql ] [ SQL ] SELECT * FROM `jsl_competence` WHERE  (  ID = '316' ) LIMIT 1 [ RunTime:0.001591s ]
[ sql ] [ SQL ] SELECT `ID` FROM `jsl_competence` WHERE  (  Sid = '' ) [ RunTime:0.001361s ]
[ sql ] [ SQL ] SELECT * FROM `jsl_competence` WHERE  (  ID = '44' ) LIMIT 1 [ RunTime:0.001270s ]
[ sql ] [ SQL ] SELECT `ID` FROM `jsl_competence` WHERE  (  Sid = '' ) [ RunTime:0.001599s ]
[ sql ] [ SQL ] SELECT * FROM `jsl_competence` WHERE  (  ID = '108' ) LIMIT 1 [ RunTime:0.001499s ]
[ sql ] [ SQL ] SELECT `ID` FROM `jsl_competence` WHERE  (  Sid = '108' ) [ RunTime:0.001501s ]
[ sql ] [ SQL ] SELECT * FROM `jsl_competence` WHERE  (  ID = '322' ) LIMIT 1 [ RunTime:0.001581s ]
[ sql ] [ SQL ] SELECT `ID` FROM `jsl_competence` WHERE  (  Sid = '' ) [ RunTime:0.001567s ]
[ sql ] [ SQL ] SELECT * FROM `jsl_competence` WHERE  (  ID = '11' ) LIMIT 1 [ RunTime:0.001566s ]
[ sql ] [ SQL ] SELECT `ID` FROM `jsl_competence` WHERE  (  Sid = '11' ) [ RunTime:0.001611s ]
[ sql ] [ SQL ] SELECT * FROM `jsl_competence` WHERE  (  ID = '44' ) LIMIT 1 [ RunTime:0.001442s ]
[ sql ] [ SQL ] SELECT `ID` FROM `jsl_competence` WHERE  (  Sid = '' ) [ RunTime:0.001518s ]
[ sql ] [ SQL ] SELECT * FROM `jsl_competence` WHERE  (  ID = '111' ) LIMIT 1 [ RunTime:0.001556s ]
[ sql ] [ SQL ] SELECT `ID` FROM `jsl_competence` WHERE  (  Sid = '111' ) [ RunTime:0.001594s ]
[ sql ] [ SQL ] SELECT * FROM `jsl_competence` WHERE  (  ID = '114' ) LIMIT 1 [ RunTime:0.001536s ]
[ sql ] [ SQL ] SELECT `ID` FROM `jsl_competence` WHERE  (  Sid = '' ) [ RunTime:0.001428s ]
[ sql ] [ SQL ] SELECT * FROM `jsl_competence` WHERE  (  ID = '59' ) LIMIT 1 [ RunTime:0.001646s ]
[ sql ] [ SQL ] SELECT `ID` FROM `jsl_competence` WHERE  (  Sid = '59' ) [ RunTime:0.001627s ]
[ sql ] [ SQL ] SELECT * FROM `jsl_competence` WHERE  (  ID = '323' ) LIMIT 1 [ RunTime:0.001417s ]
[ sql ] [ SQL ] SELECT `ID` FROM `jsl_competence` WHERE  (  Sid = '' ) [ RunTime:0.001575s ]
[ sql ] [ SQL ] SELECT * FROM `jsl_competence` WHERE  (  ID = '349' ) LIMIT 1 [ RunTime:0.001535s ]
[ sql ] [ SQL ] SELECT `ID` FROM `jsl_competence` WHERE  (  Sid = '349' ) [ RunTime:0.001479s ]
[ sql ] [ SQL ] SELECT * FROM `jsl_competence` WHERE  (  ID = '364' ) LIMIT 1 [ RunTime:0.001489s ]
[ sql ] [ SQL ] SELECT `ID` FROM `jsl_competence` WHERE  (  Sid = '364' ) [ RunTime:0.001381s ]
[ sql ] [ SQL ] SELECT * FROM `jsl_competence` WHERE  (  ID = '131' ) LIMIT 1 [ RunTime:0.001434s ]
[ sql ] [ SQL ] SELECT `ID` FROM `jsl_competence` WHERE  (  Sid = '' ) [ RunTime:0.001558s ]
[ sql ] [ SQL ] SELECT * FROM `jsl_competence` WHERE  (  ID = '364' ) LIMIT 1 [ RunTime:0.001863s ]
[ sql ] [ SQL ] SELECT `ID` FROM `jsl_competence` WHERE  (  Sid = '364' ) [ RunTime:0.001621s ]
[ sql ] [ SQL ] SELECT * FROM `jsl_competence` WHERE  (  ID = '354' ) LIMIT 1 [ RunTime:0.001752s ]
[ sql ] [ SQL ] SELECT `ID` FROM `jsl_competence` WHERE  (  Sid = '354' ) [ RunTime:0.001483s ]
[ sql ] [ SQL ] SELECT * FROM `jsl_competence` WHERE  (  ID = '109' ) LIMIT 1 [ RunTime:0.001615s ]
[ sql ] [ SQL ] SELECT `ID` FROM `jsl_competence` WHERE  (  Sid = '' ) [ RunTime:0.001595s ]
[ sql ] [ SQL ] SELECT `ID` FROM `jsl_module` WHERE  (  Sid = '112' ) [ RunTime:0.001444s ]
[ sql ] [ SQL ] SELECT `ID` FROM `jsl_module` WHERE  (  Sid = '137' ) [ RunTime:0.001575s ]
[ sql ] [ SQL ] SELECT `ID` FROM `jsl_module` WHERE  (  Sid = '141' ) [ RunTime:0.001546s ]
[ sql ] [ SQL ] SELECT COUNT(*) AS tp_count FROM `jsl_user` WHERE  (  ID = 1 ) LIMIT 1 [ RunTime:0.001633s ]
[ sql ] [ SQL ] SELECT COUNT(*) AS tp_count FROM `jsl_statis` WHERE  (  Uid = 1 ) LIMIT 1 [ RunTime:0.001491s ]
[ sql ] [ SQL ] UPDATE `jsl_statis`  SET `Dtime`='1648021067'  WHERE  (  Uid = 1 ) [ RunTime:0.001481s ]
[ sql ] [ SQL ] DELETE FROM `jsl_statis`    WHERE  `Dtime` < '1648020947' [ RunTime:0.001596s ]
[ sql ] [ SQL ] SELECT COUNT(*) AS tp_count FROM `jsl_user` WHERE  (  ID = 1 ) LIMIT 1 [ RunTime:0.001519s ]
[ sql ] [ SQL ] SELECT COUNT(*) AS tp_count FROM `jsl_statis` WHERE  (  Uid = 1 ) LIMIT 1 [ RunTime:0.001404s ]
[ sql ] [ SQL ] UPDATE `jsl_statis`  SET `Dtime`='1648021067'  WHERE  (  Uid = 1 ) [ RunTime:0.001575s ]
[ sql ] [ SQL ] DELETE FROM `jsl_statis`    WHERE  `Dtime` < '1648020947' [ RunTime:0.001493s ]
[ sql ] [ SQL ] SELECT COUNT(*) AS tp_count FROM `jsl_user` WHERE  (  ID = 1 ) LIMIT 1 [ RunTime:0.001400s ]
[ sql ] [ SQL ] SELECT COUNT(*) AS tp_count FROM `jsl_statis` WHERE  (  Uid = 1 ) LIMIT 1 [ RunTime:0.001531s ]
[ sql ] [ SQL ] UPDATE `jsl_statis`  SET `Dtime`='1648021067'  WHERE  (  Uid = 1 ) [ RunTime:0.001578s ]
[ sql ] [ SQL ] DELETE FROM `jsl_statis`    WHERE  `Dtime` < '1648020947' [ RunTime:0.001504s ]
[ error ] [8]未定义数组索引: id[F:\project\pointsmall\runtime\temp\9621c9c1e68b9b95a987015c655050b1.php:126]
[ error ] [8]未定义数组索引: id[F:\project\pointsmall\runtime\temp\9621c9c1e68b9b95a987015c655050b1.php:126]
[ error ] [8]未定义数组索引: id[F:\project\pointsmall\runtime\temp\9621c9c1e68b9b95a987015c655050b1.php:126]
---------------------------------------------------------------
[ 2022-03-23T15:37:47+08:00 ] 0.0.0.0 GET localhost:5601/index.php/admin/goods/tree.html
[运行时间：0.087570s] [吞吐率：11.42req/s] [内存消耗：3,351.05kb] [文件加载：98]
[ info ] [ LANG ] F:\project\pointsmall\thinkphp\lang\zh-cn.php
[ info ] [ ROUTE ] array (
  'type' => 'module',
  'module' => 
  array (
    0 => 'admin',
    1 => 'goods',
    2 => 'tree',
  ),
)
[ info ] [ HEADER ] array (
  'cookie' => 'thinkphp_show_page_trace=0|0; thinkphp_show_page_trace=0|0; thinkphp_show_page_trace=0|0; Phpstorm-221d8a55=3070f4be-a28e-4f38-8ced-98b71dc79863; PHPSESSID=3mf64ull9lsobhghr8qf3ev8tu; ariaDefaultTheme=undefined',
  'accept-language' => 'zh-CN,zh;q=0.9',
  'accept-encoding' => 'gzip, deflate, br',
  'referer' => 'http://localhost:5601/index.php/admin/index/main.html?module=goods',
  'sec-fetch-dest' => 'iframe',
  'sec-fetch-mode' => 'navigate',
  'sec-fetch-site' => 'same-origin',
  'accept' => 'text/html,application/xhtml+xml,application/xml;q=0.9,image/avif,image/webp,image/apng,*/*;q=0.8,application/signed-exchange;v=b3;q=0.9',
  'user-agent' => 'Mozilla/5.0 (Windows NT 10.0; Win64; x64) AppleWebKit/537.36 (KHTML, like Gecko) Chrome/99.0.4844.51 Safari/537.36',
  'upgrade-insecure-requests' => '1',
  'sec-ch-ua-platform' => '"Windows"',
  'sec-ch-ua-mobile' => '?0',
  'sec-ch-ua' => '" Not A;Brand";v="99", "Chromium";v="99", "Google Chrome";v="99"',
  'connection' => 'close',
  'host' => 'localhost:5601',
)
[ info ] [ PARAM ] array (
)
[ info ] [ SESSION ] INIT array (
  'id' => '',
  'var_session_id' => '',
  'prefix' => 'think',
  'type' => '',
  'auto_start' => true,
  'expire' => 18000,
)
[ info ] [ DB ] INIT mysql
[ info ] [ RUN ] app\admin\controller\Goods->tree[ F:\project\pointsmall\application\admin\controller\Goods.php ]
[ info ] [ VIEW ] F:\project\pointsmall\public/../application/admin\view\goods\tree.html [ array (
) ]
[ info ] [ LOG ] INIT File
[ sql ] [ DB ] CONNECT:[ UseTime:0.016742s ] mysql:host=172.16.2.244;port=3306;dbname=points-mall-test;charset=utf8mb4
[ sql ] [ SQL ] SHOW COLUMNS FROM `jsl_user` [ RunTime:0.005356s ]
[ sql ] [ SQL ] SELECT COUNT(*) AS tp_count FROM `jsl_user` WHERE  (  ID = 1 ) LIMIT 1 [ RunTime:0.003983s ]
[ sql ] [ SQL ] SHOW COLUMNS FROM `jsl_statis` [ RunTime:0.005507s ]
[ sql ] [ SQL ] SELECT COUNT(*) AS tp_count FROM `jsl_statis` WHERE  (  Uid = 1 ) LIMIT 1 [ RunTime:0.003447s ]
[ sql ] [ SQL ] UPDATE `jsl_statis`  SET `Dtime`='1648021067'  WHERE  (  Uid = 1 ) [ RunTime:0.001938s ]
[ sql ] [ SQL ] DELETE FROM `jsl_statis`    WHERE  `Dtime` < '1648020947' [ RunTime:0.001781s ]
---------------------------------------------------------------
[ 2022-03-23T15:37:47+08:00 ] 0.0.0.0 GET localhost:5601/index.php/admin/goods/getdfhgoodslist.html?page=1&limit=15
[运行时间：0.124216s] [吞吐率：8.05req/s] [内存消耗：3,542.80kb] [文件加载：101]
[ info ] [ LANG ] F:\project\pointsmall\thinkphp\lang\zh-cn.php
[ info ] [ ROUTE ] array (
  'type' => 'module',
  'module' => 
  array (
    0 => 'admin',
    1 => 'goods',
    2 => 'getdfhgoodslist',
  ),
)
[ info ] [ HEADER ] array (
  'cookie' => 'thinkphp_show_page_trace=0|0; thinkphp_show_page_trace=0|0; thinkphp_show_page_trace=0|0; Phpstorm-221d8a55=3070f4be-a28e-4f38-8ced-98b71dc79863; PHPSESSID=3mf64ull9lsobhghr8qf3ev8tu; ariaDefaultTheme=undefined',
  'accept-language' => 'zh-CN,zh;q=0.9',
  'accept-encoding' => 'gzip, deflate, br',
  'referer' => 'http://localhost:5601/index.php/admin/goods/tree.html',
  'sec-fetch-dest' => 'empty',
  'sec-fetch-mode' => 'cors',
  'sec-fetch-site' => 'same-origin',
  'sec-ch-ua-platform' => '"Windows"',
  'user-agent' => 'Mozilla/5.0 (Windows NT 10.0; Win64; x64) AppleWebKit/537.36 (KHTML, like Gecko) Chrome/99.0.4844.51 Safari/537.36',
  'sec-ch-ua-mobile' => '?0',
  'x-requested-with' => 'XMLHttpRequest',
  'accept' => 'application/json, text/javascript, */*; q=0.01',
  'sec-ch-ua' => '" Not A;Brand";v="99", "Chromium";v="99", "Google Chrome";v="99"',
  'connection' => 'close',
  'host' => 'localhost:5601',
)
[ info ] [ PARAM ] array (
  'page' => '1',
  'limit' => '15',
)
[ info ] [ SESSION ] INIT array (
  'id' => '',
  'var_session_id' => '',
  'prefix' => 'think',
  'type' => '',
  'auto_start' => true,
  'expire' => 18000,
)
[ info ] [ DB ] INIT mysql
[ info ] [ RUN ] app\admin\controller\Goods->getdfhgoodslist[ F:\project\pointsmall\application\admin\controller\Goods.php ]
[ info ] [ LOG ] INIT File
[ sql ] [ DB ] CONNECT:[ UseTime:0.011559s ] mysql:host=172.16.2.244;port=3306;dbname=points-mall-test;charset=utf8mb4
[ sql ] [ SQL ] SHOW COLUMNS FROM `jsl_user` [ RunTime:0.004357s ]
[ sql ] [ SQL ] SELECT COUNT(*) AS tp_count FROM `jsl_user` WHERE  (  ID = 1 ) LIMIT 1 [ RunTime:0.002427s ]
[ sql ] [ SQL ] SHOW COLUMNS FROM `jsl_statis` [ RunTime:0.003032s ]
[ sql ] [ SQL ] SELECT COUNT(*) AS tp_count FROM `jsl_statis` WHERE  (  Uid = 1 ) LIMIT 1 [ RunTime:0.001522s ]
[ sql ] [ SQL ] UPDATE `jsl_statis`  SET `Dtime`='1648021067'  WHERE  (  Uid = 1 ) [ RunTime:0.001641s ]
[ sql ] [ SQL ] DELETE FROM `jsl_statis`    WHERE  `Dtime` < '1648020947' [ RunTime:0.001664s ]
[ sql ] [ SQL ] SHOW COLUMNS FROM `jsl_points_goods` [ RunTime:0.004559s ]
[ sql ] [ SQL ] SELECT COUNT(*) AS tp_count FROM `jsl_points_goods` LIMIT 1 [ RunTime:0.002758s ]
[ sql ] [ SQL ] SELECT * FROM `jsl_points_goods` ORDER BY `add_time` DESC LIMIT 0,15 [ RunTime:0.002040s ]
[ sql ] [ SQL ] SHOW COLUMNS FROM `jsl_points_goods_category` [ RunTime:0.003173s ]
[ sql ] [ SQL ] SELECT `category_name` FROM `jsl_points_goods_category` WHERE  (  category_id='36' ) LIMIT 1 [ RunTime:0.001545s ]
[ sql ] [ SQL ] SELECT `category_name` FROM `jsl_points_goods_category` WHERE  (  category_id='28' ) LIMIT 1 [ RunTime:0.001570s ]
[ sql ] [ SQL ] SELECT `category_name` FROM `jsl_points_goods_category` WHERE  (  category_id='28' ) LIMIT 1 [ RunTime:0.001460s ]
[ sql ] [ SQL ] SELECT `category_name` FROM `jsl_points_goods_category` WHERE  (  category_id='28' ) LIMIT 1 [ RunTime:0.001544s ]
[ sql ] [ SQL ] SELECT `category_name` FROM `jsl_points_goods_category` WHERE  (  category_id='28' ) LIMIT 1 [ RunTime:0.001508s ]
[ sql ] [ SQL ] SELECT `category_name` FROM `jsl_points_goods_category` WHERE  (  category_id='36' ) LIMIT 1 [ RunTime:0.001428s ]
[ sql ] [ SQL ] SELECT `category_name` FROM `jsl_points_goods_category` WHERE  (  category_id='36' ) LIMIT 1 [ RunTime:0.001588s ]
[ sql ] [ SQL ] SELECT `category_name` FROM `jsl_points_goods_category` WHERE  (  category_id='36' ) LIMIT 1 [ RunTime:0.001506s ]
[ sql ] [ SQL ] SELECT `category_name` FROM `jsl_points_goods_category` WHERE  (  category_id='36' ) LIMIT 1 [ RunTime:0.001585s ]
[ sql ] [ SQL ] SELECT `category_name` FROM `jsl_points_goods_category` WHERE  (  category_id='2' ) LIMIT 1 [ RunTime:0.001500s ]
[ sql ] [ SQL ] SELECT `category_name` FROM `jsl_points_goods_category` WHERE  (  category_id='36' ) LIMIT 1 [ RunTime:0.001524s ]
[ sql ] [ SQL ] SELECT `category_name` FROM `jsl_points_goods_category` WHERE  (  category_id='36' ) LIMIT 1 [ RunTime:0.001470s ]
[ sql ] [ SQL ] SELECT `category_name` FROM `jsl_points_goods_category` WHERE  (  category_id='36' ) LIMIT 1 [ RunTime:0.001402s ]
[ sql ] [ SQL ] SELECT `category_name` FROM `jsl_points_goods_category` WHERE  (  category_id='36' ) LIMIT 1 [ RunTime:0.001409s ]
[ sql ] [ SQL ] SELECT `category_name` FROM `jsl_points_goods_category` WHERE  (  category_id='44' ) LIMIT 1 [ RunTime:0.001504s ]
---------------------------------------------------------------
[ 2022-03-23T15:37:49+08:00 ] 0.0.0.0 GET localhost:5601/index.php/admin/goods/addgoods.html?goods_id=
[运行时间：0.081350s] [吞吐率：12.29req/s] [内存消耗：3,480.63kb] [文件加载：102]
[ info ] [ LANG ] F:\project\pointsmall\thinkphp\lang\zh-cn.php
[ info ] [ ROUTE ] array (
  'type' => 'module',
  'module' => 
  array (
    0 => 'admin',
    1 => 'goods',
    2 => 'addgoods',
  ),
)
[ info ] [ HEADER ] array (
  'cookie' => 'thinkphp_show_page_trace=0|0; thinkphp_show_page_trace=0|0; thinkphp_show_page_trace=0|0; Phpstorm-221d8a55=3070f4be-a28e-4f38-8ced-98b71dc79863; PHPSESSID=3mf64ull9lsobhghr8qf3ev8tu; ariaDefaultTheme=undefined',
  'accept-language' => 'zh-CN,zh;q=0.9',
  'accept-encoding' => 'gzip, deflate, br',
  'referer' => 'http://localhost:5601/index.php/admin/goods/tree.html',
  'sec-fetch-dest' => 'iframe',
  'sec-fetch-mode' => 'navigate',
  'sec-fetch-site' => 'same-origin',
  'accept' => 'text/html,application/xhtml+xml,application/xml;q=0.9,image/avif,image/webp,image/apng,*/*;q=0.8,application/signed-exchange;v=b3;q=0.9',
  'user-agent' => 'Mozilla/5.0 (Windows NT 10.0; Win64; x64) AppleWebKit/537.36 (KHTML, like Gecko) Chrome/99.0.4844.51 Safari/537.36',
  'upgrade-insecure-requests' => '1',
  'sec-ch-ua-platform' => '"Windows"',
  'sec-ch-ua-mobile' => '?0',
  'sec-ch-ua' => '" Not A;Brand";v="99", "Chromium";v="99", "Google Chrome";v="99"',
  'connection' => 'close',
  'host' => 'localhost:5601',
)
[ info ] [ PARAM ] array (
  'goods_id' => '',
)
[ info ] [ SESSION ] INIT array (
  'id' => '',
  'var_session_id' => '',
  'prefix' => 'think',
  'type' => '',
  'auto_start' => true,
  'expire' => 18000,
)
[ info ] [ DB ] INIT mysql
[ info ] [ RUN ] app\admin\controller\Goods->addgoods[ F:\project\pointsmall\application\admin\controller\Goods.php ]
[ info ] [ VIEW ] F:\project\pointsmall\public/../application/admin\view\goods\addgoods.html [ array (
  0 => 'volist',
  1 => 'clist',
) ]
[ info ] [ LOG ] INIT File
[ sql ] [ DB ] CONNECT:[ UseTime:0.017721s ] mysql:host=172.16.2.244;port=3306;dbname=points-mall-test;charset=utf8mb4
[ sql ] [ SQL ] SHOW COLUMNS FROM `jsl_user` [ RunTime:0.005294s ]
[ sql ] [ SQL ] SELECT COUNT(*) AS tp_count FROM `jsl_user` WHERE  (  ID = 1 ) LIMIT 1 [ RunTime:0.004590s ]
[ sql ] [ SQL ] SHOW COLUMNS FROM `jsl_statis` [ RunTime:0.003525s ]
[ sql ] [ SQL ] SELECT COUNT(*) AS tp_count FROM `jsl_statis` WHERE  (  Uid = 1 ) LIMIT 1 [ RunTime:0.001591s ]
[ sql ] [ SQL ] UPDATE `jsl_statis`  SET `Dtime`='1648021069'  WHERE  (  Uid = 1 ) [ RunTime:0.002068s ]
[ sql ] [ SQL ] DELETE FROM `jsl_statis`    WHERE  `Dtime` < '1648020949' [ RunTime:0.001657s ]
[ sql ] [ SQL ] SHOW COLUMNS FROM `jsl_points_goods_category` [ RunTime:0.003246s ]
[ sql ] [ SQL ] SELECT * FROM `jsl_points_goods_category` WHERE  (  is_enable=1 ) [ RunTime:0.001669s ]
[ error ] [8]未定义变量: switch[F:\project\pointsmall\runtime\temp\690f8a9e6b8c4559db10053130919bd0.php:159]
[ error ] [8]未定义变量: result[F:\project\pointsmall\runtime\temp\690f8a9e6b8c4559db10053130919bd0.php:208]
[ error ] [8]未定义变量: result[F:\project\pointsmall\runtime\temp\690f8a9e6b8c4559db10053130919bd0.php:209]
---------------------------------------------------------------
[ 2022-03-23T15:38:55+08:00 ] 0.0.0.0 GET localhost:5601/index.php/admin/goods/getdfhgoodslist.html?page=1&limit=15
[运行时间：0.095860s] [吞吐率：10.43req/s] [内存消耗：3,542.80kb] [文件加载：101]
[ info ] [ LANG ] F:\project\pointsmall\thinkphp\lang\zh-cn.php
[ info ] [ ROUTE ] array (
  'type' => 'module',
  'module' => 
  array (
    0 => 'admin',
    1 => 'goods',
    2 => 'getdfhgoodslist',
  ),
)
[ info ] [ HEADER ] array (
  'cookie' => 'thinkphp_show_page_trace=0|0; thinkphp_show_page_trace=0|0; thinkphp_show_page_trace=0|0; Phpstorm-221d8a55=3070f4be-a28e-4f38-8ced-98b71dc79863; PHPSESSID=3mf64ull9lsobhghr8qf3ev8tu; ariaDefaultTheme=undefined',
  'accept-language' => 'zh-CN,zh;q=0.9',
  'accept-encoding' => 'gzip, deflate, br',
  'referer' => 'http://localhost:5601/index.php/admin/goods/tree.html',
  'sec-fetch-dest' => 'empty',
  'sec-fetch-mode' => 'cors',
  'sec-fetch-site' => 'same-origin',
  'sec-ch-ua-platform' => '"Windows"',
  'user-agent' => 'Mozilla/5.0 (Windows NT 10.0; Win64; x64) AppleWebKit/537.36 (KHTML, like Gecko) Chrome/99.0.4844.51 Safari/537.36',
  'sec-ch-ua-mobile' => '?0',
  'x-requested-with' => 'XMLHttpRequest',
  'accept' => 'application/json, text/javascript, */*; q=0.01',
  'sec-ch-ua' => '" Not A;Brand";v="99", "Chromium";v="99", "Google Chrome";v="99"',
  'connection' => 'close',
  'host' => 'localhost:5601',
)
[ info ] [ PARAM ] array (
  'page' => '1',
  'limit' => '15',
)
[ info ] [ SESSION ] INIT array (
  'id' => '',
  'var_session_id' => '',
  'prefix' => 'think',
  'type' => '',
  'auto_start' => true,
  'expire' => 18000,
)
[ info ] [ DB ] INIT mysql
[ info ] [ RUN ] app\admin\controller\Goods->getdfhgoodslist[ F:\project\pointsmall\application\admin\controller\Goods.php ]
[ info ] [ LOG ] INIT File
[ sql ] [ DB ] CONNECT:[ UseTime:0.024775s ] mysql:host=172.16.2.244;port=3306;dbname=points-mall-test;charset=utf8mb4
[ sql ] [ SQL ] SHOW COLUMNS FROM `jsl_user` [ RunTime:0.003852s ]
[ sql ] [ SQL ] SELECT COUNT(*) AS tp_count FROM `jsl_user` WHERE  (  ID = 1 ) LIMIT 1 [ RunTime:0.002671s ]
[ sql ] [ SQL ] SHOW COLUMNS FROM `jsl_statis` [ RunTime:0.003210s ]
[ sql ] [ SQL ] SELECT COUNT(*) AS tp_count FROM `jsl_statis` WHERE  (  Uid = 1 ) LIMIT 1 [ RunTime:0.001639s ]
[ sql ] [ SQL ] UPDATE `jsl_statis`  SET `Dtime`='1648021135'  WHERE  (  Uid = 1 ) [ RunTime:0.002102s ]
[ sql ] [ SQL ] DELETE FROM `jsl_statis`    WHERE  `Dtime` < '1648021015' [ RunTime:0.001457s ]
[ sql ] [ SQL ] SHOW COLUMNS FROM `jsl_points_goods` [ RunTime:0.002336s ]
[ sql ] [ SQL ] SELECT COUNT(*) AS tp_count FROM `jsl_points_goods` LIMIT 1 [ RunTime:0.001736s ]
[ sql ] [ SQL ] SELECT * FROM `jsl_points_goods` ORDER BY `add_time` DESC LIMIT 0,15 [ RunTime:0.002245s ]
[ sql ] [ SQL ] SHOW COLUMNS FROM `jsl_points_goods_category` [ RunTime:0.002663s ]
[ sql ] [ SQL ] SELECT `category_name` FROM `jsl_points_goods_category` WHERE  (  category_id='36' ) LIMIT 1 [ RunTime:0.001526s ]
[ sql ] [ SQL ] SELECT `category_name` FROM `jsl_points_goods_category` WHERE  (  category_id='28' ) LIMIT 1 [ RunTime:0.001344s ]
[ sql ] [ SQL ] SELECT `category_name` FROM `jsl_points_goods_category` WHERE  (  category_id='28' ) LIMIT 1 [ RunTime:0.001213s ]
[ sql ] [ SQL ] SELECT `category_name` FROM `jsl_points_goods_category` WHERE  (  category_id='28' ) LIMIT 1 [ RunTime:0.001170s ]
[ sql ] [ SQL ] SELECT `category_name` FROM `jsl_points_goods_category` WHERE  (  category_id='28' ) LIMIT 1 [ RunTime:0.001294s ]
[ sql ] [ SQL ] SELECT `category_name` FROM `jsl_points_goods_category` WHERE  (  category_id='36' ) LIMIT 1 [ RunTime:0.001647s ]
[ sql ] [ SQL ] SELECT `category_name` FROM `jsl_points_goods_category` WHERE  (  category_id='36' ) LIMIT 1 [ RunTime:0.001530s ]
[ sql ] [ SQL ] SELECT `category_name` FROM `jsl_points_goods_category` WHERE  (  category_id='36' ) LIMIT 1 [ RunTime:0.001443s ]
[ sql ] [ SQL ] SELECT `category_name` FROM `jsl_points_goods_category` WHERE  (  category_id='36' ) LIMIT 1 [ RunTime:0.001578s ]
[ sql ] [ SQL ] SELECT `category_name` FROM `jsl_points_goods_category` WHERE  (  category_id='2' ) LIMIT 1 [ RunTime:0.001548s ]
[ sql ] [ SQL ] SELECT `category_name` FROM `jsl_points_goods_category` WHERE  (  category_id='36' ) LIMIT 1 [ RunTime:0.001429s ]
[ sql ] [ SQL ] SELECT `category_name` FROM `jsl_points_goods_category` WHERE  (  category_id='36' ) LIMIT 1 [ RunTime:0.001401s ]
[ sql ] [ SQL ] SELECT `category_name` FROM `jsl_points_goods_category` WHERE  (  category_id='36' ) LIMIT 1 [ RunTime:0.001627s ]
[ sql ] [ SQL ] SELECT `category_name` FROM `jsl_points_goods_category` WHERE  (  category_id='36' ) LIMIT 1 [ RunTime:0.001525s ]
[ sql ] [ SQL ] SELECT `category_name` FROM `jsl_points_goods_category` WHERE  (  category_id='44' ) LIMIT 1 [ RunTime:0.001389s ]
