---------------------------------------------------------------
[ 2022-04-07T10:46:50+08:00 ] 0.0.0.0 GET localhost:5601/index.php/admin/index/main.html?module=goods
[运行时间：0.844602s] [吞吐率：1.18req/s] [内存消耗：2,239.75kb] [文件加载：88]
[ info ] [ LANG ] F:\project\pointsmall\thinkphp\lang\zh-cn.php
[ info ] [ ROUTE ] array (
  'type' => 'module',
  'module' => 
  array (
    0 => 'admin',
    1 => 'index',
    2 => 'main',
  ),
)
[ info ] [ HEADER ] array (
  'cookie' => 'thinkphp_show_page_trace=0|0; thinkphp_show_page_trace=0|0; thinkphp_show_page_trace=0|0; thinkphp_show_page_trace=0|0; Phpstorm-221d8a55=3070f4be-a28e-4f38-8ced-98b71dc79863; PHPSESSID=3mf64ull9lsobhghr8qf3ev8tu',
  'accept-language' => 'zh-CN,zh;q=0.9',
  'accept-encoding' => 'gzip, deflate, br',
  'referer' => 'http://localhost:5601/index.php/admin/index/web.html',
  'sec-fetch-dest' => 'document',
  'sec-fetch-user' => '?1',
  'sec-fetch-mode' => 'navigate',
  'sec-fetch-site' => 'same-origin',
  'accept' => 'text/html,application/xhtml+xml,application/xml;q=0.9,image/avif,image/webp,image/apng,*/*;q=0.8,application/signed-exchange;v=b3;q=0.9',
  'user-agent' => 'Mozilla/5.0 (Windows NT 10.0; Win64; x64) AppleWebKit/537.36 (KHTML, like Gecko) Chrome/99.0.4844.51 Safari/537.36',
  'upgrade-insecure-requests' => '1',
  'sec-ch-ua-platform' => '"Windows"',
  'sec-ch-ua-mobile' => '?0',
  'sec-ch-ua' => '" Not A;Brand";v="99", "Chromium";v="99", "Google Chrome";v="99"',
  'connection' => 'close',
  'host' => 'localhost:5601',
)
[ info ] [ PARAM ] array (
  'module' => 'goods',
)
[ info ] [ RUN ] app\admin\controller\Index->main[ F:\project\pointsmall\application\admin\controller\Index.php ]
[ info ] [ SESSION ] INIT array (
  'id' => '',
  'var_session_id' => '',
  'prefix' => 'think',
  'type' => '',
  'auto_start' => true,
  'expire' => 18000,
)
[ info ] [ VIEW ] F:\project\pointsmall\public/../application/admin\view\public\error.html [ array (
  0 => 'code',
  1 => 'msg',
  2 => 'data',
  3 => 'url',
  4 => 'wait',
) ]
[ info ] [ LOG ] INIT File
---------------------------------------------------------------
[ 2022-04-07T10:46:51+08:00 ] 0.0.0.0 GET localhost:5601/index.php/admin/index/index.html
[运行时间：0.025064s] [吞吐率：39.90req/s] [内存消耗：2,200.88kb] [文件加载：86]
[ info ] [ LANG ] F:\project\pointsmall\thinkphp\lang\zh-cn.php
[ info ] [ ROUTE ] array (
  'type' => 'module',
  'module' => 
  array (
    0 => 'admin',
    1 => 'index',
    2 => 'index',
  ),
)
[ info ] [ HEADER ] array (
  'cookie' => 'thinkphp_show_page_trace=0|0; thinkphp_show_page_trace=0|0; thinkphp_show_page_trace=0|0; thinkphp_show_page_trace=0|0; Phpstorm-221d8a55=3070f4be-a28e-4f38-8ced-98b71dc79863; PHPSESSID=3mf64ull9lsobhghr8qf3ev8tu',
  'accept-language' => 'zh-CN,zh;q=0.9',
  'accept-encoding' => 'gzip, deflate, br',
  'referer' => 'http://localhost:5601/index.php/admin/index/main.html?module=goods',
  'sec-fetch-dest' => 'document',
  'sec-fetch-user' => '?1',
  'sec-fetch-mode' => 'navigate',
  'sec-fetch-site' => 'same-origin',
  'accept' => 'text/html,application/xhtml+xml,application/xml;q=0.9,image/avif,image/webp,image/apng,*/*;q=0.8,application/signed-exchange;v=b3;q=0.9',
  'user-agent' => 'Mozilla/5.0 (Windows NT 10.0; Win64; x64) AppleWebKit/537.36 (KHTML, like Gecko) Chrome/99.0.4844.51 Safari/537.36',
  'upgrade-insecure-requests' => '1',
  'sec-ch-ua-platform' => '"Windows"',
  'sec-ch-ua-mobile' => '?0',
  'sec-ch-ua' => '" Not A;Brand";v="99", "Chromium";v="99", "Google Chrome";v="99"',
  'connection' => 'close',
  'host' => 'localhost:5601',
)
[ info ] [ PARAM ] array (
)
[ info ] [ RUN ] app\admin\controller\Index->index[ F:\project\pointsmall\application\admin\controller\Index.php ]
[ info ] [ VIEW ] F:\project\pointsmall\public/../application/admin\view\index\index.html [ array (
) ]
[ info ] [ LOG ] INIT File
---------------------------------------------------------------
[ 2022-04-07T10:46:51+08:00 ] 0.0.0.0 GET localhost:5601/index.php/captcha.html?0.3371731139443097
[运行时间：0.046455s] [吞吐率：21.53req/s] [内存消耗：1,840.34kb] [文件加载：78]
[ info ] [ LANG ] F:\project\pointsmall\thinkphp\lang\zh-cn.php
[ info ] [ ROUTE ] array (
  'type' => 'method',
  'method' => 
  array (
    0 => '\\think\\captcha\\CaptchaController',
    1 => 'index',
  ),
  'var' => 
  array (
  ),
)
[ info ] [ HEADER ] array (
  'cookie' => 'thinkphp_show_page_trace=0|0; thinkphp_show_page_trace=0|0; Phpstorm-221d8a55=3070f4be-a28e-4f38-8ced-98b71dc79863; PHPSESSID=3mf64ull9lsobhghr8qf3ev8tu',
  'accept-language' => 'zh-CN,zh;q=0.9',
  'accept-encoding' => 'gzip, deflate, br',
  'referer' => 'http://localhost:5601/index.php/admin/index/index.html',
  'sec-fetch-dest' => 'image',
  'sec-fetch-mode' => 'no-cors',
  'sec-fetch-site' => 'same-origin',
  'accept' => 'image/avif,image/webp,image/apng,image/svg+xml,image/*,*/*;q=0.8',
  'sec-ch-ua-platform' => '"Windows"',
  'user-agent' => 'Mozilla/5.0 (Windows NT 10.0; Win64; x64) AppleWebKit/537.36 (KHTML, like Gecko) Chrome/99.0.4844.51 Safari/537.36',
  'sec-ch-ua-mobile' => '?0',
  'sec-ch-ua' => '" Not A;Brand";v="99", "Chromium";v="99", "Google Chrome";v="99"',
  'connection' => 'close',
  'host' => 'localhost:5601',
)
[ info ] [ PARAM ] array (
  '0_3371731139443097' => '',
  'id' => NULL,
)
[ info ] [ RUN ] think\captcha\CaptchaController->index[ F:\project\pointsmall\vendor\topthink\think-captcha\src\CaptchaController.php ]
[ info ] [ SESSION ] INIT array (
  'id' => '',
  'var_session_id' => '',
  'prefix' => 'think',
  'type' => '',
  'auto_start' => true,
  'expire' => 18000,
)
[ info ] [ LOG ] INIT File
---------------------------------------------------------------
[ 2022-04-07T10:47:04+08:00 ] 0.0.0.0 POST localhost:5601/index.php/admin/index/login.html
[运行时间：0.124003s] [吞吐率：8.06req/s] [内存消耗：3,324.74kb] [文件加载：99]
[ info ] [ LANG ] F:\project\pointsmall\thinkphp\lang\zh-cn.php
[ info ] [ ROUTE ] array (
  'type' => 'module',
  'module' => 
  array (
    0 => 'admin',
    1 => 'index',
    2 => 'login',
  ),
)
[ info ] [ HEADER ] array (
  'cookie' => 'thinkphp_show_page_trace=0|0; thinkphp_show_page_trace=0|0; thinkphp_show_page_trace=0|0; thinkphp_show_page_trace=0|0; Phpstorm-221d8a55=3070f4be-a28e-4f38-8ced-98b71dc79863; PHPSESSID=3mf64ull9lsobhghr8qf3ev8tu',
  'accept-language' => 'zh-CN,zh;q=0.9',
  'accept-encoding' => 'gzip, deflate, br',
  'referer' => 'http://localhost:5601/index.php/admin/index/index.html',
  'sec-fetch-dest' => 'empty',
  'sec-fetch-mode' => 'cors',
  'sec-fetch-site' => 'same-origin',
  'origin' => 'http://localhost:5601',
  'sec-ch-ua-platform' => '"Windows"',
  'user-agent' => 'Mozilla/5.0 (Windows NT 10.0; Win64; x64) AppleWebKit/537.36 (KHTML, like Gecko) Chrome/99.0.4844.51 Safari/537.36',
  'sec-ch-ua-mobile' => '?0',
  'x-requested-with' => 'XMLHttpRequest',
  'content-type' => 'application/x-www-form-urlencoded; charset=UTF-8',
  'accept' => 'application/json, text/javascript, */*; q=0.01',
  'sec-ch-ua' => '" Not A;Brand";v="99", "Chromium";v="99", "Google Chrome";v="99"',
  'content-length' => '40',
  'connection' => 'close',
  'host' => 'localhost:5601',
)
[ info ] [ PARAM ] array (
  'username' => 'admin',
  'password' => '123456',
  'code' => 'qu3f',
)
[ info ] [ RUN ] app\admin\controller\Index->login[ F:\project\pointsmall\application\admin\controller\Index.php ]
[ info ] [ SESSION ] INIT array (
  'id' => '',
  'var_session_id' => '',
  'prefix' => 'think',
  'type' => '',
  'auto_start' => true,
  'expire' => 18000,
)
[ info ] [ DB ] INIT mysql
[ info ] [ LOG ] INIT File
[ sql ] [ DB ] CONNECT:[ UseTime:0.003898s ] mysql:host=172.16.2.244;port=3306;dbname=points-mall-test;charset=utf8mb4
[ sql ] [ SQL ] SHOW COLUMNS FROM `jsl_ip` [ RunTime:0.004183s ]
[ sql ] [ SQL ] SELECT * FROM `jsl_ip` WHERE  `Ip` = '0.0.0.0' LIMIT 1 [ RunTime:0.002757s ]
[ sql ] [ SQL ] SHOW COLUMNS FROM `jsl_user` [ RunTime:0.002699s ]
[ sql ] [ SQL ] SELECT COUNT(*) AS tp_count FROM `jsl_user` WHERE  `Username` = 'admin' LIMIT 1 [ RunTime:0.001197s ]
[ sql ] [ SQL ] SELECT COUNT(*) AS tp_count FROM `jsl_user` WHERE  `Username` = 'admin'  AND `Status` = 0 LIMIT 1 [ RunTime:0.001183s ]
[ sql ] [ SQL ] SELECT `ID`,`Username`,`Password`,`Roleid`,`Status`,`Competence`,`Loginarea`,`Logincount` FROM `jsl_user` WHERE  `Username` = 'admin'  AND `Status` = 0  AND `Password` = '10470c3b4b1fed12c3baac014be15fac67c6e815' LIMIT 1 [ RunTime:0.001716s ]
[ sql ] [ SQL ] SELECT * FROM `jsl_user` WHERE  `Username` = 'admin'  AND `Status` = 0  AND `Password` = '10470c3b4b1fed12c3baac014be15fac67c6e815' LIMIT 1 [ RunTime:0.001542s ]
[ sql ] [ SQL ] UPDATE `jsl_user`  SET `Loginarea`='IANA保留地址.',`Loginip`='0.0.0.0',`Logintime`='2022-04-07 10:47:03'  WHERE  (  ID = 1 ) [ RunTime:0.001414s ]
[ sql ] [ SQL ] UPDATE `jsl_user`  SET `Logincount`=`Logincount`+1  WHERE  (  ID = 1 ) [ RunTime:0.001412s ]
[ sql ] [ SQL ] SHOW COLUMNS FROM `jsl_loginlog` [ RunTime:0.002138s ]
[ sql ] [ SQL ] INSERT INTO `jsl_loginlog` (`Uid` , `User` , `Description` , `Area` , `Loginip` , `Dtime`) VALUES (1 , 'admin' , '<div class=\"de1\">登录成功</div>' , 'IANA保留地址.' , '0.0.0.0' , '2022-04-07 10:47:03') [ RunTime:0.003262s ]
[ sql ] [ SQL ] SELECT `ID` FROM `jsl_user` WHERE  (  leader_id = 1 ) [ RunTime:0.001197s ]
---------------------------------------------------------------
[ 2022-04-07T10:47:06+08:00 ] 0.0.0.0 GET localhost:5601/index.php/admin/index/web.html
[运行时间：0.211064s] [吞吐率：4.74req/s] [内存消耗：3,488.11kb] [文件加载：103]
[ info ] [ LANG ] F:\project\pointsmall\thinkphp\lang\zh-cn.php
[ info ] [ ROUTE ] array (
  'type' => 'module',
  'module' => 
  array (
    0 => 'admin',
    1 => 'index',
    2 => 'web',
  ),
)
[ info ] [ HEADER ] array (
  'cookie' => 'thinkphp_show_page_trace=0|0; thinkphp_show_page_trace=0|0; thinkphp_show_page_trace=0|0; thinkphp_show_page_trace=0|0; Phpstorm-221d8a55=3070f4be-a28e-4f38-8ced-98b71dc79863; PHPSESSID=3mf64ull9lsobhghr8qf3ev8tu',
  'accept-language' => 'zh-CN,zh;q=0.9',
  'accept-encoding' => 'gzip, deflate, br',
  'referer' => 'http://localhost:5601/index.php/admin/index/index.html',
  'sec-fetch-dest' => 'document',
  'sec-fetch-user' => '?1',
  'sec-fetch-mode' => 'navigate',
  'sec-fetch-site' => 'same-origin',
  'accept' => 'text/html,application/xhtml+xml,application/xml;q=0.9,image/avif,image/webp,image/apng,*/*;q=0.8,application/signed-exchange;v=b3;q=0.9',
  'user-agent' => 'Mozilla/5.0 (Windows NT 10.0; Win64; x64) AppleWebKit/537.36 (KHTML, like Gecko) Chrome/99.0.4844.51 Safari/537.36',
  'upgrade-insecure-requests' => '1',
  'sec-ch-ua-platform' => '"Windows"',
  'sec-ch-ua-mobile' => '?0',
  'sec-ch-ua' => '" Not A;Brand";v="99", "Chromium";v="99", "Google Chrome";v="99"',
  'connection' => 'close',
  'host' => 'localhost:5601',
)
[ info ] [ PARAM ] array (
)
[ info ] [ RUN ] app\admin\controller\Index->web[ F:\project\pointsmall\application\admin\controller\Index.php ]
[ info ] [ SESSION ] INIT array (
  'id' => '',
  'var_session_id' => '',
  'prefix' => 'think',
  'type' => '',
  'auto_start' => true,
  'expire' => 18000,
)
[ info ] [ DB ] INIT mysql
[ info ] [ VIEW ] F:\project\pointsmall\public/../application/admin\view\index\web.html [ array (
  0 => 'list',
  1 => 'volist',
  2 => 'mod_list',
) ]
[ info ] [ LOG ] INIT File
[ sql ] [ DB ] CONNECT:[ UseTime:0.022771s ] mysql:host=172.16.2.244;port=3306;dbname=points-mall-test;charset=utf8mb4
[ sql ] [ SQL ] SHOW COLUMNS FROM `jsl_user` [ RunTime:0.003856s ]
[ sql ] [ SQL ] SELECT COUNT(*) AS tp_count FROM `jsl_user` WHERE  (  ID = 1 ) LIMIT 1 [ RunTime:0.002277s ]
[ sql ] [ SQL ] SHOW COLUMNS FROM `jsl_statis` [ RunTime:0.002479s ]
[ sql ] [ SQL ] SELECT COUNT(*) AS tp_count FROM `jsl_statis` WHERE  (  Uid = 1 ) LIMIT 1 [ RunTime:0.001279s ]
[ sql ] [ SQL ] UPDATE `jsl_statis`  SET `Dtime`='1649299626'  WHERE  (  Uid = 1 ) [ RunTime:0.001806s ]
[ sql ] [ SQL ] DELETE FROM `jsl_statis`    WHERE  `Dtime` < '1649299506' [ RunTime:0.001287s ]
[ sql ] [ SQL ] SHOW COLUMNS FROM `jsl_module` [ RunTime:0.002805s ]
[ sql ] [ SQL ] SELECT * FROM `jsl_module` WHERE  (  Sid = 0 ) ORDER BY `Msort` ASC [ RunTime:0.001542s ]
[ sql ] [ SQL ] SELECT * FROM `jsl_module` WHERE  (  Sid > 0 ) ORDER BY `Msort` ASC [ RunTime:0.001667s ]
[ sql ] [ SQL ] SHOW COLUMNS FROM `jsl_competence` [ RunTime:0.002222s ]
[ sql ] [ SQL ] SELECT * FROM `jsl_competence` WHERE  (  ID = '112' ) LIMIT 1 [ RunTime:0.001338s ]
[ sql ] [ SQL ] SELECT `ID` FROM `jsl_competence` WHERE  (  Sid = '' ) [ RunTime:0.001435s ]
[ sql ] [ SQL ] SELECT * FROM `jsl_competence` WHERE  (  ID = '107' ) LIMIT 1 [ RunTime:0.001255s ]
[ sql ] [ SQL ] SELECT `ID` FROM `jsl_competence` WHERE  (  Sid = '107' ) [ RunTime:0.001354s ]
[ sql ] [ SQL ] SELECT * FROM `jsl_competence` WHERE  (  ID = '113' ) LIMIT 1 [ RunTime:0.001403s ]
[ sql ] [ SQL ] SELECT `ID` FROM `jsl_competence` WHERE  (  Sid = '' ) [ RunTime:0.001178s ]
[ sql ] [ SQL ] SELECT * FROM `jsl_competence` WHERE  (  ID = '120' ) LIMIT 1 [ RunTime:0.001203s ]
[ sql ] [ SQL ] SELECT `ID` FROM `jsl_competence` WHERE  (  Sid = '' ) [ RunTime:0.001267s ]
[ sql ] [ SQL ] SELECT * FROM `jsl_competence` WHERE  (  ID = '364' ) LIMIT 1 [ RunTime:0.001424s ]
[ sql ] [ SQL ] SELECT `ID` FROM `jsl_competence` WHERE  (  Sid = '364' ) [ RunTime:0.001290s ]
[ sql ] [ SQL ] SELECT * FROM `jsl_competence` WHERE  (  ID = '126' ) LIMIT 1 [ RunTime:0.001129s ]
[ sql ] [ SQL ] SELECT `ID` FROM `jsl_competence` WHERE  (  Sid = '' ) [ RunTime:0.001160s ]
[ sql ] [ SQL ] SELECT * FROM `jsl_competence` WHERE  (  ID = '322' ) LIMIT 1 [ RunTime:0.001278s ]
[ sql ] [ SQL ] SELECT `ID` FROM `jsl_competence` WHERE  (  Sid = '' ) [ RunTime:0.001096s ]
[ sql ] [ SQL ] SELECT * FROM `jsl_competence` WHERE  (  ID = '1' ) LIMIT 1 [ RunTime:0.001385s ]
[ sql ] [ SQL ] SELECT `ID` FROM `jsl_competence` WHERE  (  Sid = '1' ) [ RunTime:0.001254s ]
[ sql ] [ SQL ] SELECT * FROM `jsl_competence` WHERE  (  ID = '354' ) LIMIT 1 [ RunTime:0.001396s ]
[ sql ] [ SQL ] SELECT `ID` FROM `jsl_competence` WHERE  (  Sid = '354' ) [ RunTime:0.001136s ]
[ sql ] [ SQL ] SELECT * FROM `jsl_competence` WHERE  (  ID = '362' ) LIMIT 1 [ RunTime:0.001242s ]
[ sql ] [ SQL ] SELECT `ID` FROM `jsl_competence` WHERE  (  Sid = '362' ) [ RunTime:0.001205s ]
[ sql ] [ SQL ] SELECT * FROM `jsl_competence` WHERE  (  ID = '311' ) LIMIT 1 [ RunTime:0.001231s ]
[ sql ] [ SQL ] SELECT `ID` FROM `jsl_competence` WHERE  (  Sid = '' ) [ RunTime:0.001138s ]
[ sql ] [ SQL ] SELECT * FROM `jsl_competence` WHERE  (  ID = '316' ) LIMIT 1 [ RunTime:0.001239s ]
[ sql ] [ SQL ] SELECT `ID` FROM `jsl_competence` WHERE  (  Sid = '' ) [ RunTime:0.001281s ]
[ sql ] [ SQL ] SELECT * FROM `jsl_competence` WHERE  (  ID = '44' ) LIMIT 1 [ RunTime:0.001234s ]
[ sql ] [ SQL ] SELECT `ID` FROM `jsl_competence` WHERE  (  Sid = '' ) [ RunTime:0.001167s ]
[ sql ] [ SQL ] SELECT * FROM `jsl_competence` WHERE  (  ID = '108' ) LIMIT 1 [ RunTime:0.001263s ]
[ sql ] [ SQL ] SELECT `ID` FROM `jsl_competence` WHERE  (  Sid = '108' ) [ RunTime:0.001247s ]
[ sql ] [ SQL ] SELECT * FROM `jsl_competence` WHERE  (  ID = '322' ) LIMIT 1 [ RunTime:0.001296s ]
[ sql ] [ SQL ] SELECT `ID` FROM `jsl_competence` WHERE  (  Sid = '' ) [ RunTime:0.001173s ]
[ sql ] [ SQL ] SELECT * FROM `jsl_competence` WHERE  (  ID = '11' ) LIMIT 1 [ RunTime:0.001210s ]
[ sql ] [ SQL ] SELECT `ID` FROM `jsl_competence` WHERE  (  Sid = '11' ) [ RunTime:0.001149s ]
[ sql ] [ SQL ] SELECT * FROM `jsl_competence` WHERE  (  ID = '44' ) LIMIT 1 [ RunTime:0.001183s ]
[ sql ] [ SQL ] SELECT `ID` FROM `jsl_competence` WHERE  (  Sid = '' ) [ RunTime:0.001117s ]
[ sql ] [ SQL ] SELECT * FROM `jsl_competence` WHERE  (  ID = '111' ) LIMIT 1 [ RunTime:0.001287s ]
[ sql ] [ SQL ] SELECT `ID` FROM `jsl_competence` WHERE  (  Sid = '111' ) [ RunTime:0.001265s ]
[ sql ] [ SQL ] SELECT * FROM `jsl_competence` WHERE  (  ID = '114' ) LIMIT 1 [ RunTime:0.001353s ]
[ sql ] [ SQL ] SELECT `ID` FROM `jsl_competence` WHERE  (  Sid = '' ) [ RunTime:0.001275s ]
[ sql ] [ SQL ] SELECT * FROM `jsl_competence` WHERE  (  ID = '59' ) LIMIT 1 [ RunTime:0.001278s ]
[ sql ] [ SQL ] SELECT `ID` FROM `jsl_competence` WHERE  (  Sid = '59' ) [ RunTime:0.001347s ]
[ sql ] [ SQL ] SELECT * FROM `jsl_competence` WHERE  (  ID = '323' ) LIMIT 1 [ RunTime:0.001205s ]
[ sql ] [ SQL ] SELECT `ID` FROM `jsl_competence` WHERE  (  Sid = '' ) [ RunTime:0.001107s ]
[ sql ] [ SQL ] SELECT * FROM `jsl_competence` WHERE  (  ID = '349' ) LIMIT 1 [ RunTime:0.001261s ]
[ sql ] [ SQL ] SELECT `ID` FROM `jsl_competence` WHERE  (  Sid = '349' ) [ RunTime:0.001297s ]
[ sql ] [ SQL ] SELECT * FROM `jsl_competence` WHERE  (  ID = '364' ) LIMIT 1 [ RunTime:0.001278s ]
[ sql ] [ SQL ] SELECT `ID` FROM `jsl_competence` WHERE  (  Sid = '364' ) [ RunTime:0.001150s ]
[ sql ] [ SQL ] SELECT * FROM `jsl_competence` WHERE  (  ID = '131' ) LIMIT 1 [ RunTime:0.001154s ]
[ sql ] [ SQL ] SELECT `ID` FROM `jsl_competence` WHERE  (  Sid = '' ) [ RunTime:0.001225s ]
[ sql ] [ SQL ] SELECT * FROM `jsl_competence` WHERE  (  ID = '278' ) LIMIT 1 [ RunTime:0.001271s ]
[ sql ] [ SQL ] SELECT `ID` FROM `jsl_competence` WHERE  (  Sid = '' ) [ RunTime:0.001221s ]
[ sql ] [ SQL ] SELECT * FROM `jsl_competence` WHERE  (  ID = '364' ) LIMIT 1 [ RunTime:0.001268s ]
[ sql ] [ SQL ] SELECT `ID` FROM `jsl_competence` WHERE  (  Sid = '364' ) [ RunTime:0.001368s ]
[ sql ] [ SQL ] SELECT * FROM `jsl_competence` WHERE  (  ID = '354' ) LIMIT 1 [ RunTime:0.001269s ]
[ sql ] [ SQL ] SELECT `ID` FROM `jsl_competence` WHERE  (  Sid = '354' ) [ RunTime:0.001188s ]
[ sql ] [ SQL ] SELECT * FROM `jsl_competence` WHERE  (  ID = '109' ) LIMIT 1 [ RunTime:0.001080s ]
[ sql ] [ SQL ] SELECT `ID` FROM `jsl_competence` WHERE  (  Sid = '' ) [ RunTime:0.001177s ]
[ sql ] [ SQL ] SELECT `ID` FROM `jsl_module` WHERE  (  Sid = '29' ) [ RunTime:0.001162s ]
[ sql ] [ SQL ] SELECT `ID` FROM `jsl_module` WHERE  (  Sid = '112' ) [ RunTime:0.001174s ]
[ sql ] [ SQL ] SELECT `ID` FROM `jsl_module` WHERE  (  Sid = '1' ) [ RunTime:0.001130s ]
[ sql ] [ SQL ] SELECT `ID` FROM `jsl_module` WHERE  (  Sid = '2' ) [ RunTime:0.001143s ]
[ sql ] [ SQL ] SELECT `ID` FROM `jsl_module` WHERE  (  Sid = '3' ) [ RunTime:0.001186s ]
[ sql ] [ SQL ] SELECT `ID` FROM `jsl_module` WHERE  (  Sid = '62' ) [ RunTime:0.001274s ]
[ sql ] [ SQL ] SELECT `ID` FROM `jsl_module` WHERE  (  Sid = '137' ) [ RunTime:0.001233s ]
[ sql ] [ SQL ] SELECT `ID` FROM `jsl_module` WHERE  (  Sid = '141' ) [ RunTime:0.001368s ]
[ sql ] [ SQL ] SELECT `ID` FROM `jsl_module` WHERE  (  Sid = '144' ) [ RunTime:0.001243s ]
[ sql ] [ SQL ] SELECT `ID` FROM `jsl_module` WHERE  (  Sid = '64' ) [ RunTime:0.001393s ]
[ sql ] [ SQL ] SELECT `ID` FROM `jsl_module` WHERE  (  Sid = '75' ) [ RunTime:0.001377s ]
[ sql ] [ SQL ] SELECT COUNT(*) AS tp_count FROM `jsl_user` WHERE  (  ID = 1 ) LIMIT 1 [ RunTime:0.001262s ]
[ sql ] [ SQL ] SELECT COUNT(*) AS tp_count FROM `jsl_statis` WHERE  (  Uid = 1 ) LIMIT 1 [ RunTime:0.001304s ]
[ sql ] [ SQL ] UPDATE `jsl_statis`  SET `Dtime`='1649299626'  WHERE  (  Uid = 1 ) [ RunTime:0.001395s ]
[ sql ] [ SQL ] DELETE FROM `jsl_statis`    WHERE  `Dtime` < '1649299506' [ RunTime:0.001316s ]
[ sql ] [ SQL ] SELECT COUNT(*) AS tp_count FROM `jsl_user` WHERE  (  ID = 1 ) LIMIT 1 [ RunTime:0.001220s ]
[ sql ] [ SQL ] SELECT COUNT(*) AS tp_count FROM `jsl_statis` WHERE  (  Uid = 1 ) LIMIT 1 [ RunTime:0.001293s ]
[ sql ] [ SQL ] UPDATE `jsl_statis`  SET `Dtime`='1649299626'  WHERE  (  Uid = 1 ) [ RunTime:0.001362s ]
[ sql ] [ SQL ] DELETE FROM `jsl_statis`    WHERE  `Dtime` < '1649299506' [ RunTime:0.001360s ]
[ sql ] [ SQL ] SELECT COUNT(*) AS tp_count FROM `jsl_user` WHERE  (  ID = 1 ) LIMIT 1 [ RunTime:0.001254s ]
[ sql ] [ SQL ] SELECT COUNT(*) AS tp_count FROM `jsl_statis` WHERE  (  Uid = 1 ) LIMIT 1 [ RunTime:0.001229s ]
[ sql ] [ SQL ] UPDATE `jsl_statis`  SET `Dtime`='1649299626'  WHERE  (  Uid = 1 ) [ RunTime:0.001542s ]
[ sql ] [ SQL ] DELETE FROM `jsl_statis`    WHERE  `Dtime` < '1649299506' [ RunTime:0.001337s ]
[ error ] [8]未定义数组索引: id[F:\project\pointsmall\runtime\temp\cb1875549a15ea697c1a55e0379ea363.php:76]
[ error ] [8]未定义数组索引: id[F:\project\pointsmall\runtime\temp\cb1875549a15ea697c1a55e0379ea363.php:76]
[ error ] [8]未定义数组索引: id[F:\project\pointsmall\runtime\temp\cb1875549a15ea697c1a55e0379ea363.php:76]
---------------------------------------------------------------
[ 2022-04-07T10:47:07+08:00 ] 0.0.0.0 GET localhost:5601/index.php/admin/index/main.html?module=goods
[运行时间：0.191955s] [吞吐率：5.21req/s] [内存消耗：3,476.58kb] [文件加载：103]
[ info ] [ LANG ] F:\project\pointsmall\thinkphp\lang\zh-cn.php
[ info ] [ ROUTE ] array (
  'type' => 'module',
  'module' => 
  array (
    0 => 'admin',
    1 => 'index',
    2 => 'main',
  ),
)
[ info ] [ HEADER ] array (
  'cookie' => 'thinkphp_show_page_trace=0|0; thinkphp_show_page_trace=0|0; thinkphp_show_page_trace=0|0; thinkphp_show_page_trace=0|0; Phpstorm-221d8a55=3070f4be-a28e-4f38-8ced-98b71dc79863; PHPSESSID=3mf64ull9lsobhghr8qf3ev8tu',
  'accept-language' => 'zh-CN,zh;q=0.9',
  'accept-encoding' => 'gzip, deflate, br',
  'referer' => 'http://localhost:5601/index.php/admin/index/web.html',
  'sec-fetch-dest' => 'document',
  'sec-fetch-user' => '?1',
  'sec-fetch-mode' => 'navigate',
  'sec-fetch-site' => 'same-origin',
  'accept' => 'text/html,application/xhtml+xml,application/xml;q=0.9,image/avif,image/webp,image/apng,*/*;q=0.8,application/signed-exchange;v=b3;q=0.9',
  'user-agent' => 'Mozilla/5.0 (Windows NT 10.0; Win64; x64) AppleWebKit/537.36 (KHTML, like Gecko) Chrome/99.0.4844.51 Safari/537.36',
  'upgrade-insecure-requests' => '1',
  'sec-ch-ua-platform' => '"Windows"',
  'sec-ch-ua-mobile' => '?0',
  'sec-ch-ua' => '" Not A;Brand";v="99", "Chromium";v="99", "Google Chrome";v="99"',
  'connection' => 'close',
  'host' => 'localhost:5601',
)
[ info ] [ PARAM ] array (
  'module' => 'goods',
)
[ info ] [ RUN ] app\admin\controller\Index->main[ F:\project\pointsmall\application\admin\controller\Index.php ]
[ info ] [ SESSION ] INIT array (
  'id' => '',
  'var_session_id' => '',
  'prefix' => 'think',
  'type' => '',
  'auto_start' => true,
  'expire' => 18000,
)
[ info ] [ DB ] INIT mysql
[ info ] [ VIEW ] F:\project\pointsmall\public/../application/admin\view\index\main.html [ array (
  0 => 'list',
  1 => 'volist',
  2 => 'mod_list',
) ]
[ info ] [ LOG ] INIT File
[ sql ] [ DB ] CONNECT:[ UseTime:0.003442s ] mysql:host=172.16.2.244;port=3306;dbname=points-mall-test;charset=utf8mb4
[ sql ] [ SQL ] SHOW COLUMNS FROM `jsl_user` [ RunTime:0.003541s ]
[ sql ] [ SQL ] SELECT COUNT(*) AS tp_count FROM `jsl_user` WHERE  (  ID = 1 ) LIMIT 1 [ RunTime:0.002140s ]
[ sql ] [ SQL ] SHOW COLUMNS FROM `jsl_statis` [ RunTime:0.002296s ]
[ sql ] [ SQL ] SELECT COUNT(*) AS tp_count FROM `jsl_statis` WHERE  (  Uid = 1 ) LIMIT 1 [ RunTime:0.001113s ]
[ sql ] [ SQL ] UPDATE `jsl_statis`  SET `Dtime`='1649299627'  WHERE  (  Uid = 1 ) [ RunTime:0.001367s ]
[ sql ] [ SQL ] DELETE FROM `jsl_statis`    WHERE  `Dtime` < '1649299507' [ RunTime:0.001277s ]
[ sql ] [ SQL ] SHOW COLUMNS FROM `jsl_module` [ RunTime:0.002534s ]
[ sql ] [ SQL ] SELECT * FROM `jsl_module` WHERE  `Sid` = 0  AND `ID` IN (112,137,141)  AND `Status` = 0 ORDER BY `Msort` ASC [ RunTime:0.001396s ]
[ sql ] [ SQL ] SELECT * FROM `jsl_module` WHERE  (  Sid > 0 )  AND `Status` = 0 ORDER BY `Msort` ASC [ RunTime:0.001396s ]
[ sql ] [ SQL ] SHOW COLUMNS FROM `jsl_competence` [ RunTime:0.001789s ]
[ sql ] [ SQL ] SELECT * FROM `jsl_competence` WHERE  (  ID = '112' ) LIMIT 1 [ RunTime:0.001945s ]
[ sql ] [ SQL ] SELECT `ID` FROM `jsl_competence` WHERE  (  Sid = '' ) [ RunTime:0.001189s ]
[ sql ] [ SQL ] SELECT * FROM `jsl_competence` WHERE  (  ID = '107' ) LIMIT 1 [ RunTime:0.001302s ]
[ sql ] [ SQL ] SELECT `ID` FROM `jsl_competence` WHERE  (  Sid = '107' ) [ RunTime:0.001386s ]
[ sql ] [ SQL ] SELECT * FROM `jsl_competence` WHERE  (  ID = '113' ) LIMIT 1 [ RunTime:0.001329s ]
[ sql ] [ SQL ] SELECT `ID` FROM `jsl_competence` WHERE  (  Sid = '' ) [ RunTime:0.001295s ]
[ sql ] [ SQL ] SELECT * FROM `jsl_competence` WHERE  (  ID = '120' ) LIMIT 1 [ RunTime:0.001323s ]
[ sql ] [ SQL ] SELECT `ID` FROM `jsl_competence` WHERE  (  Sid = '' ) [ RunTime:0.001374s ]
[ sql ] [ SQL ] SELECT * FROM `jsl_competence` WHERE  (  ID = '364' ) LIMIT 1 [ RunTime:0.001316s ]
[ sql ] [ SQL ] SELECT `ID` FROM `jsl_competence` WHERE  (  Sid = '364' ) [ RunTime:0.013398s ]
[ sql ] [ SQL ] SELECT * FROM `jsl_competence` WHERE  (  ID = '126' ) LIMIT 1 [ RunTime:0.003139s ]
[ sql ] [ SQL ] SELECT `ID` FROM `jsl_competence` WHERE  (  Sid = '' ) [ RunTime:0.001227s ]
[ sql ] [ SQL ] SELECT * FROM `jsl_competence` WHERE  (  ID = '322' ) LIMIT 1 [ RunTime:0.001323s ]
[ sql ] [ SQL ] SELECT `ID` FROM `jsl_competence` WHERE  (  Sid = '' ) [ RunTime:0.001210s ]
[ sql ] [ SQL ] SELECT * FROM `jsl_competence` WHERE  (  ID = '1' ) LIMIT 1 [ RunTime:0.001133s ]
[ sql ] [ SQL ] SELECT `ID` FROM `jsl_competence` WHERE  (  Sid = '1' ) [ RunTime:0.001228s ]
[ sql ] [ SQL ] SELECT * FROM `jsl_competence` WHERE  (  ID = '354' ) LIMIT 1 [ RunTime:0.001215s ]
[ sql ] [ SQL ] SELECT `ID` FROM `jsl_competence` WHERE  (  Sid = '354' ) [ RunTime:0.001281s ]
[ sql ] [ SQL ] SELECT * FROM `jsl_competence` WHERE  (  ID = '362' ) LIMIT 1 [ RunTime:0.001310s ]
[ sql ] [ SQL ] SELECT `ID` FROM `jsl_competence` WHERE  (  Sid = '362' ) [ RunTime:0.001198s ]
[ sql ] [ SQL ] SELECT * FROM `jsl_competence` WHERE  (  ID = '311' ) LIMIT 1 [ RunTime:0.001198s ]
[ sql ] [ SQL ] SELECT `ID` FROM `jsl_competence` WHERE  (  Sid = '' ) [ RunTime:0.001081s ]
[ sql ] [ SQL ] SELECT * FROM `jsl_competence` WHERE  (  ID = '316' ) LIMIT 1 [ RunTime:0.002430s ]
[ sql ] [ SQL ] SELECT `ID` FROM `jsl_competence` WHERE  (  Sid = '' ) [ RunTime:0.001107s ]
[ sql ] [ SQL ] SELECT * FROM `jsl_competence` WHERE  (  ID = '44' ) LIMIT 1 [ RunTime:0.001369s ]
[ sql ] [ SQL ] SELECT `ID` FROM `jsl_competence` WHERE  (  Sid = '' ) [ RunTime:0.001165s ]
[ sql ] [ SQL ] SELECT * FROM `jsl_competence` WHERE  (  ID = '108' ) LIMIT 1 [ RunTime:0.001115s ]
[ sql ] [ SQL ] SELECT `ID` FROM `jsl_competence` WHERE  (  Sid = '108' ) [ RunTime:0.001205s ]
[ sql ] [ SQL ] SELECT * FROM `jsl_competence` WHERE  (  ID = '322' ) LIMIT 1 [ RunTime:0.001476s ]
[ sql ] [ SQL ] SELECT `ID` FROM `jsl_competence` WHERE  (  Sid = '' ) [ RunTime:0.012138s ]
[ sql ] [ SQL ] SELECT * FROM `jsl_competence` WHERE  (  ID = '11' ) LIMIT 1 [ RunTime:0.001242s ]
[ sql ] [ SQL ] SELECT `ID` FROM `jsl_competence` WHERE  (  Sid = '11' ) [ RunTime:0.001319s ]
[ sql ] [ SQL ] SELECT * FROM `jsl_competence` WHERE  (  ID = '44' ) LIMIT 1 [ RunTime:0.001345s ]
[ sql ] [ SQL ] SELECT `ID` FROM `jsl_competence` WHERE  (  Sid = '' ) [ RunTime:0.001407s ]
[ sql ] [ SQL ] SELECT * FROM `jsl_competence` WHERE  (  ID = '111' ) LIMIT 1 [ RunTime:0.001122s ]
[ sql ] [ SQL ] SELECT `ID` FROM `jsl_competence` WHERE  (  Sid = '111' ) [ RunTime:0.001293s ]
[ sql ] [ SQL ] SELECT * FROM `jsl_competence` WHERE  (  ID = '114' ) LIMIT 1 [ RunTime:0.001306s ]
[ sql ] [ SQL ] SELECT `ID` FROM `jsl_competence` WHERE  (  Sid = '' ) [ RunTime:0.001122s ]
[ sql ] [ SQL ] SELECT * FROM `jsl_competence` WHERE  (  ID = '59' ) LIMIT 1 [ RunTime:0.001430s ]
[ sql ] [ SQL ] SELECT `ID` FROM `jsl_competence` WHERE  (  Sid = '59' ) [ RunTime:0.001291s ]
[ sql ] [ SQL ] SELECT * FROM `jsl_competence` WHERE  (  ID = '323' ) LIMIT 1 [ RunTime:0.001248s ]
[ sql ] [ SQL ] SELECT `ID` FROM `jsl_competence` WHERE  (  Sid = '' ) [ RunTime:0.001166s ]
[ sql ] [ SQL ] SELECT * FROM `jsl_competence` WHERE  (  ID = '349' ) LIMIT 1 [ RunTime:0.001162s ]
[ sql ] [ SQL ] SELECT `ID` FROM `jsl_competence` WHERE  (  Sid = '349' ) [ RunTime:0.001337s ]
[ sql ] [ SQL ] SELECT * FROM `jsl_competence` WHERE  (  ID = '364' ) LIMIT 1 [ RunTime:0.001454s ]
[ sql ] [ SQL ] SELECT `ID` FROM `jsl_competence` WHERE  (  Sid = '364' ) [ RunTime:0.001472s ]
[ sql ] [ SQL ] SELECT * FROM `jsl_competence` WHERE  (  ID = '131' ) LIMIT 1 [ RunTime:0.001403s ]
[ sql ] [ SQL ] SELECT `ID` FROM `jsl_competence` WHERE  (  Sid = '' ) [ RunTime:0.001504s ]
[ sql ] [ SQL ] SELECT * FROM `jsl_competence` WHERE  (  ID = '364' ) LIMIT 1 [ RunTime:0.001339s ]
[ sql ] [ SQL ] SELECT `ID` FROM `jsl_competence` WHERE  (  Sid = '364' ) [ RunTime:0.001494s ]
[ sql ] [ SQL ] SELECT * FROM `jsl_competence` WHERE  (  ID = '354' ) LIMIT 1 [ RunTime:0.002385s ]
[ sql ] [ SQL ] SELECT `ID` FROM `jsl_competence` WHERE  (  Sid = '354' ) [ RunTime:0.001258s ]
[ sql ] [ SQL ] SELECT * FROM `jsl_competence` WHERE  (  ID = '109' ) LIMIT 1 [ RunTime:0.001170s ]
[ sql ] [ SQL ] SELECT `ID` FROM `jsl_competence` WHERE  (  Sid = '' ) [ RunTime:0.001218s ]
[ sql ] [ SQL ] SELECT `ID` FROM `jsl_module` WHERE  (  Sid = '112' ) [ RunTime:0.001322s ]
[ sql ] [ SQL ] SELECT `ID` FROM `jsl_module` WHERE  (  Sid = '137' ) [ RunTime:0.001140s ]
[ sql ] [ SQL ] SELECT `ID` FROM `jsl_module` WHERE  (  Sid = '141' ) [ RunTime:0.001305s ]
[ sql ] [ SQL ] SELECT COUNT(*) AS tp_count FROM `jsl_user` WHERE  (  ID = 1 ) LIMIT 1 [ RunTime:0.001275s ]
[ sql ] [ SQL ] SELECT COUNT(*) AS tp_count FROM `jsl_statis` WHERE  (  Uid = 1 ) LIMIT 1 [ RunTime:0.001187s ]
[ sql ] [ SQL ] UPDATE `jsl_statis`  SET `Dtime`='1649299627'  WHERE  (  Uid = 1 ) [ RunTime:0.001331s ]
[ sql ] [ SQL ] DELETE FROM `jsl_statis`    WHERE  `Dtime` < '1649299507' [ RunTime:0.001300s ]
[ sql ] [ SQL ] SELECT COUNT(*) AS tp_count FROM `jsl_user` WHERE  (  ID = 1 ) LIMIT 1 [ RunTime:0.001490s ]
[ sql ] [ SQL ] SELECT COUNT(*) AS tp_count FROM `jsl_statis` WHERE  (  Uid = 1 ) LIMIT 1 [ RunTime:0.001062s ]
[ sql ] [ SQL ] UPDATE `jsl_statis`  SET `Dtime`='1649299627'  WHERE  (  Uid = 1 ) [ RunTime:0.001132s ]
[ sql ] [ SQL ] DELETE FROM `jsl_statis`    WHERE  `Dtime` < '1649299507' [ RunTime:0.001172s ]
[ sql ] [ SQL ] SELECT COUNT(*) AS tp_count FROM `jsl_user` WHERE  (  ID = 1 ) LIMIT 1 [ RunTime:0.001184s ]
[ sql ] [ SQL ] SELECT COUNT(*) AS tp_count FROM `jsl_statis` WHERE  (  Uid = 1 ) LIMIT 1 [ RunTime:0.001121s ]
[ sql ] [ SQL ] UPDATE `jsl_statis`  SET `Dtime`='1649299627'  WHERE  (  Uid = 1 ) [ RunTime:0.001393s ]
[ sql ] [ SQL ] DELETE FROM `jsl_statis`    WHERE  `Dtime` < '1649299507' [ RunTime:0.001350s ]
[ error ] [8]未定义数组索引: id[F:\project\pointsmall\runtime\temp\9621c9c1e68b9b95a987015c655050b1.php:126]
[ error ] [8]未定义数组索引: id[F:\project\pointsmall\runtime\temp\9621c9c1e68b9b95a987015c655050b1.php:126]
[ error ] [8]未定义数组索引: id[F:\project\pointsmall\runtime\temp\9621c9c1e68b9b95a987015c655050b1.php:126]
---------------------------------------------------------------
[ 2022-04-07T10:47:07+08:00 ] 0.0.0.0 GET localhost:5601/index.php/admin/goods/tree.html
[运行时间：0.076287s] [吞吐率：13.11req/s] [内存消耗：3,350.95kb] [文件加载：98]
[ info ] [ LANG ] F:\project\pointsmall\thinkphp\lang\zh-cn.php
[ info ] [ ROUTE ] array (
  'type' => 'module',
  'module' => 
  array (
    0 => 'admin',
    1 => 'goods',
    2 => 'tree',
  ),
)
[ info ] [ HEADER ] array (
  'cookie' => 'thinkphp_show_page_trace=0|0; thinkphp_show_page_trace=0|0; thinkphp_show_page_trace=0|0; Phpstorm-221d8a55=3070f4be-a28e-4f38-8ced-98b71dc79863; PHPSESSID=3mf64ull9lsobhghr8qf3ev8tu',
  'accept-language' => 'zh-CN,zh;q=0.9',
  'accept-encoding' => 'gzip, deflate, br',
  'referer' => 'http://localhost:5601/index.php/admin/index/main.html?module=goods',
  'sec-fetch-dest' => 'iframe',
  'sec-fetch-mode' => 'navigate',
  'sec-fetch-site' => 'same-origin',
  'accept' => 'text/html,application/xhtml+xml,application/xml;q=0.9,image/avif,image/webp,image/apng,*/*;q=0.8,application/signed-exchange;v=b3;q=0.9',
  'user-agent' => 'Mozilla/5.0 (Windows NT 10.0; Win64; x64) AppleWebKit/537.36 (KHTML, like Gecko) Chrome/99.0.4844.51 Safari/537.36',
  'upgrade-insecure-requests' => '1',
  'sec-ch-ua-platform' => '"Windows"',
  'sec-ch-ua-mobile' => '?0',
  'sec-ch-ua' => '" Not A;Brand";v="99", "Chromium";v="99", "Google Chrome";v="99"',
  'connection' => 'close',
  'host' => 'localhost:5601',
)
[ info ] [ PARAM ] array (
)
[ info ] [ SESSION ] INIT array (
  'id' => '',
  'var_session_id' => '',
  'prefix' => 'think',
  'type' => '',
  'auto_start' => true,
  'expire' => 18000,
)
[ info ] [ DB ] INIT mysql
[ info ] [ RUN ] app\admin\controller\Goods->tree[ F:\project\pointsmall\application\admin\controller\Goods.php ]
[ info ] [ VIEW ] F:\project\pointsmall\public/../application/admin\view\goods\tree.html [ array (
) ]
[ info ] [ LOG ] INIT File
[ sql ] [ DB ] CONNECT:[ UseTime:0.004067s ] mysql:host=172.16.2.244;port=3306;dbname=points-mall-test;charset=utf8mb4
[ sql ] [ SQL ] SHOW COLUMNS FROM `jsl_user` [ RunTime:0.003773s ]
[ sql ] [ SQL ] SELECT COUNT(*) AS tp_count FROM `jsl_user` WHERE  (  ID = 1 ) LIMIT 1 [ RunTime:0.002322s ]
[ sql ] [ SQL ] SHOW COLUMNS FROM `jsl_statis` [ RunTime:0.002609s ]
[ sql ] [ SQL ] SELECT COUNT(*) AS tp_count FROM `jsl_statis` WHERE  (  Uid = 1 ) LIMIT 1 [ RunTime:0.001550s ]
[ sql ] [ SQL ] UPDATE `jsl_statis`  SET `Dtime`='1649299627'  WHERE  (  Uid = 1 ) [ RunTime:0.001376s ]
[ sql ] [ SQL ] DELETE FROM `jsl_statis`    WHERE  `Dtime` < '1649299507' [ RunTime:0.001381s ]
---------------------------------------------------------------
[ 2022-04-07T10:47:07+08:00 ] 0.0.0.0 GET localhost:5601/index.php/admin/goods/getdfhgoodslist.html?page=1&limit=15
[运行时间：0.106592s] [吞吐率：9.38req/s] [内存消耗：3,542.70kb] [文件加载：101]
[ info ] [ LANG ] F:\project\pointsmall\thinkphp\lang\zh-cn.php
[ info ] [ ROUTE ] array (
  'type' => 'module',
  'module' => 
  array (
    0 => 'admin',
    1 => 'goods',
    2 => 'getdfhgoodslist',
  ),
)
[ info ] [ HEADER ] array (
  'cookie' => 'thinkphp_show_page_trace=0|0; thinkphp_show_page_trace=0|0; thinkphp_show_page_trace=0|0; Phpstorm-221d8a55=3070f4be-a28e-4f38-8ced-98b71dc79863; PHPSESSID=3mf64ull9lsobhghr8qf3ev8tu',
  'accept-language' => 'zh-CN,zh;q=0.9',
  'accept-encoding' => 'gzip, deflate, br',
  'referer' => 'http://localhost:5601/index.php/admin/goods/tree.html',
  'sec-fetch-dest' => 'empty',
  'sec-fetch-mode' => 'cors',
  'sec-fetch-site' => 'same-origin',
  'sec-ch-ua-platform' => '"Windows"',
  'user-agent' => 'Mozilla/5.0 (Windows NT 10.0; Win64; x64) AppleWebKit/537.36 (KHTML, like Gecko) Chrome/99.0.4844.51 Safari/537.36',
  'sec-ch-ua-mobile' => '?0',
  'x-requested-with' => 'XMLHttpRequest',
  'accept' => 'application/json, text/javascript, */*; q=0.01',
  'sec-ch-ua' => '" Not A;Brand";v="99", "Chromium";v="99", "Google Chrome";v="99"',
  'connection' => 'close',
  'host' => 'localhost:5601',
)
[ info ] [ PARAM ] array (
  'page' => '1',
  'limit' => '15',
)
[ info ] [ SESSION ] INIT array (
  'id' => '',
  'var_session_id' => '',
  'prefix' => 'think',
  'type' => '',
  'auto_start' => true,
  'expire' => 18000,
)
[ info ] [ DB ] INIT mysql
[ info ] [ RUN ] app\admin\controller\Goods->getdfhgoodslist[ F:\project\pointsmall\application\admin\controller\Goods.php ]
[ info ] [ LOG ] INIT File
[ sql ] [ DB ] CONNECT:[ UseTime:0.003424s ] mysql:host=172.16.2.244;port=3306;dbname=points-mall-test;charset=utf8mb4
[ sql ] [ SQL ] SHOW COLUMNS FROM `jsl_user` [ RunTime:0.004274s ]
[ sql ] [ SQL ] SELECT COUNT(*) AS tp_count FROM `jsl_user` WHERE  (  ID = 1 ) LIMIT 1 [ RunTime:0.002124s ]
[ sql ] [ SQL ] SHOW COLUMNS FROM `jsl_statis` [ RunTime:0.002631s ]
[ sql ] [ SQL ] SELECT COUNT(*) AS tp_count FROM `jsl_statis` WHERE  (  Uid = 1 ) LIMIT 1 [ RunTime:0.001427s ]
[ sql ] [ SQL ] UPDATE `jsl_statis`  SET `Dtime`='1649299627'  WHERE  (  Uid = 1 ) [ RunTime:0.001239s ]
[ sql ] [ SQL ] DELETE FROM `jsl_statis`    WHERE  `Dtime` < '1649299507' [ RunTime:0.001313s ]
[ sql ] [ SQL ] SHOW COLUMNS FROM `jsl_points_goods` [ RunTime:0.003582s ]
[ sql ] [ SQL ] SELECT COUNT(*) AS tp_count FROM `jsl_points_goods` LIMIT 1 [ RunTime:0.001354s ]
[ sql ] [ SQL ] SELECT * FROM `jsl_points_goods` ORDER BY `add_time` DESC LIMIT 0,15 [ RunTime:0.001562s ]
[ sql ] [ SQL ] SHOW COLUMNS FROM `jsl_points_goods_category` [ RunTime:0.002300s ]
[ sql ] [ SQL ] SELECT `category_name` FROM `jsl_points_goods_category` WHERE  (  category_id='36' ) LIMIT 1 [ RunTime:0.001420s ]
[ sql ] [ SQL ] SELECT `category_name` FROM `jsl_points_goods_category` WHERE  (  category_id='28' ) LIMIT 1 [ RunTime:0.001272s ]
[ sql ] [ SQL ] SELECT `category_name` FROM `jsl_points_goods_category` WHERE  (  category_id='28' ) LIMIT 1 [ RunTime:0.001426s ]
[ sql ] [ SQL ] SELECT `category_name` FROM `jsl_points_goods_category` WHERE  (  category_id='28' ) LIMIT 1 [ RunTime:0.001216s ]
[ sql ] [ SQL ] SELECT `category_name` FROM `jsl_points_goods_category` WHERE  (  category_id='28' ) LIMIT 1 [ RunTime:0.001230s ]
[ sql ] [ SQL ] SELECT `category_name` FROM `jsl_points_goods_category` WHERE  (  category_id='36' ) LIMIT 1 [ RunTime:0.001204s ]
[ sql ] [ SQL ] SELECT `category_name` FROM `jsl_points_goods_category` WHERE  (  category_id='36' ) LIMIT 1 [ RunTime:0.001173s ]
[ sql ] [ SQL ] SELECT `category_name` FROM `jsl_points_goods_category` WHERE  (  category_id='36' ) LIMIT 1 [ RunTime:0.001193s ]
[ sql ] [ SQL ] SELECT `category_name` FROM `jsl_points_goods_category` WHERE  (  category_id='36' ) LIMIT 1 [ RunTime:0.001274s ]
[ sql ] [ SQL ] SELECT `category_name` FROM `jsl_points_goods_category` WHERE  (  category_id='2' ) LIMIT 1 [ RunTime:0.001236s ]
[ sql ] [ SQL ] SELECT `category_name` FROM `jsl_points_goods_category` WHERE  (  category_id='36' ) LIMIT 1 [ RunTime:0.001146s ]
[ sql ] [ SQL ] SELECT `category_name` FROM `jsl_points_goods_category` WHERE  (  category_id='36' ) LIMIT 1 [ RunTime:0.001132s ]
[ sql ] [ SQL ] SELECT `category_name` FROM `jsl_points_goods_category` WHERE  (  category_id='36' ) LIMIT 1 [ RunTime:0.001287s ]
[ sql ] [ SQL ] SELECT `category_name` FROM `jsl_points_goods_category` WHERE  (  category_id='36' ) LIMIT 1 [ RunTime:0.001283s ]
[ sql ] [ SQL ] SELECT `category_name` FROM `jsl_points_goods_category` WHERE  (  category_id='44' ) LIMIT 1 [ RunTime:0.001120s ]
---------------------------------------------------------------
[ 2022-04-07T10:47:12+08:00 ] 0.0.0.0 GET localhost:5601/index.php/admin/goodsclass/index.html
[运行时间：0.079997s] [吞吐率：12.50req/s] [内存消耗：3,545.20kb] [文件加载：103]
[ info ] [ LANG ] F:\project\pointsmall\thinkphp\lang\zh-cn.php
[ info ] [ ROUTE ] array (
  'type' => 'module',
  'module' => 
  array (
    0 => 'admin',
    1 => 'goodsclass',
    2 => 'index',
  ),
)
[ info ] [ HEADER ] array (
  'cookie' => 'thinkphp_show_page_trace=0|0; thinkphp_show_page_trace=0|0; thinkphp_show_page_trace=0|0; Phpstorm-221d8a55=3070f4be-a28e-4f38-8ced-98b71dc79863; PHPSESSID=3mf64ull9lsobhghr8qf3ev8tu',
  'accept-language' => 'zh-CN,zh;q=0.9',
  'accept-encoding' => 'gzip, deflate, br',
  'referer' => 'http://localhost:5601/index.php/admin/index/main.html?module=goods',
  'sec-fetch-dest' => 'iframe',
  'sec-fetch-user' => '?1',
  'sec-fetch-mode' => 'navigate',
  'sec-fetch-site' => 'same-origin',
  'accept' => 'text/html,application/xhtml+xml,application/xml;q=0.9,image/avif,image/webp,image/apng,*/*;q=0.8,application/signed-exchange;v=b3;q=0.9',
  'user-agent' => 'Mozilla/5.0 (Windows NT 10.0; Win64; x64) AppleWebKit/537.36 (KHTML, like Gecko) Chrome/99.0.4844.51 Safari/537.36',
  'upgrade-insecure-requests' => '1',
  'sec-ch-ua-platform' => '"Windows"',
  'sec-ch-ua-mobile' => '?0',
  'sec-ch-ua' => '" Not A;Brand";v="99", "Chromium";v="99", "Google Chrome";v="99"',
  'connection' => 'close',
  'host' => 'localhost:5601',
)
[ info ] [ PARAM ] array (
)
[ info ] [ SESSION ] INIT array (
  'id' => '',
  'var_session_id' => '',
  'prefix' => 'think',
  'type' => '',
  'auto_start' => true,
  'expire' => 18000,
)
[ info ] [ DB ] INIT mysql
[ info ] [ RUN ] app\admin\controller\Goodsclass->index[ F:\project\pointsmall\application\admin\controller\Goodsclass.php ]
[ info ] [ VIEW ] F:\project\pointsmall\public/../application/admin\view\goodsclass\index.html [ array (
  0 => 'department_list',
  1 => 'list',
  2 => 'pointsgoodscategory',
) ]
[ info ] [ LOG ] INIT File
[ sql ] [ DB ] CONNECT:[ UseTime:0.003662s ] mysql:host=172.16.2.244;port=3306;dbname=points-mall-test;charset=utf8mb4
[ sql ] [ SQL ] SHOW COLUMNS FROM `jsl_user` [ RunTime:0.003710s ]
[ sql ] [ SQL ] SELECT COUNT(*) AS tp_count FROM `jsl_user` WHERE  (  ID = 1 ) LIMIT 1 [ RunTime:0.002285s ]
[ sql ] [ SQL ] SHOW COLUMNS FROM `jsl_statis` [ RunTime:0.002468s ]
[ sql ] [ SQL ] SELECT COUNT(*) AS tp_count FROM `jsl_statis` WHERE  (  Uid = 1 ) LIMIT 1 [ RunTime:0.001584s ]
[ sql ] [ SQL ] UPDATE `jsl_statis`  SET `Dtime`='1649299632'  WHERE  (  Uid = 1 ) [ RunTime:0.001701s ]
[ sql ] [ SQL ] DELETE FROM `jsl_statis`    WHERE  `Dtime` < '1649299512' [ RunTime:0.001381s ]
[ sql ] [ SQL ] SHOW COLUMNS FROM `jsl_points_goods_category` [ RunTime:0.002153s ]
[ sql ] [ SQL ] SELECT COUNT(*) AS tp_count FROM `jsl_points_goods_category` LIMIT 1 [ RunTime:0.001402s ]
[ sql ] [ SQL ] SELECT * FROM `jsl_points_goods_category` ORDER BY `sort` ASC LIMIT 0,15 [ RunTime:0.001373s ]
---------------------------------------------------------------
[ 2022-04-07T10:47:12+08:00 ] 0.0.0.0 GET localhost:5601/index.php/admin/goodsclass/getgoodsclasslist.html?page=1&limit=15
[运行时间：0.054741s] [吞吐率：18.27req/s] [内存消耗：3,325.45kb] [文件加载：99]
[ info ] [ LANG ] F:\project\pointsmall\thinkphp\lang\zh-cn.php
[ info ] [ ROUTE ] array (
  'type' => 'module',
  'module' => 
  array (
    0 => 'admin',
    1 => 'goodsclass',
    2 => 'getgoodsclasslist',
  ),
)
[ info ] [ HEADER ] array (
  'cookie' => 'thinkphp_show_page_trace=0|0; thinkphp_show_page_trace=0|0; thinkphp_show_page_trace=0|0; Phpstorm-221d8a55=3070f4be-a28e-4f38-8ced-98b71dc79863; PHPSESSID=3mf64ull9lsobhghr8qf3ev8tu',
  'accept-language' => 'zh-CN,zh;q=0.9',
  'accept-encoding' => 'gzip, deflate, br',
  'referer' => 'http://localhost:5601/index.php/admin/goodsclass/index.html',
  'sec-fetch-dest' => 'empty',
  'sec-fetch-mode' => 'cors',
  'sec-fetch-site' => 'same-origin',
  'sec-ch-ua-platform' => '"Windows"',
  'user-agent' => 'Mozilla/5.0 (Windows NT 10.0; Win64; x64) AppleWebKit/537.36 (KHTML, like Gecko) Chrome/99.0.4844.51 Safari/537.36',
  'sec-ch-ua-mobile' => '?0',
  'x-requested-with' => 'XMLHttpRequest',
  'accept' => 'application/json, text/javascript, */*; q=0.01',
  'sec-ch-ua' => '" Not A;Brand";v="99", "Chromium";v="99", "Google Chrome";v="99"',
  'connection' => 'close',
  'host' => 'localhost:5601',
)
[ info ] [ PARAM ] array (
  'page' => '1',
  'limit' => '15',
)
[ info ] [ SESSION ] INIT array (
  'id' => '',
  'var_session_id' => '',
  'prefix' => 'think',
  'type' => '',
  'auto_start' => true,
  'expire' => 18000,
)
[ info ] [ DB ] INIT mysql
[ info ] [ RUN ] app\admin\controller\Goodsclass->getGoodsclassList[ F:\project\pointsmall\application\admin\controller\Goodsclass.php ]
[ info ] [ LOG ] INIT File
[ sql ] [ DB ] CONNECT:[ UseTime:0.016027s ] mysql:host=172.16.2.244;port=3306;dbname=points-mall-test;charset=utf8mb4
[ sql ] [ SQL ] SHOW COLUMNS FROM `jsl_user` [ RunTime:0.004055s ]
[ sql ] [ SQL ] SELECT COUNT(*) AS tp_count FROM `jsl_user` WHERE  (  ID = 1 ) LIMIT 1 [ RunTime:0.002337s ]
[ sql ] [ SQL ] SHOW COLUMNS FROM `jsl_statis` [ RunTime:0.002665s ]
[ sql ] [ SQL ] SELECT COUNT(*) AS tp_count FROM `jsl_statis` WHERE  (  Uid = 1 ) LIMIT 1 [ RunTime:0.001395s ]
[ sql ] [ SQL ] UPDATE `jsl_statis`  SET `Dtime`='1649299632'  WHERE  (  Uid = 1 ) [ RunTime:0.001355s ]
[ sql ] [ SQL ] DELETE FROM `jsl_statis`    WHERE  `Dtime` < '1649299512' [ RunTime:0.001444s ]
[ sql ] [ SQL ] SELECT count(*) AS t FROM ( SELECT 1 FROM jsl_points_goods_category AS ps 
    	 WHERE 1    GROUP BY ps.category_id) AS temp [ RunTime:0.001618s ]
[ sql ] [ SQL ] SELECT ps.*
    	FROM jsl_points_goods_category AS ps 
    	 WHERE 1    GROUP BY ps.category_id ORDER BY  ps.sort ASC ,ps.category_id ASC  LIMIT 0,15 [ RunTime:0.001484s ]
[ error ] [8]未定义数组索引: category_name[F:\project\pointsmall\application\common\model\Pointsgoodscategory.php:12]
---------------------------------------------------------------
[ 2022-04-07T10:47:14+08:00 ] 0.0.0.0 GET localhost:5601/index.php/admin/goods/recommend.html
[运行时间：0.102070s] [吞吐率：9.80req/s] [内存消耗：3,322.96kb] [文件加载：99]
[ info ] [ LANG ] F:\project\pointsmall\thinkphp\lang\zh-cn.php
[ info ] [ ROUTE ] array (
  'type' => 'module',
  'module' => 
  array (
    0 => 'admin',
    1 => 'goods',
    2 => 'recommend',
  ),
)
[ info ] [ HEADER ] array (
  'cookie' => 'thinkphp_show_page_trace=0|0; thinkphp_show_page_trace=0|0; thinkphp_show_page_trace=0|0; Phpstorm-221d8a55=3070f4be-a28e-4f38-8ced-98b71dc79863; PHPSESSID=3mf64ull9lsobhghr8qf3ev8tu',
  'accept-language' => 'zh-CN,zh;q=0.9',
  'accept-encoding' => 'gzip, deflate, br',
  'referer' => 'http://localhost:5601/index.php/admin/index/main.html?module=goods',
  'sec-fetch-dest' => 'iframe',
  'sec-fetch-user' => '?1',
  'sec-fetch-mode' => 'navigate',
  'sec-fetch-site' => 'same-origin',
  'accept' => 'text/html,application/xhtml+xml,application/xml;q=0.9,image/avif,image/webp,image/apng,*/*;q=0.8,application/signed-exchange;v=b3;q=0.9',
  'user-agent' => 'Mozilla/5.0 (Windows NT 10.0; Win64; x64) AppleWebKit/537.36 (KHTML, like Gecko) Chrome/99.0.4844.51 Safari/537.36',
  'upgrade-insecure-requests' => '1',
  'sec-ch-ua-platform' => '"Windows"',
  'sec-ch-ua-mobile' => '?0',
  'sec-ch-ua' => '" Not A;Brand";v="99", "Chromium";v="99", "Google Chrome";v="99"',
  'connection' => 'close',
  'host' => 'localhost:5601',
)
[ info ] [ PARAM ] array (
)
[ info ] [ SESSION ] INIT array (
  'id' => '',
  'var_session_id' => '',
  'prefix' => 'think',
  'type' => '',
  'auto_start' => true,
  'expire' => 18000,
)
[ info ] [ DB ] INIT mysql
[ info ] [ LOG ] INIT File
[ sql ] [ DB ] CONNECT:[ UseTime:0.025930s ] mysql:host=172.16.2.244;port=3306;dbname=points-mall-test;charset=utf8mb4
[ sql ] [ SQL ] SHOW COLUMNS FROM `jsl_user` [ RunTime:0.003816s ]
[ sql ] [ SQL ] SELECT COUNT(*) AS tp_count FROM `jsl_user` WHERE  (  ID = 1 ) LIMIT 1 [ RunTime:0.002355s ]
[ sql ] [ SQL ] SHOW COLUMNS FROM `jsl_statis` [ RunTime:0.003286s ]
[ sql ] [ SQL ] SELECT COUNT(*) AS tp_count FROM `jsl_statis` WHERE  (  Uid = 1 ) LIMIT 1 [ RunTime:0.001462s ]
[ sql ] [ SQL ] UPDATE `jsl_statis`  SET `Dtime`='1649299634'  WHERE  (  Uid = 1 ) [ RunTime:0.001919s ]
[ sql ] [ SQL ] DELETE FROM `jsl_statis`    WHERE  `Dtime` < '1649299514' [ RunTime:0.001641s ]
---------------------------------------------------------------
[ 2022-04-07T10:47:19+08:00 ] 0.0.0.0 GET localhost:5601/index.php/admin/goods/tree.html
[运行时间：0.055506s] [吞吐率：18.02req/s] [内存消耗：3,351.13kb] [文件加载：98]
[ info ] [ LANG ] F:\project\pointsmall\thinkphp\lang\zh-cn.php
[ info ] [ ROUTE ] array (
  'type' => 'module',
  'module' => 
  array (
    0 => 'admin',
    1 => 'goods',
    2 => 'tree',
  ),
)
[ info ] [ HEADER ] array (
  'cookie' => 'thinkphp_show_page_trace=0|0; thinkphp_show_page_trace=0|0; thinkphp_show_page_trace=0|0; Phpstorm-221d8a55=3070f4be-a28e-4f38-8ced-98b71dc79863; PHPSESSID=3mf64ull9lsobhghr8qf3ev8tu',
  'accept-language' => 'zh-CN,zh;q=0.9',
  'accept-encoding' => 'gzip, deflate, br',
  'referer' => 'http://localhost:5601/index.php/admin/index/main.html?module=goods',
  'sec-fetch-dest' => 'iframe',
  'sec-fetch-user' => '?1',
  'sec-fetch-mode' => 'navigate',
  'sec-fetch-site' => 'same-origin',
  'accept' => 'text/html,application/xhtml+xml,application/xml;q=0.9,image/avif,image/webp,image/apng,*/*;q=0.8,application/signed-exchange;v=b3;q=0.9',
  'user-agent' => 'Mozilla/5.0 (Windows NT 10.0; Win64; x64) AppleWebKit/537.36 (KHTML, like Gecko) Chrome/99.0.4844.51 Safari/537.36',
  'upgrade-insecure-requests' => '1',
  'sec-ch-ua-platform' => '"Windows"',
  'sec-ch-ua-mobile' => '?0',
  'sec-ch-ua' => '" Not A;Brand";v="99", "Chromium";v="99", "Google Chrome";v="99"',
  'connection' => 'close',
  'host' => 'localhost:5601',
)
[ info ] [ PARAM ] array (
)
[ info ] [ SESSION ] INIT array (
  'id' => '',
  'var_session_id' => '',
  'prefix' => 'think',
  'type' => '',
  'auto_start' => true,
  'expire' => 18000,
)
[ info ] [ DB ] INIT mysql
[ info ] [ RUN ] app\admin\controller\Goods->tree[ F:\project\pointsmall\application\admin\controller\Goods.php ]
[ info ] [ VIEW ] F:\project\pointsmall\public/../application/admin\view\goods\tree.html [ array (
) ]
[ info ] [ LOG ] INIT File
[ sql ] [ DB ] CONNECT:[ UseTime:0.021348s ] mysql:host=172.16.2.244;port=3306;dbname=points-mall-test;charset=utf8mb4
[ sql ] [ SQL ] SHOW COLUMNS FROM `jsl_user` [ RunTime:0.003700s ]
[ sql ] [ SQL ] SELECT COUNT(*) AS tp_count FROM `jsl_user` WHERE  (  ID = 1 ) LIMIT 1 [ RunTime:0.002229s ]
[ sql ] [ SQL ] SHOW COLUMNS FROM `jsl_statis` [ RunTime:0.002601s ]
[ sql ] [ SQL ] SELECT COUNT(*) AS tp_count FROM `jsl_statis` WHERE  (  Uid = 1 ) LIMIT 1 [ RunTime:0.001386s ]
[ sql ] [ SQL ] UPDATE `jsl_statis`  SET `Dtime`='1649299639'  WHERE  (  Uid = 1 ) [ RunTime:0.001527s ]
[ sql ] [ SQL ] DELETE FROM `jsl_statis`    WHERE  `Dtime` < '1649299519' [ RunTime:0.001437s ]
---------------------------------------------------------------
[ 2022-04-07T10:47:19+08:00 ] 0.0.0.0 GET localhost:5601/index.php/admin/goods/getdfhgoodslist.html?page=1&limit=15
[运行时间：0.083393s] [吞吐率：11.99req/s] [内存消耗：3,542.70kb] [文件加载：101]
[ info ] [ LANG ] F:\project\pointsmall\thinkphp\lang\zh-cn.php
[ info ] [ ROUTE ] array (
  'type' => 'module',
  'module' => 
  array (
    0 => 'admin',
    1 => 'goods',
    2 => 'getdfhgoodslist',
  ),
)
[ info ] [ HEADER ] array (
  'cookie' => 'thinkphp_show_page_trace=0|0; thinkphp_show_page_trace=0|0; thinkphp_show_page_trace=0|0; Phpstorm-221d8a55=3070f4be-a28e-4f38-8ced-98b71dc79863; PHPSESSID=3mf64ull9lsobhghr8qf3ev8tu',
  'accept-language' => 'zh-CN,zh;q=0.9',
  'accept-encoding' => 'gzip, deflate, br',
  'referer' => 'http://localhost:5601/index.php/admin/goods/tree.html',
  'sec-fetch-dest' => 'empty',
  'sec-fetch-mode' => 'cors',
  'sec-fetch-site' => 'same-origin',
  'sec-ch-ua-platform' => '"Windows"',
  'user-agent' => 'Mozilla/5.0 (Windows NT 10.0; Win64; x64) AppleWebKit/537.36 (KHTML, like Gecko) Chrome/99.0.4844.51 Safari/537.36',
  'sec-ch-ua-mobile' => '?0',
  'x-requested-with' => 'XMLHttpRequest',
  'accept' => 'application/json, text/javascript, */*; q=0.01',
  'sec-ch-ua' => '" Not A;Brand";v="99", "Chromium";v="99", "Google Chrome";v="99"',
  'connection' => 'close',
  'host' => 'localhost:5601',
)
[ info ] [ PARAM ] array (
  'page' => '1',
  'limit' => '15',
)
[ info ] [ SESSION ] INIT array (
  'id' => '',
  'var_session_id' => '',
  'prefix' => 'think',
  'type' => '',
  'auto_start' => true,
  'expire' => 18000,
)
[ info ] [ DB ] INIT mysql
[ info ] [ RUN ] app\admin\controller\Goods->getdfhgoodslist[ F:\project\pointsmall\application\admin\controller\Goods.php ]
[ info ] [ LOG ] INIT File
[ sql ] [ DB ] CONNECT:[ UseTime:0.020245s ] mysql:host=172.16.2.244;port=3306;dbname=points-mall-test;charset=utf8mb4
[ sql ] [ SQL ] SHOW COLUMNS FROM `jsl_user` [ RunTime:0.003796s ]
[ sql ] [ SQL ] SELECT COUNT(*) AS tp_count FROM `jsl_user` WHERE  (  ID = 1 ) LIMIT 1 [ RunTime:0.002240s ]
[ sql ] [ SQL ] SHOW COLUMNS FROM `jsl_statis` [ RunTime:0.002447s ]
[ sql ] [ SQL ] SELECT COUNT(*) AS tp_count FROM `jsl_statis` WHERE  (  Uid = 1 ) LIMIT 1 [ RunTime:0.001315s ]
[ sql ] [ SQL ] UPDATE `jsl_statis`  SET `Dtime`='1649299639'  WHERE  (  Uid = 1 ) [ RunTime:0.001545s ]
[ sql ] [ SQL ] DELETE FROM `jsl_statis`    WHERE  `Dtime` < '1649299519' [ RunTime:0.001396s ]
[ sql ] [ SQL ] SHOW COLUMNS FROM `jsl_points_goods` [ RunTime:0.002173s ]
[ sql ] [ SQL ] SELECT COUNT(*) AS tp_count FROM `jsl_points_goods` LIMIT 1 [ RunTime:0.001401s ]
[ sql ] [ SQL ] SELECT * FROM `jsl_points_goods` ORDER BY `add_time` DESC LIMIT 0,15 [ RunTime:0.001483s ]
[ sql ] [ SQL ] SHOW COLUMNS FROM `jsl_points_goods_category` [ RunTime:0.001909s ]
[ sql ] [ SQL ] SELECT `category_name` FROM `jsl_points_goods_category` WHERE  (  category_id='36' ) LIMIT 1 [ RunTime:0.001285s ]
[ sql ] [ SQL ] SELECT `category_name` FROM `jsl_points_goods_category` WHERE  (  category_id='28' ) LIMIT 1 [ RunTime:0.001144s ]
[ sql ] [ SQL ] SELECT `category_name` FROM `jsl_points_goods_category` WHERE  (  category_id='28' ) LIMIT 1 [ RunTime:0.001312s ]
[ sql ] [ SQL ] SELECT `category_name` FROM `jsl_points_goods_category` WHERE  (  category_id='28' ) LIMIT 1 [ RunTime:0.001185s ]
[ sql ] [ SQL ] SELECT `category_name` FROM `jsl_points_goods_category` WHERE  (  category_id='28' ) LIMIT 1 [ RunTime:0.001140s ]
[ sql ] [ SQL ] SELECT `category_name` FROM `jsl_points_goods_category` WHERE  (  category_id='36' ) LIMIT 1 [ RunTime:0.001276s ]
[ sql ] [ SQL ] SELECT `category_name` FROM `jsl_points_goods_category` WHERE  (  category_id='36' ) LIMIT 1 [ RunTime:0.001333s ]
[ sql ] [ SQL ] SELECT `category_name` FROM `jsl_points_goods_category` WHERE  (  category_id='36' ) LIMIT 1 [ RunTime:0.001425s ]
[ sql ] [ SQL ] SELECT `category_name` FROM `jsl_points_goods_category` WHERE  (  category_id='36' ) LIMIT 1 [ RunTime:0.001376s ]
[ sql ] [ SQL ] SELECT `category_name` FROM `jsl_points_goods_category` WHERE  (  category_id='2' ) LIMIT 1 [ RunTime:0.001193s ]
[ sql ] [ SQL ] SELECT `category_name` FROM `jsl_points_goods_category` WHERE  (  category_id='36' ) LIMIT 1 [ RunTime:0.001194s ]
[ sql ] [ SQL ] SELECT `category_name` FROM `jsl_points_goods_category` WHERE  (  category_id='36' ) LIMIT 1 [ RunTime:0.001432s ]
[ sql ] [ SQL ] SELECT `category_name` FROM `jsl_points_goods_category` WHERE  (  category_id='36' ) LIMIT 1 [ RunTime:0.001403s ]
[ sql ] [ SQL ] SELECT `category_name` FROM `jsl_points_goods_category` WHERE  (  category_id='36' ) LIMIT 1 [ RunTime:0.001261s ]
[ sql ] [ SQL ] SELECT `category_name` FROM `jsl_points_goods_category` WHERE  (  category_id='44' ) LIMIT 1 [ RunTime:0.001260s ]
---------------------------------------------------------------
[ 2022-04-07T10:47:20+08:00 ] 0.0.0.0 GET localhost:5601/index.php/admin/goodsclass/index.html
[运行时间：0.065547s] [吞吐率：15.26req/s] [内存消耗：3,545.20kb] [文件加载：103]
[ info ] [ LANG ] F:\project\pointsmall\thinkphp\lang\zh-cn.php
[ info ] [ ROUTE ] array (
  'type' => 'module',
  'module' => 
  array (
    0 => 'admin',
    1 => 'goodsclass',
    2 => 'index',
  ),
)
[ info ] [ HEADER ] array (
  'cookie' => 'thinkphp_show_page_trace=0|0; thinkphp_show_page_trace=0|0; thinkphp_show_page_trace=0|0; Phpstorm-221d8a55=3070f4be-a28e-4f38-8ced-98b71dc79863; PHPSESSID=3mf64ull9lsobhghr8qf3ev8tu',
  'accept-language' => 'zh-CN,zh;q=0.9',
  'accept-encoding' => 'gzip, deflate, br',
  'referer' => 'http://localhost:5601/index.php/admin/index/main.html?module=goods',
  'sec-fetch-dest' => 'iframe',
  'sec-fetch-user' => '?1',
  'sec-fetch-mode' => 'navigate',
  'sec-fetch-site' => 'same-origin',
  'accept' => 'text/html,application/xhtml+xml,application/xml;q=0.9,image/avif,image/webp,image/apng,*/*;q=0.8,application/signed-exchange;v=b3;q=0.9',
  'user-agent' => 'Mozilla/5.0 (Windows NT 10.0; Win64; x64) AppleWebKit/537.36 (KHTML, like Gecko) Chrome/99.0.4844.51 Safari/537.36',
  'upgrade-insecure-requests' => '1',
  'sec-ch-ua-platform' => '"Windows"',
  'sec-ch-ua-mobile' => '?0',
  'sec-ch-ua' => '" Not A;Brand";v="99", "Chromium";v="99", "Google Chrome";v="99"',
  'connection' => 'close',
  'host' => 'localhost:5601',
)
[ info ] [ PARAM ] array (
)
[ info ] [ SESSION ] INIT array (
  'id' => '',
  'var_session_id' => '',
  'prefix' => 'think',
  'type' => '',
  'auto_start' => true,
  'expire' => 18000,
)
[ info ] [ DB ] INIT mysql
[ info ] [ RUN ] app\admin\controller\Goodsclass->index[ F:\project\pointsmall\application\admin\controller\Goodsclass.php ]
[ info ] [ VIEW ] F:\project\pointsmall\public/../application/admin\view\goodsclass\index.html [ array (
  0 => 'department_list',
  1 => 'list',
  2 => 'pointsgoodscategory',
) ]
[ info ] [ LOG ] INIT File
[ sql ] [ DB ] CONNECT:[ UseTime:0.023814s ] mysql:host=172.16.2.244;port=3306;dbname=points-mall-test;charset=utf8mb4
[ sql ] [ SQL ] SHOW COLUMNS FROM `jsl_user` [ RunTime:0.003808s ]
[ sql ] [ SQL ] SELECT COUNT(*) AS tp_count FROM `jsl_user` WHERE  (  ID = 1 ) LIMIT 1 [ RunTime:0.002353s ]
[ sql ] [ SQL ] SHOW COLUMNS FROM `jsl_statis` [ RunTime:0.002612s ]
[ sql ] [ SQL ] SELECT COUNT(*) AS tp_count FROM `jsl_statis` WHERE  (  Uid = 1 ) LIMIT 1 [ RunTime:0.001489s ]
[ sql ] [ SQL ] UPDATE `jsl_statis`  SET `Dtime`='1649299640'  WHERE  (  Uid = 1 ) [ RunTime:0.001550s ]
[ sql ] [ SQL ] DELETE FROM `jsl_statis`    WHERE  `Dtime` < '1649299520' [ RunTime:0.001577s ]
[ sql ] [ SQL ] SHOW COLUMNS FROM `jsl_points_goods_category` [ RunTime:0.002257s ]
[ sql ] [ SQL ] SELECT COUNT(*) AS tp_count FROM `jsl_points_goods_category` LIMIT 1 [ RunTime:0.001427s ]
[ sql ] [ SQL ] SELECT * FROM `jsl_points_goods_category` ORDER BY `sort` ASC LIMIT 0,15 [ RunTime:0.001510s ]
---------------------------------------------------------------
[ 2022-04-07T10:47:20+08:00 ] 0.0.0.0 GET localhost:5601/index.php/admin/goodsclass/getgoodsclasslist.html?page=1&limit=15
[运行时间：0.065514s] [吞吐率：15.26req/s] [内存消耗：3,325.45kb] [文件加载：99]
[ info ] [ LANG ] F:\project\pointsmall\thinkphp\lang\zh-cn.php
[ info ] [ ROUTE ] array (
  'type' => 'module',
  'module' => 
  array (
    0 => 'admin',
    1 => 'goodsclass',
    2 => 'getgoodsclasslist',
  ),
)
[ info ] [ HEADER ] array (
  'cookie' => 'thinkphp_show_page_trace=0|0; thinkphp_show_page_trace=0|0; thinkphp_show_page_trace=0|0; Phpstorm-221d8a55=3070f4be-a28e-4f38-8ced-98b71dc79863; PHPSESSID=3mf64ull9lsobhghr8qf3ev8tu',
  'accept-language' => 'zh-CN,zh;q=0.9',
  'accept-encoding' => 'gzip, deflate, br',
  'referer' => 'http://localhost:5601/index.php/admin/goodsclass/index.html',
  'sec-fetch-dest' => 'empty',
  'sec-fetch-mode' => 'cors',
  'sec-fetch-site' => 'same-origin',
  'sec-ch-ua-platform' => '"Windows"',
  'user-agent' => 'Mozilla/5.0 (Windows NT 10.0; Win64; x64) AppleWebKit/537.36 (KHTML, like Gecko) Chrome/99.0.4844.51 Safari/537.36',
  'sec-ch-ua-mobile' => '?0',
  'x-requested-with' => 'XMLHttpRequest',
  'accept' => 'application/json, text/javascript, */*; q=0.01',
  'sec-ch-ua' => '" Not A;Brand";v="99", "Chromium";v="99", "Google Chrome";v="99"',
  'connection' => 'close',
  'host' => 'localhost:5601',
)
[ info ] [ PARAM ] array (
  'page' => '1',
  'limit' => '15',
)
[ info ] [ SESSION ] INIT array (
  'id' => '',
  'var_session_id' => '',
  'prefix' => 'think',
  'type' => '',
  'auto_start' => true,
  'expire' => 18000,
)
[ info ] [ DB ] INIT mysql
[ info ] [ RUN ] app\admin\controller\Goodsclass->getGoodsclassList[ F:\project\pointsmall\application\admin\controller\Goodsclass.php ]
[ info ] [ LOG ] INIT File
[ sql ] [ DB ] CONNECT:[ UseTime:0.028884s ] mysql:host=172.16.2.244;port=3306;dbname=points-mall-test;charset=utf8mb4
[ sql ] [ SQL ] SHOW COLUMNS FROM `jsl_user` [ RunTime:0.003633s ]
[ sql ] [ SQL ] SELECT COUNT(*) AS tp_count FROM `jsl_user` WHERE  (  ID = 1 ) LIMIT 1 [ RunTime:0.002118s ]
[ sql ] [ SQL ] SHOW COLUMNS FROM `jsl_statis` [ RunTime:0.002416s ]
[ sql ] [ SQL ] SELECT COUNT(*) AS tp_count FROM `jsl_statis` WHERE  (  Uid = 1 ) LIMIT 1 [ RunTime:0.001273s ]
[ sql ] [ SQL ] UPDATE `jsl_statis`  SET `Dtime`='1649299640'  WHERE  (  Uid = 1 ) [ RunTime:0.001452s ]
[ sql ] [ SQL ] DELETE FROM `jsl_statis`    WHERE  `Dtime` < '1649299520' [ RunTime:0.001583s ]
[ sql ] [ SQL ] SELECT count(*) AS t FROM ( SELECT 1 FROM jsl_points_goods_category AS ps 
    	 WHERE 1    GROUP BY ps.category_id) AS temp [ RunTime:0.001482s ]
[ sql ] [ SQL ] SELECT ps.*
    	FROM jsl_points_goods_category AS ps 
    	 WHERE 1    GROUP BY ps.category_id ORDER BY  ps.sort ASC ,ps.category_id ASC  LIMIT 0,15 [ RunTime:0.001447s ]
[ error ] [8]未定义数组索引: category_name[F:\project\pointsmall\application\common\model\Pointsgoodscategory.php:12]
---------------------------------------------------------------
[ 2022-04-07T10:47:21+08:00 ] 0.0.0.0 GET localhost:5601/index.php/admin/goods/tree.html
[运行时间：0.054937s] [吞吐率：18.20req/s] [内存消耗：3,351.13kb] [文件加载：98]
[ info ] [ LANG ] F:\project\pointsmall\thinkphp\lang\zh-cn.php
[ info ] [ ROUTE ] array (
  'type' => 'module',
  'module' => 
  array (
    0 => 'admin',
    1 => 'goods',
    2 => 'tree',
  ),
)
[ info ] [ HEADER ] array (
  'cookie' => 'thinkphp_show_page_trace=0|0; thinkphp_show_page_trace=0|0; thinkphp_show_page_trace=0|0; Phpstorm-221d8a55=3070f4be-a28e-4f38-8ced-98b71dc79863; PHPSESSID=3mf64ull9lsobhghr8qf3ev8tu',
  'accept-language' => 'zh-CN,zh;q=0.9',
  'accept-encoding' => 'gzip, deflate, br',
  'referer' => 'http://localhost:5601/index.php/admin/index/main.html?module=goods',
  'sec-fetch-dest' => 'iframe',
  'sec-fetch-user' => '?1',
  'sec-fetch-mode' => 'navigate',
  'sec-fetch-site' => 'same-origin',
  'accept' => 'text/html,application/xhtml+xml,application/xml;q=0.9,image/avif,image/webp,image/apng,*/*;q=0.8,application/signed-exchange;v=b3;q=0.9',
  'user-agent' => 'Mozilla/5.0 (Windows NT 10.0; Win64; x64) AppleWebKit/537.36 (KHTML, like Gecko) Chrome/99.0.4844.51 Safari/537.36',
  'upgrade-insecure-requests' => '1',
  'sec-ch-ua-platform' => '"Windows"',
  'sec-ch-ua-mobile' => '?0',
  'sec-ch-ua' => '" Not A;Brand";v="99", "Chromium";v="99", "Google Chrome";v="99"',
  'connection' => 'close',
  'host' => 'localhost:5601',
)
[ info ] [ PARAM ] array (
)
[ info ] [ SESSION ] INIT array (
  'id' => '',
  'var_session_id' => '',
  'prefix' => 'think',
  'type' => '',
  'auto_start' => true,
  'expire' => 18000,
)
[ info ] [ DB ] INIT mysql
[ info ] [ RUN ] app\admin\controller\Goods->tree[ F:\project\pointsmall\application\admin\controller\Goods.php ]
[ info ] [ VIEW ] F:\project\pointsmall\public/../application/admin\view\goods\tree.html [ array (
) ]
[ info ] [ LOG ] INIT File
[ sql ] [ DB ] CONNECT:[ UseTime:0.017856s ] mysql:host=172.16.2.244;port=3306;dbname=points-mall-test;charset=utf8mb4
[ sql ] [ SQL ] SHOW COLUMNS FROM `jsl_user` [ RunTime:0.004127s ]
[ sql ] [ SQL ] SELECT COUNT(*) AS tp_count FROM `jsl_user` WHERE  (  ID = 1 ) LIMIT 1 [ RunTime:0.002670s ]
[ sql ] [ SQL ] SHOW COLUMNS FROM `jsl_statis` [ RunTime:0.002960s ]
[ sql ] [ SQL ] SELECT COUNT(*) AS tp_count FROM `jsl_statis` WHERE  (  Uid = 1 ) LIMIT 1 [ RunTime:0.001794s ]
[ sql ] [ SQL ] UPDATE `jsl_statis`  SET `Dtime`='1649299641'  WHERE  (  Uid = 1 ) [ RunTime:0.001937s ]
[ sql ] [ SQL ] DELETE FROM `jsl_statis`    WHERE  `Dtime` < '1649299521' [ RunTime:0.001708s ]
---------------------------------------------------------------
[ 2022-04-07T10:47:21+08:00 ] 0.0.0.0 GET localhost:5601/index.php/admin/goods/getdfhgoodslist.html?page=1&limit=15
[运行时间：0.098744s] [吞吐率：10.13req/s] [内存消耗：3,542.70kb] [文件加载：101]
[ info ] [ LANG ] F:\project\pointsmall\thinkphp\lang\zh-cn.php
[ info ] [ ROUTE ] array (
  'type' => 'module',
  'module' => 
  array (
    0 => 'admin',
    1 => 'goods',
    2 => 'getdfhgoodslist',
  ),
)
[ info ] [ HEADER ] array (
  'cookie' => 'thinkphp_show_page_trace=0|0; thinkphp_show_page_trace=0|0; thinkphp_show_page_trace=0|0; Phpstorm-221d8a55=3070f4be-a28e-4f38-8ced-98b71dc79863; PHPSESSID=3mf64ull9lsobhghr8qf3ev8tu',
  'accept-language' => 'zh-CN,zh;q=0.9',
  'accept-encoding' => 'gzip, deflate, br',
  'referer' => 'http://localhost:5601/index.php/admin/goods/tree.html',
  'sec-fetch-dest' => 'empty',
  'sec-fetch-mode' => 'cors',
  'sec-fetch-site' => 'same-origin',
  'sec-ch-ua-platform' => '"Windows"',
  'user-agent' => 'Mozilla/5.0 (Windows NT 10.0; Win64; x64) AppleWebKit/537.36 (KHTML, like Gecko) Chrome/99.0.4844.51 Safari/537.36',
  'sec-ch-ua-mobile' => '?0',
  'x-requested-with' => 'XMLHttpRequest',
  'accept' => 'application/json, text/javascript, */*; q=0.01',
  'sec-ch-ua' => '" Not A;Brand";v="99", "Chromium";v="99", "Google Chrome";v="99"',
  'connection' => 'close',
  'host' => 'localhost:5601',
)
[ info ] [ PARAM ] array (
  'page' => '1',
  'limit' => '15',
)
[ info ] [ SESSION ] INIT array (
  'id' => '',
  'var_session_id' => '',
  'prefix' => 'think',
  'type' => '',
  'auto_start' => true,
  'expire' => 18000,
)
[ info ] [ DB ] INIT mysql
[ info ] [ RUN ] app\admin\controller\Goods->getdfhgoodslist[ F:\project\pointsmall\application\admin\controller\Goods.php ]
[ info ] [ LOG ] INIT File
[ sql ] [ DB ] CONNECT:[ UseTime:0.022810s ] mysql:host=172.16.2.244;port=3306;dbname=points-mall-test;charset=utf8mb4
[ sql ] [ SQL ] SHOW COLUMNS FROM `jsl_user` [ RunTime:0.003685s ]
[ sql ] [ SQL ] SELECT COUNT(*) AS tp_count FROM `jsl_user` WHERE  (  ID = 1 ) LIMIT 1 [ RunTime:0.002309s ]
[ sql ] [ SQL ] SHOW COLUMNS FROM `jsl_statis` [ RunTime:0.002401s ]
[ sql ] [ SQL ] SELECT COUNT(*) AS tp_count FROM `jsl_statis` WHERE  (  Uid = 1 ) LIMIT 1 [ RunTime:0.001399s ]
[ sql ] [ SQL ] UPDATE `jsl_statis`  SET `Dtime`='1649299641'  WHERE  (  Uid = 1 ) [ RunTime:0.001502s ]
[ sql ] [ SQL ] DELETE FROM `jsl_statis`    WHERE  `Dtime` < '1649299521' [ RunTime:0.001358s ]
[ sql ] [ SQL ] SHOW COLUMNS FROM `jsl_points_goods` [ RunTime:0.002202s ]
[ sql ] [ SQL ] SELECT COUNT(*) AS tp_count FROM `jsl_points_goods` LIMIT 1 [ RunTime:0.001329s ]
[ sql ] [ SQL ] SELECT * FROM `jsl_points_goods` ORDER BY `add_time` DESC LIMIT 0,15 [ RunTime:0.001648s ]
[ sql ] [ SQL ] SHOW COLUMNS FROM `jsl_points_goods_category` [ RunTime:0.001975s ]
[ sql ] [ SQL ] SELECT `category_name` FROM `jsl_points_goods_category` WHERE  (  category_id='36' ) LIMIT 1 [ RunTime:0.001175s ]
[ sql ] [ SQL ] SELECT `category_name` FROM `jsl_points_goods_category` WHERE  (  category_id='28' ) LIMIT 1 [ RunTime:0.001272s ]
[ sql ] [ SQL ] SELECT `category_name` FROM `jsl_points_goods_category` WHERE  (  category_id='28' ) LIMIT 1 [ RunTime:0.001310s ]
[ sql ] [ SQL ] SELECT `category_name` FROM `jsl_points_goods_category` WHERE  (  category_id='28' ) LIMIT 1 [ RunTime:0.001255s ]
[ sql ] [ SQL ] SELECT `category_name` FROM `jsl_points_goods_category` WHERE  (  category_id='28' ) LIMIT 1 [ RunTime:0.001332s ]
[ sql ] [ SQL ] SELECT `category_name` FROM `jsl_points_goods_category` WHERE  (  category_id='36' ) LIMIT 1 [ RunTime:0.001248s ]
[ sql ] [ SQL ] SELECT `category_name` FROM `jsl_points_goods_category` WHERE  (  category_id='36' ) LIMIT 1 [ RunTime:0.001297s ]
[ sql ] [ SQL ] SELECT `category_name` FROM `jsl_points_goods_category` WHERE  (  category_id='36' ) LIMIT 1 [ RunTime:0.001264s ]
[ sql ] [ SQL ] SELECT `category_name` FROM `jsl_points_goods_category` WHERE  (  category_id='36' ) LIMIT 1 [ RunTime:0.001374s ]
[ sql ] [ SQL ] SELECT `category_name` FROM `jsl_points_goods_category` WHERE  (  category_id='2' ) LIMIT 1 [ RunTime:0.001167s ]
[ sql ] [ SQL ] SELECT `category_name` FROM `jsl_points_goods_category` WHERE  (  category_id='36' ) LIMIT 1 [ RunTime:0.001194s ]
[ sql ] [ SQL ] SELECT `category_name` FROM `jsl_points_goods_category` WHERE  (  category_id='36' ) LIMIT 1 [ RunTime:0.013762s ]
[ sql ] [ SQL ] SELECT `category_name` FROM `jsl_points_goods_category` WHERE  (  category_id='36' ) LIMIT 1 [ RunTime:0.001573s ]
[ sql ] [ SQL ] SELECT `category_name` FROM `jsl_points_goods_category` WHERE  (  category_id='36' ) LIMIT 1 [ RunTime:0.001248s ]
[ sql ] [ SQL ] SELECT `category_name` FROM `jsl_points_goods_category` WHERE  (  category_id='44' ) LIMIT 1 [ RunTime:0.001352s ]
---------------------------------------------------------------
[ 2022-04-07T10:47:23+08:00 ] 0.0.0.0 GET localhost:5601/index.php/admin/index/main.html?module=order
[运行时间：0.159309s] [吞吐率：6.28req/s] [内存消耗：3,472.91kb] [文件加载：103]
[ info ] [ LANG ] F:\project\pointsmall\thinkphp\lang\zh-cn.php
[ info ] [ ROUTE ] array (
  'type' => 'module',
  'module' => 
  array (
    0 => 'admin',
    1 => 'index',
    2 => 'main',
  ),
)
[ info ] [ HEADER ] array (
  'cookie' => 'thinkphp_show_page_trace=0|0; thinkphp_show_page_trace=0|0; thinkphp_show_page_trace=0|0; thinkphp_show_page_trace=0|0; Phpstorm-221d8a55=3070f4be-a28e-4f38-8ced-98b71dc79863; PHPSESSID=3mf64ull9lsobhghr8qf3ev8tu',
  'accept-language' => 'zh-CN,zh;q=0.9',
  'accept-encoding' => 'gzip, deflate, br',
  'referer' => 'http://localhost:5601/index.php/admin/index/main.html?module=goods',
  'sec-fetch-dest' => 'document',
  'sec-fetch-user' => '?1',
  'sec-fetch-mode' => 'navigate',
  'sec-fetch-site' => 'same-origin',
  'accept' => 'text/html,application/xhtml+xml,application/xml;q=0.9,image/avif,image/webp,image/apng,*/*;q=0.8,application/signed-exchange;v=b3;q=0.9',
  'user-agent' => 'Mozilla/5.0 (Windows NT 10.0; Win64; x64) AppleWebKit/537.36 (KHTML, like Gecko) Chrome/99.0.4844.51 Safari/537.36',
  'upgrade-insecure-requests' => '1',
  'sec-ch-ua-platform' => '"Windows"',
  'sec-ch-ua-mobile' => '?0',
  'sec-ch-ua' => '" Not A;Brand";v="99", "Chromium";v="99", "Google Chrome";v="99"',
  'connection' => 'close',
  'host' => 'localhost:5601',
)
[ info ] [ PARAM ] array (
  'module' => 'order',
)
[ info ] [ RUN ] app\admin\controller\Index->main[ F:\project\pointsmall\application\admin\controller\Index.php ]
[ info ] [ SESSION ] INIT array (
  'id' => '',
  'var_session_id' => '',
  'prefix' => 'think',
  'type' => '',
  'auto_start' => true,
  'expire' => 18000,
)
[ info ] [ DB ] INIT mysql
[ info ] [ VIEW ] F:\project\pointsmall\public/../application/admin\view\index\main.html [ array (
  0 => 'list',
  1 => 'volist',
  2 => 'mod_list',
) ]
[ info ] [ LOG ] INIT File
[ sql ] [ DB ] CONNECT:[ UseTime:0.020627s ] mysql:host=172.16.2.244;port=3306;dbname=points-mall-test;charset=utf8mb4
[ sql ] [ SQL ] SHOW COLUMNS FROM `jsl_user` [ RunTime:0.003936s ]
[ sql ] [ SQL ] SELECT COUNT(*) AS tp_count FROM `jsl_user` WHERE  (  ID = 1 ) LIMIT 1 [ RunTime:0.002348s ]
[ sql ] [ SQL ] SHOW COLUMNS FROM `jsl_statis` [ RunTime:0.002521s ]
[ sql ] [ SQL ] SELECT COUNT(*) AS tp_count FROM `jsl_statis` WHERE  (  Uid = 1 ) LIMIT 1 [ RunTime:0.001530s ]
[ sql ] [ SQL ] UPDATE `jsl_statis`  SET `Dtime`='1649299643'  WHERE  (  Uid = 1 ) [ RunTime:0.001549s ]
[ sql ] [ SQL ] DELETE FROM `jsl_statis`    WHERE  `Dtime` < '1649299523' [ RunTime:0.001544s ]
[ sql ] [ SQL ] SHOW COLUMNS FROM `jsl_module` [ RunTime:0.002246s ]
[ sql ] [ SQL ] SELECT * FROM `jsl_module` WHERE  `Sid` = 0  AND `ID` IN (62,144)  AND `Status` = 0 ORDER BY `Msort` ASC [ RunTime:0.001507s ]
[ sql ] [ SQL ] SELECT * FROM `jsl_module` WHERE  (  Sid > 0 )  AND `Status` = 0 ORDER BY `Msort` ASC [ RunTime:0.001632s ]
[ sql ] [ SQL ] SHOW COLUMNS FROM `jsl_competence` [ RunTime:0.001997s ]
[ sql ] [ SQL ] SELECT * FROM `jsl_competence` WHERE  (  ID = '112' ) LIMIT 1 [ RunTime:0.001226s ]
[ sql ] [ SQL ] SELECT `ID` FROM `jsl_competence` WHERE  (  Sid = '' ) [ RunTime:0.001349s ]
[ sql ] [ SQL ] SELECT * FROM `jsl_competence` WHERE  (  ID = '107' ) LIMIT 1 [ RunTime:0.001415s ]
[ sql ] [ SQL ] SELECT `ID` FROM `jsl_competence` WHERE  (  Sid = '107' ) [ RunTime:0.001393s ]
[ sql ] [ SQL ] SELECT * FROM `jsl_competence` WHERE  (  ID = '113' ) LIMIT 1 [ RunTime:0.001324s ]
[ sql ] [ SQL ] SELECT `ID` FROM `jsl_competence` WHERE  (  Sid = '' ) [ RunTime:0.001377s ]
[ sql ] [ SQL ] SELECT * FROM `jsl_competence` WHERE  (  ID = '120' ) LIMIT 1 [ RunTime:0.001241s ]
[ sql ] [ SQL ] SELECT `ID` FROM `jsl_competence` WHERE  (  Sid = '' ) [ RunTime:0.001305s ]
[ sql ] [ SQL ] SELECT * FROM `jsl_competence` WHERE  (  ID = '364' ) LIMIT 1 [ RunTime:0.001407s ]
[ sql ] [ SQL ] SELECT `ID` FROM `jsl_competence` WHERE  (  Sid = '364' ) [ RunTime:0.001374s ]
[ sql ] [ SQL ] SELECT * FROM `jsl_competence` WHERE  (  ID = '126' ) LIMIT 1 [ RunTime:0.001387s ]
[ sql ] [ SQL ] SELECT `ID` FROM `jsl_competence` WHERE  (  Sid = '' ) [ RunTime:0.001234s ]
[ sql ] [ SQL ] SELECT * FROM `jsl_competence` WHERE  (  ID = '322' ) LIMIT 1 [ RunTime:0.001181s ]
[ sql ] [ SQL ] SELECT `ID` FROM `jsl_competence` WHERE  (  Sid = '' ) [ RunTime:0.001167s ]
[ sql ] [ SQL ] SELECT * FROM `jsl_competence` WHERE  (  ID = '1' ) LIMIT 1 [ RunTime:0.001266s ]
[ sql ] [ SQL ] SELECT `ID` FROM `jsl_competence` WHERE  (  Sid = '1' ) [ RunTime:0.001346s ]
[ sql ] [ SQL ] SELECT * FROM `jsl_competence` WHERE  (  ID = '354' ) LIMIT 1 [ RunTime:0.001400s ]
[ sql ] [ SQL ] SELECT `ID` FROM `jsl_competence` WHERE  (  Sid = '354' ) [ RunTime:0.001331s ]
[ sql ] [ SQL ] SELECT * FROM `jsl_competence` WHERE  (  ID = '362' ) LIMIT 1 [ RunTime:0.001465s ]
[ sql ] [ SQL ] SELECT `ID` FROM `jsl_competence` WHERE  (  Sid = '362' ) [ RunTime:0.001438s ]
[ sql ] [ SQL ] SELECT * FROM `jsl_competence` WHERE  (  ID = '311' ) LIMIT 1 [ RunTime:0.001325s ]
[ sql ] [ SQL ] SELECT `ID` FROM `jsl_competence` WHERE  (  Sid = '' ) [ RunTime:0.001381s ]
[ sql ] [ SQL ] SELECT * FROM `jsl_competence` WHERE  (  ID = '316' ) LIMIT 1 [ RunTime:0.001302s ]
[ sql ] [ SQL ] SELECT `ID` FROM `jsl_competence` WHERE  (  Sid = '' ) [ RunTime:0.001234s ]
[ sql ] [ SQL ] SELECT * FROM `jsl_competence` WHERE  (  ID = '44' ) LIMIT 1 [ RunTime:0.001331s ]
[ sql ] [ SQL ] SELECT `ID` FROM `jsl_competence` WHERE  (  Sid = '' ) [ RunTime:0.001341s ]
[ sql ] [ SQL ] SELECT * FROM `jsl_competence` WHERE  (  ID = '108' ) LIMIT 1 [ RunTime:0.001329s ]
[ sql ] [ SQL ] SELECT `ID` FROM `jsl_competence` WHERE  (  Sid = '108' ) [ RunTime:0.001258s ]
[ sql ] [ SQL ] SELECT * FROM `jsl_competence` WHERE  (  ID = '322' ) LIMIT 1 [ RunTime:0.001251s ]
[ sql ] [ SQL ] SELECT `ID` FROM `jsl_competence` WHERE  (  Sid = '' ) [ RunTime:0.001263s ]
[ sql ] [ SQL ] SELECT * FROM `jsl_competence` WHERE  (  ID = '11' ) LIMIT 1 [ RunTime:0.001288s ]
[ sql ] [ SQL ] SELECT `ID` FROM `jsl_competence` WHERE  (  Sid = '11' ) [ RunTime:0.001457s ]
[ sql ] [ SQL ] SELECT * FROM `jsl_competence` WHERE  (  ID = '44' ) LIMIT 1 [ RunTime:0.001368s ]
[ sql ] [ SQL ] SELECT `ID` FROM `jsl_competence` WHERE  (  Sid = '' ) [ RunTime:0.001370s ]
[ sql ] [ SQL ] SELECT * FROM `jsl_competence` WHERE  (  ID = '111' ) LIMIT 1 [ RunTime:0.001215s ]
[ sql ] [ SQL ] SELECT `ID` FROM `jsl_competence` WHERE  (  Sid = '111' ) [ RunTime:0.001232s ]
[ sql ] [ SQL ] SELECT * FROM `jsl_competence` WHERE  (  ID = '114' ) LIMIT 1 [ RunTime:0.001321s ]
[ sql ] [ SQL ] SELECT `ID` FROM `jsl_competence` WHERE  (  Sid = '' ) [ RunTime:0.001340s ]
[ sql ] [ SQL ] SELECT * FROM `jsl_competence` WHERE  (  ID = '59' ) LIMIT 1 [ RunTime:0.001390s ]
[ sql ] [ SQL ] SELECT `ID` FROM `jsl_competence` WHERE  (  Sid = '59' ) [ RunTime:0.001246s ]
[ sql ] [ SQL ] SELECT * FROM `jsl_competence` WHERE  (  ID = '323' ) LIMIT 1 [ RunTime:0.001312s ]
[ sql ] [ SQL ] SELECT `ID` FROM `jsl_competence` WHERE  (  Sid = '' ) [ RunTime:0.001376s ]
[ sql ] [ SQL ] SELECT * FROM `jsl_competence` WHERE  (  ID = '349' ) LIMIT 1 [ RunTime:0.001425s ]
[ sql ] [ SQL ] SELECT `ID` FROM `jsl_competence` WHERE  (  Sid = '349' ) [ RunTime:0.001387s ]
[ sql ] [ SQL ] SELECT * FROM `jsl_competence` WHERE  (  ID = '364' ) LIMIT 1 [ RunTime:0.001397s ]
[ sql ] [ SQL ] SELECT `ID` FROM `jsl_competence` WHERE  (  Sid = '364' ) [ RunTime:0.001264s ]
[ sql ] [ SQL ] SELECT * FROM `jsl_competence` WHERE  (  ID = '131' ) LIMIT 1 [ RunTime:0.001198s ]
[ sql ] [ SQL ] SELECT `ID` FROM `jsl_competence` WHERE  (  Sid = '' ) [ RunTime:0.001197s ]
[ sql ] [ SQL ] SELECT * FROM `jsl_competence` WHERE  (  ID = '364' ) LIMIT 1 [ RunTime:0.001262s ]
[ sql ] [ SQL ] SELECT `ID` FROM `jsl_competence` WHERE  (  Sid = '364' ) [ RunTime:0.001368s ]
[ sql ] [ SQL ] SELECT * FROM `jsl_competence` WHERE  (  ID = '354' ) LIMIT 1 [ RunTime:0.001344s ]
[ sql ] [ SQL ] SELECT `ID` FROM `jsl_competence` WHERE  (  Sid = '354' ) [ RunTime:0.001426s ]
[ sql ] [ SQL ] SELECT * FROM `jsl_competence` WHERE  (  ID = '109' ) LIMIT 1 [ RunTime:0.001342s ]
[ sql ] [ SQL ] SELECT `ID` FROM `jsl_competence` WHERE  (  Sid = '' ) [ RunTime:0.001287s ]
[ sql ] [ SQL ] SELECT `ID` FROM `jsl_module` WHERE  (  Sid = '62' ) [ RunTime:0.001322s ]
[ sql ] [ SQL ] SELECT COUNT(*) AS tp_count FROM `jsl_user` WHERE  (  ID = 1 ) LIMIT 1 [ RunTime:0.001380s ]
[ sql ] [ SQL ] SELECT COUNT(*) AS tp_count FROM `jsl_statis` WHERE  (  Uid = 1 ) LIMIT 1 [ RunTime:0.001282s ]
[ sql ] [ SQL ] UPDATE `jsl_statis`  SET `Dtime`='1649299643'  WHERE  (  Uid = 1 ) [ RunTime:0.001395s ]
[ sql ] [ SQL ] DELETE FROM `jsl_statis`    WHERE  `Dtime` < '1649299523' [ RunTime:0.001396s ]
[ sql ] [ SQL ] SELECT COUNT(*) AS tp_count FROM `jsl_user` WHERE  (  ID = 1 ) LIMIT 1 [ RunTime:0.001306s ]
[ sql ] [ SQL ] SELECT COUNT(*) AS tp_count FROM `jsl_statis` WHERE  (  Uid = 1 ) LIMIT 1 [ RunTime:0.001305s ]
[ sql ] [ SQL ] UPDATE `jsl_statis`  SET `Dtime`='1649299643'  WHERE  (  Uid = 1 ) [ RunTime:0.001383s ]
[ sql ] [ SQL ] DELETE FROM `jsl_statis`    WHERE  `Dtime` < '1649299523' [ RunTime:0.001272s ]
[ sql ] [ SQL ] SELECT COUNT(*) AS tp_count FROM `jsl_user` WHERE  (  ID = 1 ) LIMIT 1 [ RunTime:0.001329s ]
[ sql ] [ SQL ] SELECT COUNT(*) AS tp_count FROM `jsl_statis` WHERE  (  Uid = 1 ) LIMIT 1 [ RunTime:0.001352s ]
[ sql ] [ SQL ] UPDATE `jsl_statis`  SET `Dtime`='1649299643'  WHERE  (  Uid = 1 ) [ RunTime:0.001383s ]
[ sql ] [ SQL ] DELETE FROM `jsl_statis`    WHERE  `Dtime` < '1649299523' [ RunTime:0.001357s ]
[ error ] [8]未定义数组索引: id[F:\project\pointsmall\runtime\temp\9621c9c1e68b9b95a987015c655050b1.php:126]
[ error ] [8]未定义数组索引: id[F:\project\pointsmall\runtime\temp\9621c9c1e68b9b95a987015c655050b1.php:126]
[ error ] [8]未定义数组索引: id[F:\project\pointsmall\runtime\temp\9621c9c1e68b9b95a987015c655050b1.php:126]
---------------------------------------------------------------
[ 2022-04-07T10:47:23+08:00 ] 0.0.0.0 GET localhost:5601/index.php/admin/order/index.html
[运行时间：0.088769s] [吞吐率：11.27req/s] [内存消耗：3,391.02kb] [文件加载：98]
[ info ] [ LANG ] F:\project\pointsmall\thinkphp\lang\zh-cn.php
[ info ] [ ROUTE ] array (
  'type' => 'module',
  'module' => 
  array (
    0 => 'admin',
    1 => 'order',
    2 => 'index',
  ),
)
[ info ] [ HEADER ] array (
  'cookie' => 'thinkphp_show_page_trace=0|0; thinkphp_show_page_trace=0|0; thinkphp_show_page_trace=0|0; Phpstorm-221d8a55=3070f4be-a28e-4f38-8ced-98b71dc79863; PHPSESSID=3mf64ull9lsobhghr8qf3ev8tu',
  'accept-language' => 'zh-CN,zh;q=0.9',
  'accept-encoding' => 'gzip, deflate, br',
  'referer' => 'http://localhost:5601/index.php/admin/index/main.html?module=order',
  'sec-fetch-dest' => 'iframe',
  'sec-fetch-mode' => 'navigate',
  'sec-fetch-site' => 'same-origin',
  'accept' => 'text/html,application/xhtml+xml,application/xml;q=0.9,image/avif,image/webp,image/apng,*/*;q=0.8,application/signed-exchange;v=b3;q=0.9',
  'user-agent' => 'Mozilla/5.0 (Windows NT 10.0; Win64; x64) AppleWebKit/537.36 (KHTML, like Gecko) Chrome/99.0.4844.51 Safari/537.36',
  'upgrade-insecure-requests' => '1',
  'sec-ch-ua-platform' => '"Windows"',
  'sec-ch-ua-mobile' => '?0',
  'sec-ch-ua' => '" Not A;Brand";v="99", "Chromium";v="99", "Google Chrome";v="99"',
  'connection' => 'close',
  'host' => 'localhost:5601',
)
[ info ] [ PARAM ] array (
)
[ info ] [ SESSION ] INIT array (
  'id' => '',
  'var_session_id' => '',
  'prefix' => 'think',
  'type' => '',
  'auto_start' => true,
  'expire' => 18000,
)
[ info ] [ DB ] INIT mysql
[ info ] [ RUN ] app\admin\controller\Order->index[ F:\project\pointsmall\application\admin\controller\Order.php ]
[ info ] [ VIEW ] F:\project\pointsmall\public/../application/admin\view\order\index.html [ array (
) ]
[ info ] [ LOG ] INIT File
[ sql ] [ DB ] CONNECT:[ UseTime:0.020789s ] mysql:host=172.16.2.244;port=3306;dbname=points-mall-test;charset=utf8mb4
[ sql ] [ SQL ] SHOW COLUMNS FROM `jsl_user` [ RunTime:0.003385s ]
[ sql ] [ SQL ] SELECT COUNT(*) AS tp_count FROM `jsl_user` WHERE  (  ID = 1 ) LIMIT 1 [ RunTime:0.002231s ]
[ sql ] [ SQL ] SHOW COLUMNS FROM `jsl_statis` [ RunTime:0.002455s ]
[ sql ] [ SQL ] SELECT COUNT(*) AS tp_count FROM `jsl_statis` WHERE  (  Uid = 1 ) LIMIT 1 [ RunTime:0.001498s ]
[ sql ] [ SQL ] UPDATE `jsl_statis`  SET `Dtime`='1649299643'  WHERE  (  Uid = 1 ) [ RunTime:0.001530s ]
[ sql ] [ SQL ] DELETE FROM `jsl_statis`    WHERE  `Dtime` < '1649299523' [ RunTime:0.001516s ]
---------------------------------------------------------------
[ 2022-04-07T10:47:23+08:00 ] 0.0.0.0 GET localhost:5601/index.php/admin/order/getorderlist.html?page=1&limit=15
[运行时间：0.232312s] [吞吐率：4.30req/s] [内存消耗：3,779.05kb] [文件加载：103]
[ info ] [ LANG ] F:\project\pointsmall\thinkphp\lang\zh-cn.php
[ info ] [ ROUTE ] array (
  'type' => 'module',
  'module' => 
  array (
    0 => 'admin',
    1 => 'order',
    2 => 'getorderlist',
  ),
)
[ info ] [ HEADER ] array (
  'cookie' => 'thinkphp_show_page_trace=0|0; thinkphp_show_page_trace=0|0; thinkphp_show_page_trace=0|0; Phpstorm-221d8a55=3070f4be-a28e-4f38-8ced-98b71dc79863; PHPSESSID=3mf64ull9lsobhghr8qf3ev8tu',
  'accept-language' => 'zh-CN,zh;q=0.9',
  'accept-encoding' => 'gzip, deflate, br',
  'referer' => 'http://localhost:5601/index.php/admin/order/index.html',
  'sec-fetch-dest' => 'empty',
  'sec-fetch-mode' => 'cors',
  'sec-fetch-site' => 'same-origin',
  'sec-ch-ua-platform' => '"Windows"',
  'user-agent' => 'Mozilla/5.0 (Windows NT 10.0; Win64; x64) AppleWebKit/537.36 (KHTML, like Gecko) Chrome/99.0.4844.51 Safari/537.36',
  'sec-ch-ua-mobile' => '?0',
  'x-requested-with' => 'XMLHttpRequest',
  'accept' => 'application/json, text/javascript, */*; q=0.01',
  'sec-ch-ua' => '" Not A;Brand";v="99", "Chromium";v="99", "Google Chrome";v="99"',
  'connection' => 'close',
  'host' => 'localhost:5601',
)
[ info ] [ PARAM ] array (
  'page' => '1',
  'limit' => '15',
)
[ info ] [ SESSION ] INIT array (
  'id' => '',
  'var_session_id' => '',
  'prefix' => 'think',
  'type' => '',
  'auto_start' => true,
  'expire' => 18000,
)
[ info ] [ DB ] INIT mysql
[ info ] [ RUN ] app\admin\controller\Order->getorderlist[ F:\project\pointsmall\application\admin\controller\Order.php ]
[ info ] [ LOG ] INIT File
[ sql ] [ DB ] CONNECT:[ UseTime:0.024391s ] mysql:host=172.16.2.244;port=3306;dbname=points-mall-test;charset=utf8mb4
[ sql ] [ SQL ] SHOW COLUMNS FROM `jsl_user` [ RunTime:0.003331s ]
[ sql ] [ SQL ] SELECT COUNT(*) AS tp_count FROM `jsl_user` WHERE  (  ID = 1 ) LIMIT 1 [ RunTime:0.002103s ]
[ sql ] [ SQL ] SHOW COLUMNS FROM `jsl_statis` [ RunTime:0.002540s ]
[ sql ] [ SQL ] SELECT COUNT(*) AS tp_count FROM `jsl_statis` WHERE  (  Uid = 1 ) LIMIT 1 [ RunTime:0.001370s ]
[ sql ] [ SQL ] UPDATE `jsl_statis`  SET `Dtime`='1649299643'  WHERE  (  Uid = 1 ) [ RunTime:0.001186s ]
[ sql ] [ SQL ] DELETE FROM `jsl_statis`    WHERE  `Dtime` < '1649299523' [ RunTime:0.001507s ]
[ sql ] [ SQL ] SHOW COLUMNS FROM `jsl_order` [ RunTime:0.003688s ]
[ sql ] [ SQL ] SELECT COUNT(*) AS tp_count FROM `jsl_order` LIMIT 1 [ RunTime:0.001543s ]
[ sql ] [ SQL ] SELECT * FROM `jsl_order` ORDER BY `order_id` ASC LIMIT 0,15 [ RunTime:0.001720s ]
[ sql ] [ SQL ] SHOW COLUMNS FROM `jsl_order_goods` [ RunTime:0.002100s ]
[ sql ] [ SQL ] SELECT `goods_name` FROM `jsl_order_goods` WHERE  (  order_id = '28' ) LIMIT 1 [ RunTime:0.001338s ]
[ sql ] [ SQL ] SELECT `goods_num` FROM `jsl_order_goods` WHERE  (  order_id = '28' ) LIMIT 1 [ RunTime:0.001316s ]
[ sql ] [ SQL ] SHOW COLUMNS FROM `jsl_member` [ RunTime:0.002107s ]
[ sql ] [ SQL ] SELECT `phone` FROM `jsl_member` WHERE  `member_id` = 395 LIMIT 1 [ RunTime:0.001202s ]
[ sql ] [ SQL ] SHOW COLUMNS FROM `jsl_region` [ RunTime:0.002132s ]
[ sql ] [ SQL ] SELECT `region_name` FROM `jsl_region` WHERE  (  region_id='28' AND region_type='1' ) LIMIT 1 [ RunTime:0.001387s ]
[ sql ] [ SQL ] SELECT `region_name` FROM `jsl_region` WHERE  (  region_id='448' AND region_type='2' ) LIMIT 1 [ RunTime:0.001266s ]
[ sql ] [ SQL ] SELECT `region_name` FROM `jsl_region` WHERE  (  region_id='4774' AND region_type='3' ) LIMIT 1 [ RunTime:0.001384s ]
[ sql ] [ SQL ] SELECT `goods_name` FROM `jsl_order_goods` WHERE  (  order_id = '29' ) LIMIT 1 [ RunTime:0.001315s ]
[ sql ] [ SQL ] SELECT `goods_num` FROM `jsl_order_goods` WHERE  (  order_id = '29' ) LIMIT 1 [ RunTime:0.001289s ]
[ sql ] [ SQL ] SELECT `phone` FROM `jsl_member` WHERE  `member_id` = 395 LIMIT 1 [ RunTime:0.001357s ]
[ sql ] [ SQL ] SELECT `region_name` FROM `jsl_region` WHERE  (  region_id='28' AND region_type='1' ) LIMIT 1 [ RunTime:0.001193s ]
[ sql ] [ SQL ] SELECT `region_name` FROM `jsl_region` WHERE  (  region_id='448' AND region_type='2' ) LIMIT 1 [ RunTime:0.001205s ]
[ sql ] [ SQL ] SELECT `region_name` FROM `jsl_region` WHERE  (  region_id='4774' AND region_type='3' ) LIMIT 1 [ RunTime:0.001149s ]
[ sql ] [ SQL ] SELECT `goods_name` FROM `jsl_order_goods` WHERE  (  order_id = '32' ) LIMIT 1 [ RunTime:0.001274s ]
[ sql ] [ SQL ] SELECT `goods_num` FROM `jsl_order_goods` WHERE  (  order_id = '32' ) LIMIT 1 [ RunTime:0.001150s ]
[ sql ] [ SQL ] SELECT `phone` FROM `jsl_member` WHERE  `member_id` = 395 LIMIT 1 [ RunTime:0.001148s ]
[ sql ] [ SQL ] SELECT `region_name` FROM `jsl_region` WHERE  (  region_id='28' AND region_type='1' ) LIMIT 1 [ RunTime:0.001250s ]
[ sql ] [ SQL ] SELECT `region_name` FROM `jsl_region` WHERE  (  region_id='448' AND region_type='2' ) LIMIT 1 [ RunTime:0.001299s ]
[ sql ] [ SQL ] SELECT `region_name` FROM `jsl_region` WHERE  (  region_id='4774' AND region_type='3' ) LIMIT 1 [ RunTime:0.001371s ]
[ sql ] [ SQL ] SELECT `goods_name` FROM `jsl_order_goods` WHERE  (  order_id = '35' ) LIMIT 1 [ RunTime:0.001435s ]
[ sql ] [ SQL ] SELECT `goods_num` FROM `jsl_order_goods` WHERE  (  order_id = '35' ) LIMIT 1 [ RunTime:0.001204s ]
[ sql ] [ SQL ] SELECT `phone` FROM `jsl_member` WHERE  `member_id` = 395 LIMIT 1 [ RunTime:0.001310s ]
[ sql ] [ SQL ] SELECT `region_name` FROM `jsl_region` WHERE  (  region_id='28' AND region_type='1' ) LIMIT 1 [ RunTime:0.001371s ]
[ sql ] [ SQL ] SELECT `region_name` FROM `jsl_region` WHERE  (  region_id='448' AND region_type='2' ) LIMIT 1 [ RunTime:0.001337s ]
[ sql ] [ SQL ] SELECT `region_name` FROM `jsl_region` WHERE  (  region_id='4774' AND region_type='3' ) LIMIT 1 [ RunTime:0.001196s ]
[ sql ] [ SQL ] SELECT `goods_name` FROM `jsl_order_goods` WHERE  (  order_id = '36' ) LIMIT 1 [ RunTime:0.001336s ]
[ sql ] [ SQL ] SELECT `goods_num` FROM `jsl_order_goods` WHERE  (  order_id = '36' ) LIMIT 1 [ RunTime:0.001322s ]
[ sql ] [ SQL ] SELECT `phone` FROM `jsl_member` WHERE  `member_id` = 395 LIMIT 1 [ RunTime:0.001144s ]
[ sql ] [ SQL ] SELECT `region_name` FROM `jsl_region` WHERE  (  region_id='28' AND region_type='1' ) LIMIT 1 [ RunTime:0.001256s ]
[ sql ] [ SQL ] SELECT `region_name` FROM `jsl_region` WHERE  (  region_id='448' AND region_type='2' ) LIMIT 1 [ RunTime:0.001216s ]
[ sql ] [ SQL ] SELECT `region_name` FROM `jsl_region` WHERE  (  region_id='4774' AND region_type='3' ) LIMIT 1 [ RunTime:0.001341s ]
[ sql ] [ SQL ] SELECT `goods_name` FROM `jsl_order_goods` WHERE  (  order_id = '37' ) LIMIT 1 [ RunTime:0.001248s ]
[ sql ] [ SQL ] SELECT `goods_num` FROM `jsl_order_goods` WHERE  (  order_id = '37' ) LIMIT 1 [ RunTime:0.001349s ]
[ sql ] [ SQL ] SELECT `phone` FROM `jsl_member` WHERE  `member_id` = 395 LIMIT 1 [ RunTime:0.001296s ]
[ sql ] [ SQL ] SELECT `region_name` FROM `jsl_region` WHERE  (  region_id='28' AND region_type='1' ) LIMIT 1 [ RunTime:0.001316s ]
[ sql ] [ SQL ] SELECT `region_name` FROM `jsl_region` WHERE  (  region_id='448' AND region_type='2' ) LIMIT 1 [ RunTime:0.001189s ]
[ sql ] [ SQL ] SELECT `region_name` FROM `jsl_region` WHERE  (  region_id='4774' AND region_type='3' ) LIMIT 1 [ RunTime:0.001276s ]
[ sql ] [ SQL ] SELECT `goods_name` FROM `jsl_order_goods` WHERE  (  order_id = '38' ) LIMIT 1 [ RunTime:0.001215s ]
[ sql ] [ SQL ] SELECT `goods_num` FROM `jsl_order_goods` WHERE  (  order_id = '38' ) LIMIT 1 [ RunTime:0.001264s ]
[ sql ] [ SQL ] SELECT `phone` FROM `jsl_member` WHERE  `member_id` = 395 LIMIT 1 [ RunTime:0.001208s ]
[ sql ] [ SQL ] SELECT `region_name` FROM `jsl_region` WHERE  (  region_id='28' AND region_type='1' ) LIMIT 1 [ RunTime:0.001167s ]
[ sql ] [ SQL ] SELECT `region_name` FROM `jsl_region` WHERE  (  region_id='448' AND region_type='2' ) LIMIT 1 [ RunTime:0.001352s ]
[ sql ] [ SQL ] SELECT `region_name` FROM `jsl_region` WHERE  (  region_id='4774' AND region_type='3' ) LIMIT 1 [ RunTime:0.001346s ]
[ sql ] [ SQL ] SELECT `goods_name` FROM `jsl_order_goods` WHERE  (  order_id = '46' ) LIMIT 1 [ RunTime:0.001358s ]
[ sql ] [ SQL ] SELECT `goods_num` FROM `jsl_order_goods` WHERE  (  order_id = '46' ) LIMIT 1 [ RunTime:0.001382s ]
[ sql ] [ SQL ] SELECT `phone` FROM `jsl_member` WHERE  `member_id` = 395 LIMIT 1 [ RunTime:0.001383s ]
[ sql ] [ SQL ] SELECT `region_name` FROM `jsl_region` WHERE  (  region_id='28' AND region_type='1' ) LIMIT 1 [ RunTime:0.001252s ]
[ sql ] [ SQL ] SELECT `region_name` FROM `jsl_region` WHERE  (  region_id='448' AND region_type='2' ) LIMIT 1 [ RunTime:0.001284s ]
[ sql ] [ SQL ] SELECT `region_name` FROM `jsl_region` WHERE  (  region_id='4774' AND region_type='3' ) LIMIT 1 [ RunTime:0.001414s ]
[ sql ] [ SQL ] SELECT `goods_name` FROM `jsl_order_goods` WHERE  (  order_id = '47' ) LIMIT 1 [ RunTime:0.001241s ]
[ sql ] [ SQL ] SELECT `goods_num` FROM `jsl_order_goods` WHERE  (  order_id = '47' ) LIMIT 1 [ RunTime:0.001335s ]
[ sql ] [ SQL ] SELECT `phone` FROM `jsl_member` WHERE  `member_id` = 395 LIMIT 1 [ RunTime:0.001229s ]
[ sql ] [ SQL ] SELECT `region_name` FROM `jsl_region` WHERE  (  region_id='28' AND region_type='1' ) LIMIT 1 [ RunTime:0.001149s ]
[ sql ] [ SQL ] SELECT `region_name` FROM `jsl_region` WHERE  (  region_id='448' AND region_type='2' ) LIMIT 1 [ RunTime:0.001210s ]
[ sql ] [ SQL ] SELECT `region_name` FROM `jsl_region` WHERE  (  region_id='4774' AND region_type='3' ) LIMIT 1 [ RunTime:0.001298s ]
[ sql ] [ SQL ] SELECT `goods_name` FROM `jsl_order_goods` WHERE  (  order_id = '48' ) LIMIT 1 [ RunTime:0.001311s ]
[ sql ] [ SQL ] SELECT `goods_num` FROM `jsl_order_goods` WHERE  (  order_id = '48' ) LIMIT 1 [ RunTime:0.001243s ]
[ sql ] [ SQL ] SELECT `phone` FROM `jsl_member` WHERE  `member_id` = 395 LIMIT 1 [ RunTime:0.001294s ]
[ sql ] [ SQL ] SELECT `region_name` FROM `jsl_region` WHERE  (  region_id='28' AND region_type='1' ) LIMIT 1 [ RunTime:0.001452s ]
[ sql ] [ SQL ] SELECT `region_name` FROM `jsl_region` WHERE  (  region_id='448' AND region_type='2' ) LIMIT 1 [ RunTime:0.001326s ]
[ sql ] [ SQL ] SELECT `region_name` FROM `jsl_region` WHERE  (  region_id='4774' AND region_type='3' ) LIMIT 1 [ RunTime:0.001403s ]
[ sql ] [ SQL ] SELECT `goods_name` FROM `jsl_order_goods` WHERE  (  order_id = '111' ) LIMIT 1 [ RunTime:0.001268s ]
[ sql ] [ SQL ] SELECT `goods_num` FROM `jsl_order_goods` WHERE  (  order_id = '111' ) LIMIT 1 [ RunTime:0.001317s ]
[ sql ] [ SQL ] SELECT `phone` FROM `jsl_member` WHERE  `member_id` = 395 LIMIT 1 [ RunTime:0.001270s ]
[ sql ] [ SQL ] SELECT `region_name` FROM `jsl_region` WHERE  (  region_id='28' AND region_type='1' ) LIMIT 1 [ RunTime:0.001222s ]
[ sql ] [ SQL ] SELECT `region_name` FROM `jsl_region` WHERE  (  region_id='448' AND region_type='2' ) LIMIT 1 [ RunTime:0.001444s ]
[ sql ] [ SQL ] SELECT `region_name` FROM `jsl_region` WHERE  (  region_id='4774' AND region_type='3' ) LIMIT 1 [ RunTime:0.001277s ]
[ sql ] [ SQL ] SELECT `goods_name` FROM `jsl_order_goods` WHERE  (  order_id = '112' ) LIMIT 1 [ RunTime:0.001205s ]
[ sql ] [ SQL ] SELECT `goods_num` FROM `jsl_order_goods` WHERE  (  order_id = '112' ) LIMIT 1 [ RunTime:0.001271s ]
[ sql ] [ SQL ] SELECT `phone` FROM `jsl_member` WHERE  `member_id` = 395 LIMIT 1 [ RunTime:0.001303s ]
[ sql ] [ SQL ] SELECT `region_name` FROM `jsl_region` WHERE  (  region_id='28' AND region_type='1' ) LIMIT 1 [ RunTime:0.001294s ]
[ sql ] [ SQL ] SELECT `region_name` FROM `jsl_region` WHERE  (  region_id='448' AND region_type='2' ) LIMIT 1 [ RunTime:0.001095s ]
[ sql ] [ SQL ] SELECT `region_name` FROM `jsl_region` WHERE  (  region_id='4774' AND region_type='3' ) LIMIT 1 [ RunTime:0.001333s ]
[ sql ] [ SQL ] SELECT `goods_name` FROM `jsl_order_goods` WHERE  (  order_id = '113' ) LIMIT 1 [ RunTime:0.001255s ]
[ sql ] [ SQL ] SELECT `goods_num` FROM `jsl_order_goods` WHERE  (  order_id = '113' ) LIMIT 1 [ RunTime:0.001175s ]
[ sql ] [ SQL ] SELECT `phone` FROM `jsl_member` WHERE  `member_id` = 395 LIMIT 1 [ RunTime:0.001339s ]
[ sql ] [ SQL ] SELECT `region_name` FROM `jsl_region` WHERE  (  region_id='28' AND region_type='1' ) LIMIT 1 [ RunTime:0.001189s ]
[ sql ] [ SQL ] SELECT `region_name` FROM `jsl_region` WHERE  (  region_id='448' AND region_type='2' ) LIMIT 1 [ RunTime:0.001477s ]
[ sql ] [ SQL ] SELECT `region_name` FROM `jsl_region` WHERE  (  region_id='4774' AND region_type='3' ) LIMIT 1 [ RunTime:0.001194s ]
[ sql ] [ SQL ] SELECT `goods_name` FROM `jsl_order_goods` WHERE  (  order_id = '114' ) LIMIT 1 [ RunTime:0.001223s ]
[ sql ] [ SQL ] SELECT `goods_num` FROM `jsl_order_goods` WHERE  (  order_id = '114' ) LIMIT 1 [ RunTime:0.001328s ]
[ sql ] [ SQL ] SELECT `phone` FROM `jsl_member` WHERE  `member_id` = 395 LIMIT 1 [ RunTime:0.001306s ]
[ sql ] [ SQL ] SELECT `region_name` FROM `jsl_region` WHERE  (  region_id='28' AND region_type='1' ) LIMIT 1 [ RunTime:0.001296s ]
[ sql ] [ SQL ] SELECT `region_name` FROM `jsl_region` WHERE  (  region_id='448' AND region_type='2' ) LIMIT 1 [ RunTime:0.001256s ]
[ sql ] [ SQL ] SELECT `region_name` FROM `jsl_region` WHERE  (  region_id='4774' AND region_type='3' ) LIMIT 1 [ RunTime:0.001259s ]
[ sql ] [ SQL ] SELECT `goods_name` FROM `jsl_order_goods` WHERE  (  order_id = '115' ) LIMIT 1 [ RunTime:0.001247s ]
[ sql ] [ SQL ] SELECT `goods_num` FROM `jsl_order_goods` WHERE  (  order_id = '115' ) LIMIT 1 [ RunTime:0.001333s ]
[ sql ] [ SQL ] SELECT `phone` FROM `jsl_member` WHERE  `member_id` = 395 LIMIT 1 [ RunTime:0.001305s ]
[ sql ] [ SQL ] SELECT `region_name` FROM `jsl_region` WHERE  (  region_id='28' AND region_type='1' ) LIMIT 1 [ RunTime:0.001393s ]
[ sql ] [ SQL ] SELECT `region_name` FROM `jsl_region` WHERE  (  region_id='448' AND region_type='2' ) LIMIT 1 [ RunTime:0.001249s ]
[ sql ] [ SQL ] SELECT `region_name` FROM `jsl_region` WHERE  (  region_id='4774' AND region_type='3' ) LIMIT 1 [ RunTime:0.001244s ]
