---------------------------------------------------------------
[ 2022-04-26T09:13:46+08:00 ] 0.0.0.0 GET localhost:5601/index.php/admin
[运行时间：0.588275s] [吞吐率：1.70req/s] [内存消耗：2,198.98kb] [文件加载：86]
[ info ] [ LANG ] F:\project\pointsmall\thinkphp\lang\zh-cn.php
[ info ] [ ROUTE ] array (
  'type' => 'module',
  'module' => 
  array (
    0 => 'admin',
    1 => NULL,
    2 => NULL,
  ),
)
[ info ] [ HEADER ] array (
  'cookie' => 'thinkphp_show_page_trace=0|0; thinkphp_show_page_trace=0|0; thinkphp_show_page_trace=0|0; Phpstorm-221d8a55=3070f4be-a28e-4f38-8ced-98b71dc79863; PHPSESSID=3mf64ull9lsobhghr8qf3ev8tu; jsl_member_id=699; jsl_key=eca87144cf5eeeb0a3847427cc015973; jsl_phone=18302247559; ariaDefaultTheme=undefined',
  'accept-language' => 'zh-CN,zh;q=0.9',
  'accept-encoding' => 'gzip, deflate, br',
  'sec-fetch-dest' => 'document',
  'sec-fetch-user' => '?1',
  'sec-fetch-mode' => 'navigate',
  'sec-fetch-site' => 'none',
  'accept' => 'text/html,application/xhtml+xml,application/xml;q=0.9,image/avif,image/webp,image/apng,*/*;q=0.8,application/signed-exchange;v=b3;q=0.9',
  'user-agent' => 'Mozilla/5.0 (iPhone; CPU iPhone OS 13_2_3 like Mac OS X) AppleWebKit/605.1.15 (KHTML, like Gecko) Version/13.0.3 Mobile/15E148 Safari/604.1',
  'upgrade-insecure-requests' => '1',
  'connection' => 'close',
  'host' => 'localhost:5601',
)
[ info ] [ PARAM ] array (
)
[ info ] [ RUN ] app\admin\controller\Index->index[ F:\project\pointsmall\application\admin\controller\Index.php ]
[ info ] [ VIEW ] F:\project\pointsmall\public/../application/admin\view\index\index.html [ array (
) ]
[ info ] [ LOG ] INIT File
---------------------------------------------------------------
[ 2022-04-26T09:13:46+08:00 ] 0.0.0.0 GET localhost:5601/index.php/captcha.html?0.07993598136238833
[运行时间：0.060911s] [吞吐率：16.42req/s] [内存消耗：2,168.60kb] [文件加载：80]
[ info ] [ LANG ] F:\project\pointsmall\thinkphp\lang\zh-cn.php
[ info ] [ ROUTE ] array (
  'type' => 'method',
  'method' => 
  array (
    0 => '\\think\\captcha\\CaptchaController',
    1 => 'index',
  ),
  'var' => 
  array (
  ),
)
[ info ] [ HEADER ] array (
  'cookie' => 'thinkphp_show_page_trace=0|0; thinkphp_show_page_trace=0|0; Phpstorm-221d8a55=3070f4be-a28e-4f38-8ced-98b71dc79863; PHPSESSID=3mf64ull9lsobhghr8qf3ev8tu; jsl_member_id=699; jsl_key=eca87144cf5eeeb0a3847427cc015973; jsl_phone=18302247559; ariaDefaultTheme=undefined',
  'accept-language' => 'zh-CN,zh;q=0.9',
  'accept-encoding' => 'gzip, deflate, br',
  'referer' => 'http://localhost:5601/index.php/admin',
  'sec-fetch-dest' => 'image',
  'sec-fetch-mode' => 'no-cors',
  'sec-fetch-site' => 'same-origin',
  'accept' => 'image/avif,image/webp,image/apng,image/svg+xml,image/*,*/*;q=0.8',
  'user-agent' => 'Mozilla/5.0 (iPhone; CPU iPhone OS 13_2_3 like Mac OS X) AppleWebKit/605.1.15 (KHTML, like Gecko) Version/13.0.3 Mobile/15E148 Safari/604.1',
  'connection' => 'close',
  'host' => 'localhost:5601',
)
[ info ] [ PARAM ] array (
  '0_07993598136238833' => '',
  'id' => NULL,
)
[ info ] [ RUN ] think\captcha\CaptchaController->index[ F:\project\pointsmall\vendor\topthink\think-captcha\src\CaptchaController.php ]
[ info ] [ SESSION ] INIT array (
  'id' => '',
  'var_session_id' => '',
  'prefix' => 'think',
  'type' => '',
  'auto_start' => true,
  'expire' => 18000,
)
[ info ] [ LOG ] INIT File
---------------------------------------------------------------
[ 2022-04-26T09:13:54+08:00 ] 0.0.0.0 GET localhost:5601/index.php/captcha.html?0.872589633081128
[运行时间：0.015873s] [吞吐率：63.00req/s] [内存消耗：2,170.27kb] [文件加载：80]
[ info ] [ LANG ] F:\project\pointsmall\thinkphp\lang\zh-cn.php
[ info ] [ ROUTE ] array (
  'type' => 'method',
  'method' => 
  array (
    0 => '\\think\\captcha\\CaptchaController',
    1 => 'index',
  ),
  'var' => 
  array (
  ),
)
[ info ] [ HEADER ] array (
  'cookie' => 'thinkphp_show_page_trace=0|0; thinkphp_show_page_trace=0|0; Phpstorm-221d8a55=3070f4be-a28e-4f38-8ced-98b71dc79863; PHPSESSID=3mf64ull9lsobhghr8qf3ev8tu; jsl_member_id=699; jsl_key=eca87144cf5eeeb0a3847427cc015973; jsl_phone=18302247559; ariaDefaultTheme=undefined',
  'accept-language' => 'zh-CN,zh;q=0.9',
  'accept-encoding' => 'gzip, deflate, br',
  'referer' => 'http://localhost:5601/index.php/admin',
  'sec-fetch-dest' => 'image',
  'sec-fetch-mode' => 'no-cors',
  'sec-fetch-site' => 'same-origin',
  'accept' => 'image/avif,image/webp,image/apng,image/svg+xml,image/*,*/*;q=0.8',
  'sec-ch-ua-platform' => '"Windows"',
  'user-agent' => 'Mozilla/5.0 (Windows NT 10.0; Win64; x64) AppleWebKit/537.36 (KHTML, like Gecko) Chrome/100.0.4896.88 Safari/537.36',
  'sec-ch-ua-mobile' => '?0',
  'sec-ch-ua' => '" Not A;Brand";v="99", "Chromium";v="100", "Google Chrome";v="100"',
  'connection' => 'close',
  'host' => 'localhost:5601',
)
[ info ] [ PARAM ] array (
  '0_872589633081128' => '',
  'id' => NULL,
)
[ info ] [ RUN ] think\captcha\CaptchaController->index[ F:\project\pointsmall\vendor\topthink\think-captcha\src\CaptchaController.php ]
[ info ] [ SESSION ] INIT array (
  'id' => '',
  'var_session_id' => '',
  'prefix' => 'think',
  'type' => '',
  'auto_start' => true,
  'expire' => 18000,
)
[ info ] [ LOG ] INIT File
---------------------------------------------------------------
[ 2022-04-26T09:13:54+08:00 ] 0.0.0.0 GET localhost:5601/index.php/captcha.html?0.06038269604687074
[运行时间：0.042601s] [吞吐率：23.47req/s] [内存消耗：2,170.27kb] [文件加载：80]
[ info ] [ LANG ] F:\project\pointsmall\thinkphp\lang\zh-cn.php
[ info ] [ ROUTE ] array (
  'type' => 'method',
  'method' => 
  array (
    0 => '\\think\\captcha\\CaptchaController',
    1 => 'index',
  ),
  'var' => 
  array (
  ),
)
[ info ] [ HEADER ] array (
  'cookie' => 'thinkphp_show_page_trace=0|0; thinkphp_show_page_trace=0|0; Phpstorm-221d8a55=3070f4be-a28e-4f38-8ced-98b71dc79863; PHPSESSID=3mf64ull9lsobhghr8qf3ev8tu; jsl_member_id=699; jsl_key=eca87144cf5eeeb0a3847427cc015973; jsl_phone=18302247559; ariaDefaultTheme=undefined',
  'accept-language' => 'zh-CN,zh;q=0.9',
  'accept-encoding' => 'gzip, deflate, br',
  'referer' => 'http://localhost:5601/index.php/admin',
  'sec-fetch-dest' => 'image',
  'sec-fetch-mode' => 'no-cors',
  'sec-fetch-site' => 'same-origin',
  'accept' => 'image/avif,image/webp,image/apng,image/svg+xml,image/*,*/*;q=0.8',
  'sec-ch-ua-platform' => '"Windows"',
  'user-agent' => 'Mozilla/5.0 (Windows NT 10.0; Win64; x64) AppleWebKit/537.36 (KHTML, like Gecko) Chrome/100.0.4896.88 Safari/537.36',
  'sec-ch-ua-mobile' => '?0',
  'sec-ch-ua' => '" Not A;Brand";v="99", "Chromium";v="100", "Google Chrome";v="100"',
  'connection' => 'close',
  'host' => 'localhost:5601',
)
[ info ] [ PARAM ] array (
  '0_06038269604687074' => '',
  'id' => NULL,
)
[ info ] [ RUN ] think\captcha\CaptchaController->index[ F:\project\pointsmall\vendor\topthink\think-captcha\src\CaptchaController.php ]
[ info ] [ SESSION ] INIT array (
  'id' => '',
  'var_session_id' => '',
  'prefix' => 'think',
  'type' => '',
  'auto_start' => true,
  'expire' => 18000,
)
[ info ] [ LOG ] INIT File
---------------------------------------------------------------
[ 2022-04-26T09:13:55+08:00 ] 0.0.0.0 GET localhost:5601/index.php/captcha.html?0.8625360787127032
[运行时间：0.019479s] [吞吐率：51.34req/s] [内存消耗：2,170.27kb] [文件加载：80]
[ info ] [ LANG ] F:\project\pointsmall\thinkphp\lang\zh-cn.php
[ info ] [ ROUTE ] array (
  'type' => 'method',
  'method' => 
  array (
    0 => '\\think\\captcha\\CaptchaController',
    1 => 'index',
  ),
  'var' => 
  array (
  ),
)
[ info ] [ HEADER ] array (
  'cookie' => 'thinkphp_show_page_trace=0|0; thinkphp_show_page_trace=0|0; Phpstorm-221d8a55=3070f4be-a28e-4f38-8ced-98b71dc79863; PHPSESSID=3mf64ull9lsobhghr8qf3ev8tu; jsl_member_id=699; jsl_key=eca87144cf5eeeb0a3847427cc015973; jsl_phone=18302247559; ariaDefaultTheme=undefined',
  'accept-language' => 'zh-CN,zh;q=0.9',
  'accept-encoding' => 'gzip, deflate, br',
  'referer' => 'http://localhost:5601/index.php/admin',
  'sec-fetch-dest' => 'image',
  'sec-fetch-mode' => 'no-cors',
  'sec-fetch-site' => 'same-origin',
  'accept' => 'image/avif,image/webp,image/apng,image/svg+xml,image/*,*/*;q=0.8',
  'sec-ch-ua-platform' => '"Windows"',
  'user-agent' => 'Mozilla/5.0 (Windows NT 10.0; Win64; x64) AppleWebKit/537.36 (KHTML, like Gecko) Chrome/100.0.4896.88 Safari/537.36',
  'sec-ch-ua-mobile' => '?0',
  'sec-ch-ua' => '" Not A;Brand";v="99", "Chromium";v="100", "Google Chrome";v="100"',
  'connection' => 'close',
  'host' => 'localhost:5601',
)
[ info ] [ PARAM ] array (
  '0_8625360787127032' => '',
  'id' => NULL,
)
[ info ] [ RUN ] think\captcha\CaptchaController->index[ F:\project\pointsmall\vendor\topthink\think-captcha\src\CaptchaController.php ]
[ info ] [ SESSION ] INIT array (
  'id' => '',
  'var_session_id' => '',
  'prefix' => 'think',
  'type' => '',
  'auto_start' => true,
  'expire' => 18000,
)
[ info ] [ LOG ] INIT File
---------------------------------------------------------------
[ 2022-04-26T09:13:57+08:00 ] 0.0.0.0 GET localhost:5601/index.php/captcha.html?0.4160736469670143
[运行时间：0.016597s] [吞吐率：60.25req/s] [内存消耗：2,170.27kb] [文件加载：80]
[ info ] [ LANG ] F:\project\pointsmall\thinkphp\lang\zh-cn.php
[ info ] [ ROUTE ] array (
  'type' => 'method',
  'method' => 
  array (
    0 => '\\think\\captcha\\CaptchaController',
    1 => 'index',
  ),
  'var' => 
  array (
  ),
)
[ info ] [ HEADER ] array (
  'cookie' => 'thinkphp_show_page_trace=0|0; thinkphp_show_page_trace=0|0; Phpstorm-221d8a55=3070f4be-a28e-4f38-8ced-98b71dc79863; PHPSESSID=3mf64ull9lsobhghr8qf3ev8tu; jsl_member_id=699; jsl_key=eca87144cf5eeeb0a3847427cc015973; jsl_phone=18302247559; ariaDefaultTheme=undefined',
  'accept-language' => 'zh-CN,zh;q=0.9',
  'accept-encoding' => 'gzip, deflate, br',
  'referer' => 'http://localhost:5601/index.php/admin',
  'sec-fetch-dest' => 'image',
  'sec-fetch-mode' => 'no-cors',
  'sec-fetch-site' => 'same-origin',
  'accept' => 'image/avif,image/webp,image/apng,image/svg+xml,image/*,*/*;q=0.8',
  'sec-ch-ua-platform' => '"Windows"',
  'user-agent' => 'Mozilla/5.0 (Windows NT 10.0; Win64; x64) AppleWebKit/537.36 (KHTML, like Gecko) Chrome/100.0.4896.88 Safari/537.36',
  'sec-ch-ua-mobile' => '?0',
  'sec-ch-ua' => '" Not A;Brand";v="99", "Chromium";v="100", "Google Chrome";v="100"',
  'connection' => 'close',
  'host' => 'localhost:5601',
)
[ info ] [ PARAM ] array (
  '0_4160736469670143' => '',
  'id' => NULL,
)
[ info ] [ RUN ] think\captcha\CaptchaController->index[ F:\project\pointsmall\vendor\topthink\think-captcha\src\CaptchaController.php ]
[ info ] [ SESSION ] INIT array (
  'id' => '',
  'var_session_id' => '',
  'prefix' => 'think',
  'type' => '',
  'auto_start' => true,
  'expire' => 18000,
)
[ info ] [ LOG ] INIT File
---------------------------------------------------------------
[ 2022-04-26T09:13:58+08:00 ] 0.0.0.0 GET localhost:5601/index.php/captcha.html?0.5202267409206924
[运行时间：0.016057s] [吞吐率：62.28req/s] [内存消耗：2,170.27kb] [文件加载：80]
[ info ] [ LANG ] F:\project\pointsmall\thinkphp\lang\zh-cn.php
[ info ] [ ROUTE ] array (
  'type' => 'method',
  'method' => 
  array (
    0 => '\\think\\captcha\\CaptchaController',
    1 => 'index',
  ),
  'var' => 
  array (
  ),
)
[ info ] [ HEADER ] array (
  'cookie' => 'thinkphp_show_page_trace=0|0; thinkphp_show_page_trace=0|0; Phpstorm-221d8a55=3070f4be-a28e-4f38-8ced-98b71dc79863; PHPSESSID=3mf64ull9lsobhghr8qf3ev8tu; jsl_member_id=699; jsl_key=eca87144cf5eeeb0a3847427cc015973; jsl_phone=18302247559; ariaDefaultTheme=undefined',
  'accept-language' => 'zh-CN,zh;q=0.9',
  'accept-encoding' => 'gzip, deflate, br',
  'referer' => 'http://localhost:5601/index.php/admin',
  'sec-fetch-dest' => 'image',
  'sec-fetch-mode' => 'no-cors',
  'sec-fetch-site' => 'same-origin',
  'accept' => 'image/avif,image/webp,image/apng,image/svg+xml,image/*,*/*;q=0.8',
  'sec-ch-ua-platform' => '"Windows"',
  'user-agent' => 'Mozilla/5.0 (Windows NT 10.0; Win64; x64) AppleWebKit/537.36 (KHTML, like Gecko) Chrome/100.0.4896.88 Safari/537.36',
  'sec-ch-ua-mobile' => '?0',
  'sec-ch-ua' => '" Not A;Brand";v="99", "Chromium";v="100", "Google Chrome";v="100"',
  'connection' => 'close',
  'host' => 'localhost:5601',
)
[ info ] [ PARAM ] array (
  '0_5202267409206924' => '',
  'id' => NULL,
)
[ info ] [ RUN ] think\captcha\CaptchaController->index[ F:\project\pointsmall\vendor\topthink\think-captcha\src\CaptchaController.php ]
[ info ] [ SESSION ] INIT array (
  'id' => '',
  'var_session_id' => '',
  'prefix' => 'think',
  'type' => '',
  'auto_start' => true,
  'expire' => 18000,
)
[ info ] [ LOG ] INIT File
---------------------------------------------------------------
[ 2022-04-26T09:13:58+08:00 ] 0.0.0.0 GET localhost:5601/index.php/captcha.html?0.09926223325431516
[运行时间：0.049793s] [吞吐率：20.08req/s] [内存消耗：2,170.27kb] [文件加载：80]
[ info ] [ LANG ] F:\project\pointsmall\thinkphp\lang\zh-cn.php
[ info ] [ ROUTE ] array (
  'type' => 'method',
  'method' => 
  array (
    0 => '\\think\\captcha\\CaptchaController',
    1 => 'index',
  ),
  'var' => 
  array (
  ),
)
[ info ] [ HEADER ] array (
  'cookie' => 'thinkphp_show_page_trace=0|0; thinkphp_show_page_trace=0|0; Phpstorm-221d8a55=3070f4be-a28e-4f38-8ced-98b71dc79863; PHPSESSID=3mf64ull9lsobhghr8qf3ev8tu; jsl_member_id=699; jsl_key=eca87144cf5eeeb0a3847427cc015973; jsl_phone=18302247559; ariaDefaultTheme=undefined',
  'accept-language' => 'zh-CN,zh;q=0.9',
  'accept-encoding' => 'gzip, deflate, br',
  'referer' => 'http://localhost:5601/index.php/admin',
  'sec-fetch-dest' => 'image',
  'sec-fetch-mode' => 'no-cors',
  'sec-fetch-site' => 'same-origin',
  'accept' => 'image/avif,image/webp,image/apng,image/svg+xml,image/*,*/*;q=0.8',
  'sec-ch-ua-platform' => '"Windows"',
  'user-agent' => 'Mozilla/5.0 (Windows NT 10.0; Win64; x64) AppleWebKit/537.36 (KHTML, like Gecko) Chrome/100.0.4896.88 Safari/537.36',
  'sec-ch-ua-mobile' => '?0',
  'sec-ch-ua' => '" Not A;Brand";v="99", "Chromium";v="100", "Google Chrome";v="100"',
  'connection' => 'close',
  'host' => 'localhost:5601',
)
[ info ] [ PARAM ] array (
  '0_09926223325431516' => '',
  'id' => NULL,
)
[ info ] [ RUN ] think\captcha\CaptchaController->index[ F:\project\pointsmall\vendor\topthink\think-captcha\src\CaptchaController.php ]
[ info ] [ SESSION ] INIT array (
  'id' => '',
  'var_session_id' => '',
  'prefix' => 'think',
  'type' => '',
  'auto_start' => true,
  'expire' => 18000,
)
[ info ] [ LOG ] INIT File
---------------------------------------------------------------
[ 2022-04-26T09:13:59+08:00 ] 0.0.0.0 GET localhost:5601/index.php/captcha.html?0.7772989695548993
[运行时间：0.019684s] [吞吐率：50.80req/s] [内存消耗：2,170.27kb] [文件加载：80]
[ info ] [ LANG ] F:\project\pointsmall\thinkphp\lang\zh-cn.php
[ info ] [ ROUTE ] array (
  'type' => 'method',
  'method' => 
  array (
    0 => '\\think\\captcha\\CaptchaController',
    1 => 'index',
  ),
  'var' => 
  array (
  ),
)
[ info ] [ HEADER ] array (
  'cookie' => 'thinkphp_show_page_trace=0|0; thinkphp_show_page_trace=0|0; Phpstorm-221d8a55=3070f4be-a28e-4f38-8ced-98b71dc79863; PHPSESSID=3mf64ull9lsobhghr8qf3ev8tu; jsl_member_id=699; jsl_key=eca87144cf5eeeb0a3847427cc015973; jsl_phone=18302247559; ariaDefaultTheme=undefined',
  'accept-language' => 'zh-CN,zh;q=0.9',
  'accept-encoding' => 'gzip, deflate, br',
  'referer' => 'http://localhost:5601/index.php/admin',
  'sec-fetch-dest' => 'image',
  'sec-fetch-mode' => 'no-cors',
  'sec-fetch-site' => 'same-origin',
  'accept' => 'image/avif,image/webp,image/apng,image/svg+xml,image/*,*/*;q=0.8',
  'sec-ch-ua-platform' => '"Windows"',
  'user-agent' => 'Mozilla/5.0 (Windows NT 10.0; Win64; x64) AppleWebKit/537.36 (KHTML, like Gecko) Chrome/100.0.4896.88 Safari/537.36',
  'sec-ch-ua-mobile' => '?0',
  'sec-ch-ua' => '" Not A;Brand";v="99", "Chromium";v="100", "Google Chrome";v="100"',
  'connection' => 'close',
  'host' => 'localhost:5601',
)
[ info ] [ PARAM ] array (
  '0_7772989695548993' => '',
  'id' => NULL,
)
[ info ] [ RUN ] think\captcha\CaptchaController->index[ F:\project\pointsmall\vendor\topthink\think-captcha\src\CaptchaController.php ]
[ info ] [ SESSION ] INIT array (
  'id' => '',
  'var_session_id' => '',
  'prefix' => 'think',
  'type' => '',
  'auto_start' => true,
  'expire' => 18000,
)
[ info ] [ LOG ] INIT File
---------------------------------------------------------------
[ 2022-04-26T09:14:06+08:00 ] 0.0.0.0 POST localhost:5601/index.php/admin/index/login.html
[运行时间：0.153661s] [吞吐率：6.51req/s] [内存消耗：3,328.20kb] [文件加载：99]
[ info ] [ LANG ] F:\project\pointsmall\thinkphp\lang\zh-cn.php
[ info ] [ ROUTE ] array (
  'type' => 'module',
  'module' => 
  array (
    0 => 'admin',
    1 => 'index',
    2 => 'login',
  ),
)
[ info ] [ HEADER ] array (
  'cookie' => 'thinkphp_show_page_trace=0|0; thinkphp_show_page_trace=0|0; thinkphp_show_page_trace=0|0; thinkphp_show_page_trace=0|0; Phpstorm-221d8a55=3070f4be-a28e-4f38-8ced-98b71dc79863; PHPSESSID=3mf64ull9lsobhghr8qf3ev8tu; jsl_member_id=699; jsl_key=eca87144cf5eeeb0a3847427cc015973; jsl_phone=18302247559; ariaDefaultTheme=undefined',
  'accept-language' => 'zh-CN,zh;q=0.9',
  'accept-encoding' => 'gzip, deflate, br',
  'referer' => 'http://localhost:5601/index.php/admin',
  'sec-fetch-dest' => 'empty',
  'sec-fetch-mode' => 'cors',
  'sec-fetch-site' => 'same-origin',
  'origin' => 'http://localhost:5601',
  'sec-ch-ua-platform' => '"Windows"',
  'user-agent' => 'Mozilla/5.0 (Windows NT 10.0; Win64; x64) AppleWebKit/537.36 (KHTML, like Gecko) Chrome/100.0.4896.88 Safari/537.36',
  'sec-ch-ua-mobile' => '?0',
  'x-requested-with' => 'XMLHttpRequest',
  'content-type' => 'application/x-www-form-urlencoded; charset=UTF-8',
  'accept' => 'application/json, text/javascript, */*; q=0.01',
  'sec-ch-ua' => '" Not A;Brand";v="99", "Chromium";v="100", "Google Chrome";v="100"',
  'content-length' => '40',
  'connection' => 'close',
  'host' => 'localhost:5601',
)
[ info ] [ PARAM ] array (
  'username' => 'admin',
  'password' => '123456',
  'code' => 'xb2h',
)
[ info ] [ RUN ] app\admin\controller\Index->login[ F:\project\pointsmall\application\admin\controller\Index.php ]
[ info ] [ SESSION ] INIT array (
  'id' => '',
  'var_session_id' => '',
  'prefix' => 'think',
  'type' => '',
  'auto_start' => true,
  'expire' => 18000,
)
[ info ] [ DB ] INIT mysql
[ info ] [ LOG ] INIT File
[ sql ] [ DB ] CONNECT:[ UseTime:0.019447s ] mysql:host=172.16.2.244;port=3306;dbname=points-mall-test;charset=utf8mb4
[ sql ] [ SQL ] SHOW COLUMNS FROM `jsl_ip` [ RunTime:0.016517s ]
[ sql ] [ SQL ] SELECT * FROM `jsl_ip` WHERE  `Ip` = '0.0.0.0' LIMIT 1 [ RunTime:0.003229s ]
[ sql ] [ SQL ] SHOW COLUMNS FROM `jsl_user` [ RunTime:0.003648s ]
[ sql ] [ SQL ] SELECT COUNT(*) AS tp_count FROM `jsl_user` WHERE  `Username` = 'admin' LIMIT 1 [ RunTime:0.002051s ]
[ sql ] [ SQL ] SELECT COUNT(*) AS tp_count FROM `jsl_user` WHERE  `Username` = 'admin'  AND `Status` = 0 LIMIT 1 [ RunTime:0.001841s ]
[ sql ] [ SQL ] SELECT `ID`,`Username`,`Password`,`Roleid`,`Status`,`Competence`,`Loginarea`,`Logincount` FROM `jsl_user` WHERE  `Username` = 'admin'  AND `Status` = 0  AND `Password` = '10470c3b4b1fed12c3baac014be15fac67c6e815' LIMIT 1 [ RunTime:0.001768s ]
[ sql ] [ SQL ] SELECT * FROM `jsl_user` WHERE  `Username` = 'admin'  AND `Status` = 0  AND `Password` = '10470c3b4b1fed12c3baac014be15fac67c6e815' LIMIT 1 [ RunTime:0.001797s ]
[ sql ] [ SQL ] UPDATE `jsl_user`  SET `Loginarea`='IANA保留地址.',`Loginip`='0.0.0.0',`Logintime`='2022-04-26 09:14:06'  WHERE  (  ID = 1 ) [ RunTime:0.002267s ]
[ sql ] [ SQL ] UPDATE `jsl_user`  SET `Logincount`=`Logincount`+1  WHERE  (  ID = 1 ) [ RunTime:0.002310s ]
[ sql ] [ SQL ] SHOW COLUMNS FROM `jsl_loginlog` [ RunTime:0.002777s ]
[ sql ] [ SQL ] INSERT INTO `jsl_loginlog` (`Uid` , `User` , `Description` , `Area` , `Loginip` , `Dtime`) VALUES (1 , 'admin' , '<div class=\"de1\">登录成功</div>' , 'IANA保留地址.' , '0.0.0.0' , '2022-04-26 09:14:06') [ RunTime:0.001978s ]
[ sql ] [ SQL ] SELECT `ID` FROM `jsl_user` WHERE  (  leader_id = 1 ) [ RunTime:0.001714s ]
---------------------------------------------------------------
[ 2022-04-26T09:14:08+08:00 ] 0.0.0.0 GET localhost:5601/index.php/admin/index/web.html
[运行时间：0.285620s] [吞吐率：3.50req/s] [内存消耗：3,488.44kb] [文件加载：103]
[ info ] [ LANG ] F:\project\pointsmall\thinkphp\lang\zh-cn.php
[ info ] [ ROUTE ] array (
  'type' => 'module',
  'module' => 
  array (
    0 => 'admin',
    1 => 'index',
    2 => 'web',
  ),
)
[ info ] [ HEADER ] array (
  'cookie' => 'thinkphp_show_page_trace=0|0; thinkphp_show_page_trace=0|0; thinkphp_show_page_trace=0|0; thinkphp_show_page_trace=0|0; Phpstorm-221d8a55=3070f4be-a28e-4f38-8ced-98b71dc79863; PHPSESSID=3mf64ull9lsobhghr8qf3ev8tu; jsl_member_id=699; jsl_key=eca87144cf5eeeb0a3847427cc015973; jsl_phone=18302247559; ariaDefaultTheme=undefined',
  'accept-language' => 'zh-CN,zh;q=0.9',
  'accept-encoding' => 'gzip, deflate, br',
  'referer' => 'http://localhost:5601/index.php/admin',
  'sec-fetch-dest' => 'document',
  'sec-fetch-user' => '?1',
  'sec-fetch-mode' => 'navigate',
  'sec-fetch-site' => 'same-origin',
  'accept' => 'text/html,application/xhtml+xml,application/xml;q=0.9,image/avif,image/webp,image/apng,*/*;q=0.8,application/signed-exchange;v=b3;q=0.9',
  'user-agent' => 'Mozilla/5.0 (Windows NT 10.0; Win64; x64) AppleWebKit/537.36 (KHTML, like Gecko) Chrome/100.0.4896.88 Safari/537.36',
  'upgrade-insecure-requests' => '1',
  'sec-ch-ua-platform' => '"Windows"',
  'sec-ch-ua-mobile' => '?0',
  'sec-ch-ua' => '" Not A;Brand";v="99", "Chromium";v="100", "Google Chrome";v="100"',
  'connection' => 'close',
  'host' => 'localhost:5601',
)
[ info ] [ PARAM ] array (
)
[ info ] [ RUN ] app\admin\controller\Index->web[ F:\project\pointsmall\application\admin\controller\Index.php ]
[ info ] [ SESSION ] INIT array (
  'id' => '',
  'var_session_id' => '',
  'prefix' => 'think',
  'type' => '',
  'auto_start' => true,
  'expire' => 18000,
)
[ info ] [ DB ] INIT mysql
[ info ] [ VIEW ] F:\project\pointsmall\public/../application/admin\view\index\web.html [ array (
  0 => 'list',
  1 => 'volist',
  2 => 'mod_list',
) ]
[ info ] [ LOG ] INIT File
[ sql ] [ DB ] CONNECT:[ UseTime:0.027952s ] mysql:host=172.16.2.244;port=3306;dbname=points-mall-test;charset=utf8mb4
[ sql ] [ SQL ] SHOW COLUMNS FROM `jsl_user` [ RunTime:0.005392s ]
[ sql ] [ SQL ] SELECT COUNT(*) AS tp_count FROM `jsl_user` WHERE  (  ID = 1 ) LIMIT 1 [ RunTime:0.003161s ]
[ sql ] [ SQL ] SHOW COLUMNS FROM `jsl_statis` [ RunTime:0.003513s ]
[ sql ] [ SQL ] SELECT COUNT(*) AS tp_count FROM `jsl_statis` WHERE  (  Uid = 1 ) LIMIT 1 [ RunTime:0.001818s ]
[ sql ] [ SQL ] UPDATE `jsl_statis`  SET `Dtime`='1650935648'  WHERE  (  Uid = 1 ) [ RunTime:0.002102s ]
[ sql ] [ SQL ] DELETE FROM `jsl_statis`    WHERE  `Dtime` < '1650935528' [ RunTime:0.001718s ]
[ sql ] [ SQL ] SHOW COLUMNS FROM `jsl_module` [ RunTime:0.002836s ]
[ sql ] [ SQL ] SELECT * FROM `jsl_module` WHERE  (  Sid = 0 ) ORDER BY `Msort` ASC [ RunTime:0.002207s ]
[ sql ] [ SQL ] SELECT * FROM `jsl_module` WHERE  (  Sid > 0 ) ORDER BY `Msort` ASC [ RunTime:0.001963s ]
[ sql ] [ SQL ] SHOW COLUMNS FROM `jsl_competence` [ RunTime:0.002192s ]
[ sql ] [ SQL ] SELECT * FROM `jsl_competence` WHERE  (  ID = '112' ) LIMIT 1 [ RunTime:0.001270s ]
[ sql ] [ SQL ] SELECT `ID` FROM `jsl_competence` WHERE  (  Sid = '' ) [ RunTime:0.001378s ]
[ sql ] [ SQL ] SELECT * FROM `jsl_competence` WHERE  (  ID = '107' ) LIMIT 1 [ RunTime:0.001404s ]
[ sql ] [ SQL ] SELECT `ID` FROM `jsl_competence` WHERE  (  Sid = '107' ) [ RunTime:0.001353s ]
[ sql ] [ SQL ] SELECT * FROM `jsl_competence` WHERE  (  ID = '113' ) LIMIT 1 [ RunTime:0.001344s ]
[ sql ] [ SQL ] SELECT `ID` FROM `jsl_competence` WHERE  (  Sid = '' ) [ RunTime:0.001322s ]
[ sql ] [ SQL ] SELECT * FROM `jsl_competence` WHERE  (  ID = '120' ) LIMIT 1 [ RunTime:0.001164s ]
[ sql ] [ SQL ] SELECT `ID` FROM `jsl_competence` WHERE  (  Sid = '' ) [ RunTime:0.001402s ]
[ sql ] [ SQL ] SELECT * FROM `jsl_competence` WHERE  (  ID = '364' ) LIMIT 1 [ RunTime:0.001333s ]
[ sql ] [ SQL ] SELECT `ID` FROM `jsl_competence` WHERE  (  Sid = '364' ) [ RunTime:0.001191s ]
[ sql ] [ SQL ] SELECT * FROM `jsl_competence` WHERE  (  ID = '126' ) LIMIT 1 [ RunTime:0.006343s ]
[ sql ] [ SQL ] SELECT `ID` FROM `jsl_competence` WHERE  (  Sid = '' ) [ RunTime:0.001657s ]
[ sql ] [ SQL ] SELECT * FROM `jsl_competence` WHERE  (  ID = '322' ) LIMIT 1 [ RunTime:0.001290s ]
[ sql ] [ SQL ] SELECT `ID` FROM `jsl_competence` WHERE  (  Sid = '' ) [ RunTime:0.001387s ]
[ sql ] [ SQL ] SELECT * FROM `jsl_competence` WHERE  (  ID = '1' ) LIMIT 1 [ RunTime:0.001380s ]
[ sql ] [ SQL ] SELECT `ID` FROM `jsl_competence` WHERE  (  Sid = '1' ) [ RunTime:0.001350s ]
[ sql ] [ SQL ] SELECT * FROM `jsl_competence` WHERE  (  ID = '354' ) LIMIT 1 [ RunTime:0.001543s ]
[ sql ] [ SQL ] SELECT `ID` FROM `jsl_competence` WHERE  (  Sid = '354' ) [ RunTime:0.001273s ]
[ sql ] [ SQL ] SELECT * FROM `jsl_competence` WHERE  (  ID = '362' ) LIMIT 1 [ RunTime:0.001542s ]
[ sql ] [ SQL ] SELECT `ID` FROM `jsl_competence` WHERE  (  Sid = '362' ) [ RunTime:0.001466s ]
[ sql ] [ SQL ] SELECT * FROM `jsl_competence` WHERE  (  ID = '311' ) LIMIT 1 [ RunTime:0.001407s ]
[ sql ] [ SQL ] SELECT `ID` FROM `jsl_competence` WHERE  (  Sid = '' ) [ RunTime:0.001294s ]
[ sql ] [ SQL ] SELECT * FROM `jsl_competence` WHERE  (  ID = '316' ) LIMIT 1 [ RunTime:0.001488s ]
[ sql ] [ SQL ] SELECT `ID` FROM `jsl_competence` WHERE  (  Sid = '' ) [ RunTime:0.001430s ]
[ sql ] [ SQL ] SELECT * FROM `jsl_competence` WHERE  (  ID = '44' ) LIMIT 1 [ RunTime:0.001505s ]
[ sql ] [ SQL ] SELECT `ID` FROM `jsl_competence` WHERE  (  Sid = '' ) [ RunTime:0.001585s ]
[ sql ] [ SQL ] SELECT * FROM `jsl_competence` WHERE  (  ID = '108' ) LIMIT 1 [ RunTime:0.001429s ]
[ sql ] [ SQL ] SELECT `ID` FROM `jsl_competence` WHERE  (  Sid = '108' ) [ RunTime:0.001440s ]
[ sql ] [ SQL ] SELECT * FROM `jsl_competence` WHERE  (  ID = '322' ) LIMIT 1 [ RunTime:0.001335s ]
[ sql ] [ SQL ] SELECT `ID` FROM `jsl_competence` WHERE  (  Sid = '' ) [ RunTime:0.001573s ]
[ sql ] [ SQL ] SELECT * FROM `jsl_competence` WHERE  (  ID = '11' ) LIMIT 1 [ RunTime:0.001312s ]
[ sql ] [ SQL ] SELECT `ID` FROM `jsl_competence` WHERE  (  Sid = '11' ) [ RunTime:0.001376s ]
[ sql ] [ SQL ] SELECT * FROM `jsl_competence` WHERE  (  ID = '44' ) LIMIT 1 [ RunTime:0.001317s ]
[ sql ] [ SQL ] SELECT `ID` FROM `jsl_competence` WHERE  (  Sid = '' ) [ RunTime:0.001172s ]
[ sql ] [ SQL ] SELECT * FROM `jsl_competence` WHERE  (  ID = '111' ) LIMIT 1 [ RunTime:0.001284s ]
[ sql ] [ SQL ] SELECT `ID` FROM `jsl_competence` WHERE  (  Sid = '111' ) [ RunTime:0.001333s ]
[ sql ] [ SQL ] SELECT * FROM `jsl_competence` WHERE  (  ID = '114' ) LIMIT 1 [ RunTime:0.011522s ]
[ sql ] [ SQL ] SELECT `ID` FROM `jsl_competence` WHERE  (  Sid = '' ) [ RunTime:0.001685s ]
[ sql ] [ SQL ] SELECT * FROM `jsl_competence` WHERE  (  ID = '59' ) LIMIT 1 [ RunTime:0.001474s ]
[ sql ] [ SQL ] SELECT `ID` FROM `jsl_competence` WHERE  (  Sid = '59' ) [ RunTime:0.001589s ]
[ sql ] [ SQL ] SELECT * FROM `jsl_competence` WHERE  (  ID = '323' ) LIMIT 1 [ RunTime:0.001416s ]
[ sql ] [ SQL ] SELECT `ID` FROM `jsl_competence` WHERE  (  Sid = '' ) [ RunTime:0.001667s ]
[ sql ] [ SQL ] SELECT * FROM `jsl_competence` WHERE  (  ID = '349' ) LIMIT 1 [ RunTime:0.001368s ]
[ sql ] [ SQL ] SELECT `ID` FROM `jsl_competence` WHERE  (  Sid = '349' ) [ RunTime:0.001341s ]
[ sql ] [ SQL ] SELECT * FROM `jsl_competence` WHERE  (  ID = '364' ) LIMIT 1 [ RunTime:0.001461s ]
[ sql ] [ SQL ] SELECT `ID` FROM `jsl_competence` WHERE  (  Sid = '364' ) [ RunTime:0.001514s ]
[ sql ] [ SQL ] SELECT * FROM `jsl_competence` WHERE  (  ID = '131' ) LIMIT 1 [ RunTime:0.001276s ]
[ sql ] [ SQL ] SELECT `ID` FROM `jsl_competence` WHERE  (  Sid = '' ) [ RunTime:0.001431s ]
[ sql ] [ SQL ] SELECT * FROM `jsl_competence` WHERE  (  ID = '278' ) LIMIT 1 [ RunTime:0.001514s ]
[ sql ] [ SQL ] SELECT `ID` FROM `jsl_competence` WHERE  (  Sid = '' ) [ RunTime:0.001475s ]
[ sql ] [ SQL ] SELECT * FROM `jsl_competence` WHERE  (  ID = '364' ) LIMIT 1 [ RunTime:0.001339s ]
[ sql ] [ SQL ] SELECT `ID` FROM `jsl_competence` WHERE  (  Sid = '364' ) [ RunTime:0.001306s ]
[ sql ] [ SQL ] SELECT * FROM `jsl_competence` WHERE  (  ID = '354' ) LIMIT 1 [ RunTime:0.001543s ]
[ sql ] [ SQL ] SELECT `ID` FROM `jsl_competence` WHERE  (  Sid = '354' ) [ RunTime:0.001449s ]
[ sql ] [ SQL ] SELECT * FROM `jsl_competence` WHERE  (  ID = '109' ) LIMIT 1 [ RunTime:0.001400s ]
[ sql ] [ SQL ] SELECT `ID` FROM `jsl_competence` WHERE  (  Sid = '' ) [ RunTime:0.001495s ]
[ sql ] [ SQL ] SELECT `ID` FROM `jsl_module` WHERE  (  Sid = '29' ) [ RunTime:0.001482s ]
[ sql ] [ SQL ] SELECT `ID` FROM `jsl_module` WHERE  (  Sid = '112' ) [ RunTime:0.001395s ]
[ sql ] [ SQL ] SELECT `ID` FROM `jsl_module` WHERE  (  Sid = '1' ) [ RunTime:0.001540s ]
[ sql ] [ SQL ] SELECT `ID` FROM `jsl_module` WHERE  (  Sid = '2' ) [ RunTime:0.001772s ]
[ sql ] [ SQL ] SELECT `ID` FROM `jsl_module` WHERE  (  Sid = '3' ) [ RunTime:0.001583s ]
[ sql ] [ SQL ] SELECT `ID` FROM `jsl_module` WHERE  (  Sid = '62' ) [ RunTime:0.001475s ]
[ sql ] [ SQL ] SELECT `ID` FROM `jsl_module` WHERE  (  Sid = '137' ) [ RunTime:0.001354s ]
[ sql ] [ SQL ] SELECT `ID` FROM `jsl_module` WHERE  (  Sid = '141' ) [ RunTime:0.001270s ]
[ sql ] [ SQL ] SELECT `ID` FROM `jsl_module` WHERE  (  Sid = '144' ) [ RunTime:0.001544s ]
[ sql ] [ SQL ] SELECT `ID` FROM `jsl_module` WHERE  (  Sid = '64' ) [ RunTime:0.001490s ]
[ sql ] [ SQL ] SELECT `ID` FROM `jsl_module` WHERE  (  Sid = '75' ) [ RunTime:0.001609s ]
[ sql ] [ SQL ] SELECT COUNT(*) AS tp_count FROM `jsl_user` WHERE  (  ID = 1 ) LIMIT 1 [ RunTime:0.001386s ]
[ sql ] [ SQL ] SELECT COUNT(*) AS tp_count FROM `jsl_statis` WHERE  (  Uid = 1 ) LIMIT 1 [ RunTime:0.001322s ]
[ sql ] [ SQL ] UPDATE `jsl_statis`  SET `Dtime`='1650935648'  WHERE  (  Uid = 1 ) [ RunTime:0.001964s ]
[ sql ] [ SQL ] DELETE FROM `jsl_statis`    WHERE  `Dtime` < '1650935528' [ RunTime:0.001564s ]
[ sql ] [ SQL ] SELECT COUNT(*) AS tp_count FROM `jsl_user` WHERE  (  ID = 1 ) LIMIT 1 [ RunTime:0.001527s ]
[ sql ] [ SQL ] SELECT COUNT(*) AS tp_count FROM `jsl_statis` WHERE  (  Uid = 1 ) LIMIT 1 [ RunTime:0.001651s ]
[ sql ] [ SQL ] UPDATE `jsl_statis`  SET `Dtime`='1650935648'  WHERE  (  Uid = 1 ) [ RunTime:0.001611s ]
[ sql ] [ SQL ] DELETE FROM `jsl_statis`    WHERE  `Dtime` < '1650935528' [ RunTime:0.001734s ]
[ sql ] [ SQL ] SELECT COUNT(*) AS tp_count FROM `jsl_user` WHERE  (  ID = 1 ) LIMIT 1 [ RunTime:0.001548s ]
[ sql ] [ SQL ] SELECT COUNT(*) AS tp_count FROM `jsl_statis` WHERE  (  Uid = 1 ) LIMIT 1 [ RunTime:0.001485s ]
[ sql ] [ SQL ] UPDATE `jsl_statis`  SET `Dtime`='1650935648'  WHERE  (  Uid = 1 ) [ RunTime:0.013610s ]
[ sql ] [ SQL ] DELETE FROM `jsl_statis`    WHERE  `Dtime` < '1650935528' [ RunTime:0.001500s ]
[ error ] [8]未定义数组索引: id[F:\project\pointsmall\runtime\temp\cb1875549a15ea697c1a55e0379ea363.php:76]
[ error ] [8]未定义数组索引: id[F:\project\pointsmall\runtime\temp\cb1875549a15ea697c1a55e0379ea363.php:76]
[ error ] [8]未定义数组索引: id[F:\project\pointsmall\runtime\temp\cb1875549a15ea697c1a55e0379ea363.php:76]
---------------------------------------------------------------
[ 2022-04-26T09:14:14+08:00 ] 0.0.0.0 GET localhost:5601/index.php/admin/index/main.html?module=goods
[运行时间：0.222918s] [吞吐率：4.49req/s] [内存消耗：3,476.95kb] [文件加载：103]
[ info ] [ LANG ] F:\project\pointsmall\thinkphp\lang\zh-cn.php
[ info ] [ ROUTE ] array (
  'type' => 'module',
  'module' => 
  array (
    0 => 'admin',
    1 => 'index',
    2 => 'main',
  ),
)
[ info ] [ HEADER ] array (
  'cookie' => 'thinkphp_show_page_trace=0|0; thinkphp_show_page_trace=0|0; thinkphp_show_page_trace=0|0; thinkphp_show_page_trace=0|0; Phpstorm-221d8a55=3070f4be-a28e-4f38-8ced-98b71dc79863; PHPSESSID=3mf64ull9lsobhghr8qf3ev8tu; jsl_member_id=699; jsl_key=eca87144cf5eeeb0a3847427cc015973; jsl_phone=18302247559; ariaDefaultTheme=undefined',
  'accept-language' => 'zh-CN,zh;q=0.9',
  'accept-encoding' => 'gzip, deflate, br',
  'referer' => 'http://localhost:5601/index.php/admin/index/web.html',
  'sec-fetch-dest' => 'document',
  'sec-fetch-user' => '?1',
  'sec-fetch-mode' => 'navigate',
  'sec-fetch-site' => 'same-origin',
  'accept' => 'text/html,application/xhtml+xml,application/xml;q=0.9,image/avif,image/webp,image/apng,*/*;q=0.8,application/signed-exchange;v=b3;q=0.9',
  'user-agent' => 'Mozilla/5.0 (Windows NT 10.0; Win64; x64) AppleWebKit/537.36 (KHTML, like Gecko) Chrome/100.0.4896.88 Safari/537.36',
  'upgrade-insecure-requests' => '1',
  'sec-ch-ua-platform' => '"Windows"',
  'sec-ch-ua-mobile' => '?0',
  'sec-ch-ua' => '" Not A;Brand";v="99", "Chromium";v="100", "Google Chrome";v="100"',
  'connection' => 'close',
  'host' => 'localhost:5601',
)
[ info ] [ PARAM ] array (
  'module' => 'goods',
)
[ info ] [ RUN ] app\admin\controller\Index->main[ F:\project\pointsmall\application\admin\controller\Index.php ]
[ info ] [ SESSION ] INIT array (
  'id' => '',
  'var_session_id' => '',
  'prefix' => 'think',
  'type' => '',
  'auto_start' => true,
  'expire' => 18000,
)
[ info ] [ DB ] INIT mysql
[ info ] [ VIEW ] F:\project\pointsmall\public/../application/admin\view\index\main.html [ array (
  0 => 'list',
  1 => 'volist',
  2 => 'mod_list',
) ]
[ info ] [ LOG ] INIT File
[ sql ] [ DB ] CONNECT:[ UseTime:0.021764s ] mysql:host=172.16.2.244;port=3306;dbname=points-mall-test;charset=utf8mb4
[ sql ] [ SQL ] SHOW COLUMNS FROM `jsl_user` [ RunTime:0.004798s ]
[ sql ] [ SQL ] SELECT COUNT(*) AS tp_count FROM `jsl_user` WHERE  (  ID = 1 ) LIMIT 1 [ RunTime:0.002723s ]
[ sql ] [ SQL ] SHOW COLUMNS FROM `jsl_statis` [ RunTime:0.002599s ]
[ sql ] [ SQL ] SELECT COUNT(*) AS tp_count FROM `jsl_statis` WHERE  (  Uid = 1 ) LIMIT 1 [ RunTime:0.001691s ]
[ sql ] [ SQL ] UPDATE `jsl_statis`  SET `Dtime`='1650935654'  WHERE  (  Uid = 1 ) [ RunTime:0.002004s ]
[ sql ] [ SQL ] DELETE FROM `jsl_statis`    WHERE  `Dtime` < '1650935534' [ RunTime:0.001756s ]
[ sql ] [ SQL ] SHOW COLUMNS FROM `jsl_module` [ RunTime:0.002823s ]
[ sql ] [ SQL ] SELECT * FROM `jsl_module` WHERE  `Sid` = 0  AND `ID` IN (112,137,141)  AND `Status` = 0 ORDER BY `Msort` ASC [ RunTime:0.002057s ]
[ sql ] [ SQL ] SELECT * FROM `jsl_module` WHERE  (  Sid > 0 )  AND `Status` = 0 ORDER BY `Msort` ASC [ RunTime:0.001973s ]
[ sql ] [ SQL ] SHOW COLUMNS FROM `jsl_competence` [ RunTime:0.001932s ]
[ sql ] [ SQL ] SELECT * FROM `jsl_competence` WHERE  (  ID = '112' ) LIMIT 1 [ RunTime:0.012398s ]
[ sql ] [ SQL ] SELECT `ID` FROM `jsl_competence` WHERE  (  Sid = '' ) [ RunTime:0.001820s ]
[ sql ] [ SQL ] SELECT * FROM `jsl_competence` WHERE  (  ID = '107' ) LIMIT 1 [ RunTime:0.001594s ]
[ sql ] [ SQL ] SELECT `ID` FROM `jsl_competence` WHERE  (  Sid = '107' ) [ RunTime:0.001367s ]
[ sql ] [ SQL ] SELECT * FROM `jsl_competence` WHERE  (  ID = '113' ) LIMIT 1 [ RunTime:0.001536s ]
[ sql ] [ SQL ] SELECT `ID` FROM `jsl_competence` WHERE  (  Sid = '' ) [ RunTime:0.001459s ]
[ sql ] [ SQL ] SELECT * FROM `jsl_competence` WHERE  (  ID = '120' ) LIMIT 1 [ RunTime:0.001320s ]
[ sql ] [ SQL ] SELECT `ID` FROM `jsl_competence` WHERE  (  Sid = '' ) [ RunTime:0.001440s ]
[ sql ] [ SQL ] SELECT * FROM `jsl_competence` WHERE  (  ID = '364' ) LIMIT 1 [ RunTime:0.001461s ]
[ sql ] [ SQL ] SELECT `ID` FROM `jsl_competence` WHERE  (  Sid = '364' ) [ RunTime:0.001481s ]
[ sql ] [ SQL ] SELECT * FROM `jsl_competence` WHERE  (  ID = '126' ) LIMIT 1 [ RunTime:0.001382s ]
[ sql ] [ SQL ] SELECT `ID` FROM `jsl_competence` WHERE  (  Sid = '' ) [ RunTime:0.001585s ]
[ sql ] [ SQL ] SELECT * FROM `jsl_competence` WHERE  (  ID = '322' ) LIMIT 1 [ RunTime:0.001256s ]
[ sql ] [ SQL ] SELECT `ID` FROM `jsl_competence` WHERE  (  Sid = '' ) [ RunTime:0.001386s ]
[ sql ] [ SQL ] SELECT * FROM `jsl_competence` WHERE  (  ID = '1' ) LIMIT 1 [ RunTime:0.001502s ]
[ sql ] [ SQL ] SELECT `ID` FROM `jsl_competence` WHERE  (  Sid = '1' ) [ RunTime:0.001481s ]
[ sql ] [ SQL ] SELECT * FROM `jsl_competence` WHERE  (  ID = '354' ) LIMIT 1 [ RunTime:0.001324s ]
[ sql ] [ SQL ] SELECT `ID` FROM `jsl_competence` WHERE  (  Sid = '354' ) [ RunTime:0.001246s ]
[ sql ] [ SQL ] SELECT * FROM `jsl_competence` WHERE  (  ID = '362' ) LIMIT 1 [ RunTime:0.001278s ]
[ sql ] [ SQL ] SELECT `ID` FROM `jsl_competence` WHERE  (  Sid = '362' ) [ RunTime:0.001296s ]
[ sql ] [ SQL ] SELECT * FROM `jsl_competence` WHERE  (  ID = '311' ) LIMIT 1 [ RunTime:0.001234s ]
[ sql ] [ SQL ] SELECT `ID` FROM `jsl_competence` WHERE  (  Sid = '' ) [ RunTime:0.001294s ]
[ sql ] [ SQL ] SELECT * FROM `jsl_competence` WHERE  (  ID = '316' ) LIMIT 1 [ RunTime:0.001403s ]
[ sql ] [ SQL ] SELECT `ID` FROM `jsl_competence` WHERE  (  Sid = '' ) [ RunTime:0.001332s ]
[ sql ] [ SQL ] SELECT * FROM `jsl_competence` WHERE  (  ID = '44' ) LIMIT 1 [ RunTime:0.001301s ]
[ sql ] [ SQL ] SELECT `ID` FROM `jsl_competence` WHERE  (  Sid = '' ) [ RunTime:0.001299s ]
[ sql ] [ SQL ] SELECT * FROM `jsl_competence` WHERE  (  ID = '108' ) LIMIT 1 [ RunTime:0.001390s ]
[ sql ] [ SQL ] SELECT `ID` FROM `jsl_competence` WHERE  (  Sid = '108' ) [ RunTime:0.001474s ]
[ sql ] [ SQL ] SELECT * FROM `jsl_competence` WHERE  (  ID = '322' ) LIMIT 1 [ RunTime:0.001342s ]
[ sql ] [ SQL ] SELECT `ID` FROM `jsl_competence` WHERE  (  Sid = '' ) [ RunTime:0.001403s ]
[ sql ] [ SQL ] SELECT * FROM `jsl_competence` WHERE  (  ID = '11' ) LIMIT 1 [ RunTime:0.001323s ]
[ sql ] [ SQL ] SELECT `ID` FROM `jsl_competence` WHERE  (  Sid = '11' ) [ RunTime:0.001363s ]
[ sql ] [ SQL ] SELECT * FROM `jsl_competence` WHERE  (  ID = '44' ) LIMIT 1 [ RunTime:0.001271s ]
[ sql ] [ SQL ] SELECT `ID` FROM `jsl_competence` WHERE  (  Sid = '' ) [ RunTime:0.001402s ]
[ sql ] [ SQL ] SELECT * FROM `jsl_competence` WHERE  (  ID = '111' ) LIMIT 1 [ RunTime:0.001492s ]
[ sql ] [ SQL ] SELECT `ID` FROM `jsl_competence` WHERE  (  Sid = '111' ) [ RunTime:0.001360s ]
[ sql ] [ SQL ] SELECT * FROM `jsl_competence` WHERE  (  ID = '114' ) LIMIT 1 [ RunTime:0.001672s ]
[ sql ] [ SQL ] SELECT `ID` FROM `jsl_competence` WHERE  (  Sid = '' ) [ RunTime:0.001393s ]
[ sql ] [ SQL ] SELECT * FROM `jsl_competence` WHERE  (  ID = '59' ) LIMIT 1 [ RunTime:0.001450s ]
[ sql ] [ SQL ] SELECT `ID` FROM `jsl_competence` WHERE  (  Sid = '59' ) [ RunTime:0.001480s ]
[ sql ] [ SQL ] SELECT * FROM `jsl_competence` WHERE  (  ID = '323' ) LIMIT 1 [ RunTime:0.001341s ]
[ sql ] [ SQL ] SELECT `ID` FROM `jsl_competence` WHERE  (  Sid = '' ) [ RunTime:0.001384s ]
[ sql ] [ SQL ] SELECT * FROM `jsl_competence` WHERE  (  ID = '349' ) LIMIT 1 [ RunTime:0.001615s ]
[ sql ] [ SQL ] SELECT `ID` FROM `jsl_competence` WHERE  (  Sid = '349' ) [ RunTime:0.001489s ]
[ sql ] [ SQL ] SELECT * FROM `jsl_competence` WHERE  (  ID = '364' ) LIMIT 1 [ RunTime:0.001366s ]
[ sql ] [ SQL ] SELECT `ID` FROM `jsl_competence` WHERE  (  Sid = '364' ) [ RunTime:0.001467s ]
[ sql ] [ SQL ] SELECT * FROM `jsl_competence` WHERE  (  ID = '131' ) LIMIT 1 [ RunTime:0.001344s ]
[ sql ] [ SQL ] SELECT `ID` FROM `jsl_competence` WHERE  (  Sid = '' ) [ RunTime:0.001290s ]
[ sql ] [ SQL ] SELECT * FROM `jsl_competence` WHERE  (  ID = '364' ) LIMIT 1 [ RunTime:0.014575s ]
[ sql ] [ SQL ] SELECT `ID` FROM `jsl_competence` WHERE  (  Sid = '364' ) [ RunTime:0.001996s ]
[ sql ] [ SQL ] SELECT * FROM `jsl_competence` WHERE  (  ID = '354' ) LIMIT 1 [ RunTime:0.001721s ]
[ sql ] [ SQL ] SELECT `ID` FROM `jsl_competence` WHERE  (  Sid = '354' ) [ RunTime:0.001451s ]
[ sql ] [ SQL ] SELECT * FROM `jsl_competence` WHERE  (  ID = '109' ) LIMIT 1 [ RunTime:0.001417s ]
[ sql ] [ SQL ] SELECT `ID` FROM `jsl_competence` WHERE  (  Sid = '' ) [ RunTime:0.001592s ]
[ sql ] [ SQL ] SELECT `ID` FROM `jsl_module` WHERE  (  Sid = '112' ) [ RunTime:0.001462s ]
[ sql ] [ SQL ] SELECT `ID` FROM `jsl_module` WHERE  (  Sid = '137' ) [ RunTime:0.001414s ]
[ sql ] [ SQL ] SELECT `ID` FROM `jsl_module` WHERE  (  Sid = '141' ) [ RunTime:0.001584s ]
[ sql ] [ SQL ] SELECT COUNT(*) AS tp_count FROM `jsl_user` WHERE  (  ID = 1 ) LIMIT 1 [ RunTime:0.001472s ]
[ sql ] [ SQL ] SELECT COUNT(*) AS tp_count FROM `jsl_statis` WHERE  (  Uid = 1 ) LIMIT 1 [ RunTime:0.001559s ]
[ sql ] [ SQL ] UPDATE `jsl_statis`  SET `Dtime`='1650935654'  WHERE  (  Uid = 1 ) [ RunTime:0.001660s ]
[ sql ] [ SQL ] DELETE FROM `jsl_statis`    WHERE  `Dtime` < '1650935534' [ RunTime:0.001473s ]
[ sql ] [ SQL ] SELECT COUNT(*) AS tp_count FROM `jsl_user` WHERE  (  ID = 1 ) LIMIT 1 [ RunTime:0.001681s ]
[ sql ] [ SQL ] SELECT COUNT(*) AS tp_count FROM `jsl_statis` WHERE  (  Uid = 1 ) LIMIT 1 [ RunTime:0.001377s ]
[ sql ] [ SQL ] UPDATE `jsl_statis`  SET `Dtime`='1650935654'  WHERE  (  Uid = 1 ) [ RunTime:0.001324s ]
[ sql ] [ SQL ] DELETE FROM `jsl_statis`    WHERE  `Dtime` < '1650935534' [ RunTime:0.001545s ]
[ sql ] [ SQL ] SELECT COUNT(*) AS tp_count FROM `jsl_user` WHERE  (  ID = 1 ) LIMIT 1 [ RunTime:0.001243s ]
[ sql ] [ SQL ] SELECT COUNT(*) AS tp_count FROM `jsl_statis` WHERE  (  Uid = 1 ) LIMIT 1 [ RunTime:0.001493s ]
[ sql ] [ SQL ] UPDATE `jsl_statis`  SET `Dtime`='1650935654'  WHERE  (  Uid = 1 ) [ RunTime:0.001413s ]
[ sql ] [ SQL ] DELETE FROM `jsl_statis`    WHERE  `Dtime` < '1650935534' [ RunTime:0.001527s ]
[ error ] [8]未定义数组索引: id[F:\project\pointsmall\runtime\temp\9621c9c1e68b9b95a987015c655050b1.php:126]
[ error ] [8]未定义数组索引: id[F:\project\pointsmall\runtime\temp\9621c9c1e68b9b95a987015c655050b1.php:126]
[ error ] [8]未定义数组索引: id[F:\project\pointsmall\runtime\temp\9621c9c1e68b9b95a987015c655050b1.php:126]
---------------------------------------------------------------
[ 2022-04-26T09:14:14+08:00 ] 0.0.0.0 GET localhost:5601/index.php/admin/goods/tree.html
[运行时间：0.067469s] [吞吐率：14.82req/s] [内存消耗：3,351.48kb] [文件加载：98]
[ info ] [ LANG ] F:\project\pointsmall\thinkphp\lang\zh-cn.php
[ info ] [ ROUTE ] array (
  'type' => 'module',
  'module' => 
  array (
    0 => 'admin',
    1 => 'goods',
    2 => 'tree',
  ),
)
[ info ] [ HEADER ] array (
  'cookie' => 'thinkphp_show_page_trace=0|0; thinkphp_show_page_trace=0|0; thinkphp_show_page_trace=0|0; Phpstorm-221d8a55=3070f4be-a28e-4f38-8ced-98b71dc79863; PHPSESSID=3mf64ull9lsobhghr8qf3ev8tu; jsl_member_id=699; jsl_key=eca87144cf5eeeb0a3847427cc015973; jsl_phone=18302247559; ariaDefaultTheme=undefined',
  'accept-language' => 'zh-CN,zh;q=0.9',
  'accept-encoding' => 'gzip, deflate, br',
  'referer' => 'http://localhost:5601/index.php/admin/index/main.html?module=goods',
  'sec-fetch-dest' => 'iframe',
  'sec-fetch-mode' => 'navigate',
  'sec-fetch-site' => 'same-origin',
  'accept' => 'text/html,application/xhtml+xml,application/xml;q=0.9,image/avif,image/webp,image/apng,*/*;q=0.8,application/signed-exchange;v=b3;q=0.9',
  'user-agent' => 'Mozilla/5.0 (Windows NT 10.0; Win64; x64) AppleWebKit/537.36 (KHTML, like Gecko) Chrome/100.0.4896.88 Safari/537.36',
  'upgrade-insecure-requests' => '1',
  'sec-ch-ua-platform' => '"Windows"',
  'sec-ch-ua-mobile' => '?0',
  'sec-ch-ua' => '" Not A;Brand";v="99", "Chromium";v="100", "Google Chrome";v="100"',
  'connection' => 'close',
  'host' => 'localhost:5601',
)
[ info ] [ PARAM ] array (
)
[ info ] [ SESSION ] INIT array (
  'id' => '',
  'var_session_id' => '',
  'prefix' => 'think',
  'type' => '',
  'auto_start' => true,
  'expire' => 18000,
)
[ info ] [ DB ] INIT mysql
[ info ] [ RUN ] app\admin\controller\Goods->tree[ F:\project\pointsmall\application\admin\controller\Goods.php ]
[ info ] [ VIEW ] F:\project\pointsmall\public/../application/admin\view\goods\tree.html [ array (
) ]
[ info ] [ LOG ] INIT File
[ sql ] [ DB ] CONNECT:[ UseTime:0.003695s ] mysql:host=172.16.2.244;port=3306;dbname=points-mall-test;charset=utf8mb4
[ sql ] [ SQL ] SHOW COLUMNS FROM `jsl_user` [ RunTime:0.003470s ]
[ sql ] [ SQL ] SELECT COUNT(*) AS tp_count FROM `jsl_user` WHERE  (  ID = 1 ) LIMIT 1 [ RunTime:0.002177s ]
[ sql ] [ SQL ] SHOW COLUMNS FROM `jsl_statis` [ RunTime:0.002427s ]
[ sql ] [ SQL ] SELECT COUNT(*) AS tp_count FROM `jsl_statis` WHERE  (  Uid = 1 ) LIMIT 1 [ RunTime:0.001265s ]
[ sql ] [ SQL ] UPDATE `jsl_statis`  SET `Dtime`='1650935654'  WHERE  (  Uid = 1 ) [ RunTime:0.001470s ]
[ sql ] [ SQL ] DELETE FROM `jsl_statis`    WHERE  `Dtime` < '1650935534' [ RunTime:0.001260s ]
---------------------------------------------------------------
[ 2022-04-26T09:14:15+08:00 ] 0.0.0.0 GET localhost:5601/index.php/admin/goods/getdfhgoodslist.html?page=1&limit=15
[运行时间：0.126974s] [吞吐率：7.88req/s] [内存消耗：3,543.13kb] [文件加载：101]
[ info ] [ LANG ] F:\project\pointsmall\thinkphp\lang\zh-cn.php
[ info ] [ ROUTE ] array (
  'type' => 'module',
  'module' => 
  array (
    0 => 'admin',
    1 => 'goods',
    2 => 'getdfhgoodslist',
  ),
)
[ info ] [ HEADER ] array (
  'cookie' => 'thinkphp_show_page_trace=0|0; thinkphp_show_page_trace=0|0; thinkphp_show_page_trace=0|0; Phpstorm-221d8a55=3070f4be-a28e-4f38-8ced-98b71dc79863; PHPSESSID=3mf64ull9lsobhghr8qf3ev8tu; jsl_member_id=699; jsl_key=eca87144cf5eeeb0a3847427cc015973; jsl_phone=18302247559; ariaDefaultTheme=undefined',
  'accept-language' => 'zh-CN,zh;q=0.9',
  'accept-encoding' => 'gzip, deflate, br',
  'referer' => 'http://localhost:5601/index.php/admin/goods/tree.html',
  'sec-fetch-dest' => 'empty',
  'sec-fetch-mode' => 'cors',
  'sec-fetch-site' => 'same-origin',
  'sec-ch-ua-platform' => '"Windows"',
  'user-agent' => 'Mozilla/5.0 (Windows NT 10.0; Win64; x64) AppleWebKit/537.36 (KHTML, like Gecko) Chrome/100.0.4896.88 Safari/537.36',
  'sec-ch-ua-mobile' => '?0',
  'x-requested-with' => 'XMLHttpRequest',
  'accept' => 'application/json, text/javascript, */*; q=0.01',
  'sec-ch-ua' => '" Not A;Brand";v="99", "Chromium";v="100", "Google Chrome";v="100"',
  'connection' => 'close',
  'host' => 'localhost:5601',
)
[ info ] [ PARAM ] array (
  'page' => '1',
  'limit' => '15',
)
[ info ] [ SESSION ] INIT array (
  'id' => '',
  'var_session_id' => '',
  'prefix' => 'think',
  'type' => '',
  'auto_start' => true,
  'expire' => 18000,
)
[ info ] [ DB ] INIT mysql
[ info ] [ RUN ] app\admin\controller\Goods->getdfhgoodslist[ F:\project\pointsmall\application\admin\controller\Goods.php ]
[ info ] [ LOG ] INIT File
[ sql ] [ DB ] CONNECT:[ UseTime:0.004950s ] mysql:host=172.16.2.244;port=3306;dbname=points-mall-test;charset=utf8mb4
[ sql ] [ SQL ] SHOW COLUMNS FROM `jsl_user` [ RunTime:0.003538s ]
[ sql ] [ SQL ] SELECT COUNT(*) AS tp_count FROM `jsl_user` WHERE  (  ID = 1 ) LIMIT 1 [ RunTime:0.002331s ]
[ sql ] [ SQL ] SHOW COLUMNS FROM `jsl_statis` [ RunTime:0.002315s ]
[ sql ] [ SQL ] SELECT COUNT(*) AS tp_count FROM `jsl_statis` WHERE  (  Uid = 1 ) LIMIT 1 [ RunTime:0.001285s ]
[ sql ] [ SQL ] UPDATE `jsl_statis`  SET `Dtime`='1650935655'  WHERE  (  Uid = 1 ) [ RunTime:0.001905s ]
[ sql ] [ SQL ] DELETE FROM `jsl_statis`    WHERE  `Dtime` < '1650935535' [ RunTime:0.001603s ]
[ sql ] [ SQL ] SHOW COLUMNS FROM `jsl_points_goods` [ RunTime:0.002887s ]
[ sql ] [ SQL ] SELECT COUNT(*) AS tp_count FROM `jsl_points_goods` LIMIT 1 [ RunTime:0.001502s ]
[ sql ] [ SQL ] SELECT * FROM `jsl_points_goods` ORDER BY `add_time` DESC LIMIT 0,15 [ RunTime:0.001691s ]
[ sql ] [ SQL ] SHOW COLUMNS FROM `jsl_points_goods_category` [ RunTime:0.002388s ]
[ sql ] [ SQL ] SELECT `category_name` FROM `jsl_points_goods_category` WHERE  (  category_id='36' ) LIMIT 1 [ RunTime:0.001460s ]
[ sql ] [ SQL ] SELECT `category_name` FROM `jsl_points_goods_category` WHERE  (  category_id='28' ) LIMIT 1 [ RunTime:0.001288s ]
[ sql ] [ SQL ] SELECT `category_name` FROM `jsl_points_goods_category` WHERE  (  category_id='28' ) LIMIT 1 [ RunTime:0.001437s ]
[ sql ] [ SQL ] SELECT `category_name` FROM `jsl_points_goods_category` WHERE  (  category_id='28' ) LIMIT 1 [ RunTime:0.001304s ]
[ sql ] [ SQL ] SELECT `category_name` FROM `jsl_points_goods_category` WHERE  (  category_id='28' ) LIMIT 1 [ RunTime:0.001488s ]
[ sql ] [ SQL ] SELECT `category_name` FROM `jsl_points_goods_category` WHERE  (  category_id='36' ) LIMIT 1 [ RunTime:0.001576s ]
[ sql ] [ SQL ] SELECT `category_name` FROM `jsl_points_goods_category` WHERE  (  category_id='36' ) LIMIT 1 [ RunTime:0.001513s ]
[ sql ] [ SQL ] SELECT `category_name` FROM `jsl_points_goods_category` WHERE  (  category_id='36' ) LIMIT 1 [ RunTime:0.001346s ]
[ sql ] [ SQL ] SELECT `category_name` FROM `jsl_points_goods_category` WHERE  (  category_id='36' ) LIMIT 1 [ RunTime:0.001465s ]
[ sql ] [ SQL ] SELECT `category_name` FROM `jsl_points_goods_category` WHERE  (  category_id='2' ) LIMIT 1 [ RunTime:0.001438s ]
[ sql ] [ SQL ] SELECT `category_name` FROM `jsl_points_goods_category` WHERE  (  category_id='36' ) LIMIT 1 [ RunTime:0.013665s ]
[ sql ] [ SQL ] SELECT `category_name` FROM `jsl_points_goods_category` WHERE  (  category_id='36' ) LIMIT 1 [ RunTime:0.001820s ]
[ sql ] [ SQL ] SELECT `category_name` FROM `jsl_points_goods_category` WHERE  (  category_id='36' ) LIMIT 1 [ RunTime:0.001548s ]
[ sql ] [ SQL ] SELECT `category_name` FROM `jsl_points_goods_category` WHERE  (  category_id='36' ) LIMIT 1 [ RunTime:0.001607s ]
[ sql ] [ SQL ] SELECT `category_name` FROM `jsl_points_goods_category` WHERE  (  category_id='44' ) LIMIT 1 [ RunTime:0.001708s ]
---------------------------------------------------------------
[ 2022-04-26T09:14:16+08:00 ] 0.0.0.0 GET localhost:5601/index.php/admin/goods/addgoods.html?goods_id=
[运行时间：0.131046s] [吞吐率：7.63req/s] [内存消耗：3,700.96kb] [文件加载：104]
[ info ] [ LANG ] F:\project\pointsmall\thinkphp\lang\zh-cn.php
[ info ] [ ROUTE ] array (
  'type' => 'module',
  'module' => 
  array (
    0 => 'admin',
    1 => 'goods',
    2 => 'addgoods',
  ),
)
[ info ] [ HEADER ] array (
  'cookie' => 'thinkphp_show_page_trace=0|0; thinkphp_show_page_trace=0|0; thinkphp_show_page_trace=0|0; Phpstorm-221d8a55=3070f4be-a28e-4f38-8ced-98b71dc79863; PHPSESSID=3mf64ull9lsobhghr8qf3ev8tu; jsl_member_id=699; jsl_key=eca87144cf5eeeb0a3847427cc015973; jsl_phone=18302247559; ariaDefaultTheme=undefined',
  'accept-language' => 'zh-CN,zh;q=0.9',
  'accept-encoding' => 'gzip, deflate, br',
  'referer' => 'http://localhost:5601/index.php/admin/goods/tree.html',
  'sec-fetch-dest' => 'iframe',
  'sec-fetch-mode' => 'navigate',
  'sec-fetch-site' => 'same-origin',
  'accept' => 'text/html,application/xhtml+xml,application/xml;q=0.9,image/avif,image/webp,image/apng,*/*;q=0.8,application/signed-exchange;v=b3;q=0.9',
  'user-agent' => 'Mozilla/5.0 (Windows NT 10.0; Win64; x64) AppleWebKit/537.36 (KHTML, like Gecko) Chrome/100.0.4896.88 Safari/537.36',
  'upgrade-insecure-requests' => '1',
  'sec-ch-ua-platform' => '"Windows"',
  'sec-ch-ua-mobile' => '?0',
  'sec-ch-ua' => '" Not A;Brand";v="99", "Chromium";v="100", "Google Chrome";v="100"',
  'connection' => 'close',
  'host' => 'localhost:5601',
)
[ info ] [ PARAM ] array (
  'goods_id' => '',
)
[ info ] [ SESSION ] INIT array (
  'id' => '',
  'var_session_id' => '',
  'prefix' => 'think',
  'type' => '',
  'auto_start' => true,
  'expire' => 18000,
)
[ info ] [ DB ] INIT mysql
[ info ] [ RUN ] app\admin\controller\Goods->addgoods[ F:\project\pointsmall\application\admin\controller\Goods.php ]
[ info ] [ VIEW ] F:\project\pointsmall\public/../application/admin\view\goods\addgoods.html [ array (
  0 => 'volist',
  1 => 'clist',
) ]
[ info ] [ LOG ] INIT File
[ sql ] [ DB ] CONNECT:[ UseTime:0.013915s ] mysql:host=172.16.2.244;port=3306;dbname=points-mall-test;charset=utf8mb4
[ sql ] [ SQL ] SHOW COLUMNS FROM `jsl_user` [ RunTime:0.004966s ]
[ sql ] [ SQL ] SELECT COUNT(*) AS tp_count FROM `jsl_user` WHERE  (  ID = 1 ) LIMIT 1 [ RunTime:0.002754s ]
[ sql ] [ SQL ] SHOW COLUMNS FROM `jsl_statis` [ RunTime:0.003361s ]
[ sql ] [ SQL ] SELECT COUNT(*) AS tp_count FROM `jsl_statis` WHERE  (  Uid = 1 ) LIMIT 1 [ RunTime:0.001824s ]
[ sql ] [ SQL ] UPDATE `jsl_statis`  SET `Dtime`='1650935656'  WHERE  (  Uid = 1 ) [ RunTime:0.001945s ]
[ sql ] [ SQL ] DELETE FROM `jsl_statis`    WHERE  `Dtime` < '1650935536' [ RunTime:0.001539s ]
[ sql ] [ SQL ] SHOW COLUMNS FROM `jsl_points_goods_category` [ RunTime:0.002536s ]
[ sql ] [ SQL ] SELECT * FROM `jsl_points_goods_category` WHERE  (  is_enable=1 ) [ RunTime:0.001396s ]
[ error ] [8]未定义变量: switch[F:\project\pointsmall\runtime\temp\690f8a9e6b8c4559db10053130919bd0.php:159]
[ error ] [8]未定义变量: result[F:\project\pointsmall\runtime\temp\690f8a9e6b8c4559db10053130919bd0.php:208]
[ error ] [8]未定义变量: result[F:\project\pointsmall\runtime\temp\690f8a9e6b8c4559db10053130919bd0.php:209]
---------------------------------------------------------------
[ 2022-04-26T09:14:23+08:00 ] 0.0.0.0 GET localhost:5601/index.php/admin/goods/getdfhgoodslist.html?page=1&limit=15
[运行时间：0.072499s] [吞吐率：13.79req/s] [内存消耗：3,543.13kb] [文件加载：101]
[ info ] [ LANG ] F:\project\pointsmall\thinkphp\lang\zh-cn.php
[ info ] [ ROUTE ] array (
  'type' => 'module',
  'module' => 
  array (
    0 => 'admin',
    1 => 'goods',
    2 => 'getdfhgoodslist',
  ),
)
[ info ] [ HEADER ] array (
  'cookie' => 'thinkphp_show_page_trace=0|0; thinkphp_show_page_trace=0|0; thinkphp_show_page_trace=0|0; Phpstorm-221d8a55=3070f4be-a28e-4f38-8ced-98b71dc79863; PHPSESSID=3mf64ull9lsobhghr8qf3ev8tu; jsl_member_id=699; jsl_key=eca87144cf5eeeb0a3847427cc015973; jsl_phone=18302247559; ariaDefaultTheme=undefined',
  'accept-language' => 'zh-CN,zh;q=0.9',
  'accept-encoding' => 'gzip, deflate, br',
  'referer' => 'http://localhost:5601/index.php/admin/goods/tree.html',
  'sec-fetch-dest' => 'empty',
  'sec-fetch-mode' => 'cors',
  'sec-fetch-site' => 'same-origin',
  'sec-ch-ua-platform' => '"Windows"',
  'user-agent' => 'Mozilla/5.0 (Windows NT 10.0; Win64; x64) AppleWebKit/537.36 (KHTML, like Gecko) Chrome/100.0.4896.88 Safari/537.36',
  'sec-ch-ua-mobile' => '?0',
  'x-requested-with' => 'XMLHttpRequest',
  'accept' => 'application/json, text/javascript, */*; q=0.01',
  'sec-ch-ua' => '" Not A;Brand";v="99", "Chromium";v="100", "Google Chrome";v="100"',
  'connection' => 'close',
  'host' => 'localhost:5601',
)
[ info ] [ PARAM ] array (
  'page' => '1',
  'limit' => '15',
)
[ info ] [ SESSION ] INIT array (
  'id' => '',
  'var_session_id' => '',
  'prefix' => 'think',
  'type' => '',
  'auto_start' => true,
  'expire' => 18000,
)
[ info ] [ DB ] INIT mysql
[ info ] [ RUN ] app\admin\controller\Goods->getdfhgoodslist[ F:\project\pointsmall\application\admin\controller\Goods.php ]
[ info ] [ LOG ] INIT File
[ sql ] [ DB ] CONNECT:[ UseTime:0.004156s ] mysql:host=172.16.2.244;port=3306;dbname=points-mall-test;charset=utf8mb4
[ sql ] [ SQL ] SHOW COLUMNS FROM `jsl_user` [ RunTime:0.005000s ]
[ sql ] [ SQL ] SELECT COUNT(*) AS tp_count FROM `jsl_user` WHERE  (  ID = 1 ) LIMIT 1 [ RunTime:0.002337s ]
[ sql ] [ SQL ] SHOW COLUMNS FROM `jsl_statis` [ RunTime:0.003263s ]
[ sql ] [ SQL ] SELECT COUNT(*) AS tp_count FROM `jsl_statis` WHERE  (  Uid = 1 ) LIMIT 1 [ RunTime:0.001502s ]
[ sql ] [ SQL ] UPDATE `jsl_statis`  SET `Dtime`='1650935663'  WHERE  (  Uid = 1 ) [ RunTime:0.001874s ]
[ sql ] [ SQL ] DELETE FROM `jsl_statis`    WHERE  `Dtime` < '1650935543' [ RunTime:0.001814s ]
[ sql ] [ SQL ] SHOW COLUMNS FROM `jsl_points_goods` [ RunTime:0.002157s ]
[ sql ] [ SQL ] SELECT COUNT(*) AS tp_count FROM `jsl_points_goods` LIMIT 1 [ RunTime:0.001181s ]
[ sql ] [ SQL ] SELECT * FROM `jsl_points_goods` ORDER BY `add_time` DESC LIMIT 0,15 [ RunTime:0.001428s ]
[ sql ] [ SQL ] SHOW COLUMNS FROM `jsl_points_goods_category` [ RunTime:0.001988s ]
[ sql ] [ SQL ] SELECT `category_name` FROM `jsl_points_goods_category` WHERE  (  category_id='36' ) LIMIT 1 [ RunTime:0.001128s ]
[ sql ] [ SQL ] SELECT `category_name` FROM `jsl_points_goods_category` WHERE  (  category_id='28' ) LIMIT 1 [ RunTime:0.001089s ]
[ sql ] [ SQL ] SELECT `category_name` FROM `jsl_points_goods_category` WHERE  (  category_id='28' ) LIMIT 1 [ RunTime:0.001122s ]
[ sql ] [ SQL ] SELECT `category_name` FROM `jsl_points_goods_category` WHERE  (  category_id='28' ) LIMIT 1 [ RunTime:0.001296s ]
[ sql ] [ SQL ] SELECT `category_name` FROM `jsl_points_goods_category` WHERE  (  category_id='28' ) LIMIT 1 [ RunTime:0.001232s ]
[ sql ] [ SQL ] SELECT `category_name` FROM `jsl_points_goods_category` WHERE  (  category_id='36' ) LIMIT 1 [ RunTime:0.001248s ]
[ sql ] [ SQL ] SELECT `category_name` FROM `jsl_points_goods_category` WHERE  (  category_id='36' ) LIMIT 1 [ RunTime:0.001370s ]
[ sql ] [ SQL ] SELECT `category_name` FROM `jsl_points_goods_category` WHERE  (  category_id='36' ) LIMIT 1 [ RunTime:0.001250s ]
[ sql ] [ SQL ] SELECT `category_name` FROM `jsl_points_goods_category` WHERE  (  category_id='36' ) LIMIT 1 [ RunTime:0.001214s ]
[ sql ] [ SQL ] SELECT `category_name` FROM `jsl_points_goods_category` WHERE  (  category_id='2' ) LIMIT 1 [ RunTime:0.001177s ]
[ sql ] [ SQL ] SELECT `category_name` FROM `jsl_points_goods_category` WHERE  (  category_id='36' ) LIMIT 1 [ RunTime:0.001581s ]
[ sql ] [ SQL ] SELECT `category_name` FROM `jsl_points_goods_category` WHERE  (  category_id='36' ) LIMIT 1 [ RunTime:0.001415s ]
[ sql ] [ SQL ] SELECT `category_name` FROM `jsl_points_goods_category` WHERE  (  category_id='36' ) LIMIT 1 [ RunTime:0.001142s ]
[ sql ] [ SQL ] SELECT `category_name` FROM `jsl_points_goods_category` WHERE  (  category_id='36' ) LIMIT 1 [ RunTime:0.001406s ]
[ sql ] [ SQL ] SELECT `category_name` FROM `jsl_points_goods_category` WHERE  (  category_id='44' ) LIMIT 1 [ RunTime:0.001294s ]
---------------------------------------------------------------
[ 2022-04-26T09:53:48+08:00 ] 0.0.0.0 GET localhost:5601/index.php/admin/goods/addgoods.html?goods_id=
[运行时间：0.081077s] [吞吐率：12.33req/s] [内存消耗：3,472.01kb] [文件加载：102]
[ info ] [ LANG ] F:\project\pointsmall\thinkphp\lang\zh-cn.php
[ info ] [ ROUTE ] array (
  'type' => 'module',
  'module' => 
  array (
    0 => 'admin',
    1 => 'goods',
    2 => 'addgoods',
  ),
)
[ info ] [ HEADER ] array (
  'cookie' => 'thinkphp_show_page_trace=0|0; thinkphp_show_page_trace=0|0; thinkphp_show_page_trace=0|0; Phpstorm-221d8a55=3070f4be-a28e-4f38-8ced-98b71dc79863; PHPSESSID=3mf64ull9lsobhghr8qf3ev8tu; jsl_member_id=699; jsl_key=eca87144cf5eeeb0a3847427cc015973; jsl_phone=18302247559; ariaDefaultTheme=undefined',
  'accept-language' => 'zh-CN,zh;q=0.9',
  'accept-encoding' => 'gzip, deflate, br',
  'referer' => 'http://localhost:5601/index.php/admin/goods/tree.html',
  'sec-fetch-dest' => 'iframe',
  'sec-fetch-mode' => 'navigate',
  'sec-fetch-site' => 'same-origin',
  'accept' => 'text/html,application/xhtml+xml,application/xml;q=0.9,image/avif,image/webp,image/apng,*/*;q=0.8,application/signed-exchange;v=b3;q=0.9',
  'user-agent' => 'Mozilla/5.0 (Windows NT 10.0; Win64; x64) AppleWebKit/537.36 (KHTML, like Gecko) Chrome/100.0.4896.88 Safari/537.36',
  'upgrade-insecure-requests' => '1',
  'sec-ch-ua-platform' => '"Windows"',
  'sec-ch-ua-mobile' => '?0',
  'sec-ch-ua' => '" Not A;Brand";v="99", "Chromium";v="100", "Google Chrome";v="100"',
  'connection' => 'close',
  'host' => 'localhost:5601',
)
[ info ] [ PARAM ] array (
  'goods_id' => '',
)
[ info ] [ SESSION ] INIT array (
  'id' => '',
  'var_session_id' => '',
  'prefix' => 'think',
  'type' => '',
  'auto_start' => true,
  'expire' => 18000,
)
[ info ] [ DB ] INIT mysql
[ info ] [ RUN ] app\admin\controller\Goods->addgoods[ F:\project\pointsmall\application\admin\controller\Goods.php ]
[ info ] [ VIEW ] F:\project\pointsmall\public/../application/admin\view\goods\addgoods.html [ array (
  0 => 'volist',
  1 => 'clist',
) ]
[ info ] [ LOG ] INIT File
[ sql ] [ DB ] CONNECT:[ UseTime:0.024572s ] mysql:host=172.16.2.244;port=3306;dbname=points-mall-test;charset=utf8mb4
[ sql ] [ SQL ] SHOW COLUMNS FROM `jsl_user` [ RunTime:0.004630s ]
[ sql ] [ SQL ] SELECT COUNT(*) AS tp_count FROM `jsl_user` WHERE  (  ID = 1 ) LIMIT 1 [ RunTime:0.002648s ]
[ sql ] [ SQL ] SHOW COLUMNS FROM `jsl_statis` [ RunTime:0.003286s ]
[ sql ] [ SQL ] SELECT COUNT(*) AS tp_count FROM `jsl_statis` WHERE  (  Uid = 1 ) LIMIT 1 [ RunTime:0.001569s ]
[ sql ] [ SQL ] UPDATE `jsl_statis`  SET `Dtime`='1650938028'  WHERE  (  Uid = 1 ) [ RunTime:0.012256s ]
[ sql ] [ SQL ] DELETE FROM `jsl_statis`    WHERE  `Dtime` < '1650937908' [ RunTime:0.001867s ]
[ sql ] [ SQL ] SHOW COLUMNS FROM `jsl_points_goods_category` [ RunTime:0.002961s ]
[ sql ] [ SQL ] SELECT * FROM `jsl_points_goods_category` WHERE  (  is_enable=1 ) [ RunTime:0.001598s ]
[ error ] [8]未定义变量: switch[F:\project\pointsmall\runtime\temp\690f8a9e6b8c4559db10053130919bd0.php:159]
[ error ] [8]未定义变量: result[F:\project\pointsmall\runtime\temp\690f8a9e6b8c4559db10053130919bd0.php:208]
[ error ] [8]未定义变量: result[F:\project\pointsmall\runtime\temp\690f8a9e6b8c4559db10053130919bd0.php:209]
---------------------------------------------------------------
[ 2022-04-26T09:54:29+08:00 ] 0.0.0.0 GET localhost:5601/index.php/admin/goods/addgoods.html?goods_id=
[运行时间：0.059637s] [吞吐率：16.77req/s] [内存消耗：3,473.02kb] [文件加载：102]
[ info ] [ LANG ] F:\project\pointsmall\thinkphp\lang\zh-cn.php
[ info ] [ ROUTE ] array (
  'type' => 'module',
  'module' => 
  array (
    0 => 'admin',
    1 => 'goods',
    2 => 'addgoods',
  ),
)
[ info ] [ HEADER ] array (
  'cookie' => 'thinkphp_show_page_trace=0|0; thinkphp_show_page_trace=0|0; thinkphp_show_page_trace=0|0; Phpstorm-221d8a55=3070f4be-a28e-4f38-8ced-98b71dc79863; PHPSESSID=3mf64ull9lsobhghr8qf3ev8tu; jsl_member_id=699; jsl_key=eca87144cf5eeeb0a3847427cc015973; jsl_phone=18302247559; ariaDefaultTheme=undefined',
  'accept-language' => 'zh-CN,zh;q=0.9',
  'accept-encoding' => 'gzip, deflate, br',
  'referer' => 'http://localhost:5601/index.php/admin/goods/tree.html',
  'sec-fetch-dest' => 'iframe',
  'sec-fetch-user' => '?1',
  'sec-fetch-mode' => 'navigate',
  'sec-fetch-site' => 'same-origin',
  'accept' => 'text/html,application/xhtml+xml,application/xml;q=0.9,image/avif,image/webp,image/apng,*/*;q=0.8,application/signed-exchange;v=b3;q=0.9',
  'user-agent' => 'Mozilla/5.0 (Windows NT 10.0; Win64; x64) AppleWebKit/537.36 (KHTML, like Gecko) Chrome/100.0.4896.88 Safari/537.36',
  'upgrade-insecure-requests' => '1',
  'sec-ch-ua-platform' => '"Windows"',
  'sec-ch-ua-mobile' => '?0',
  'sec-ch-ua' => '" Not A;Brand";v="99", "Chromium";v="100", "Google Chrome";v="100"',
  'cache-control' => 'max-age=0',
  'connection' => 'close',
  'host' => 'localhost:5601',
)
[ info ] [ PARAM ] array (
  'goods_id' => '',
)
[ info ] [ SESSION ] INIT array (
  'id' => '',
  'var_session_id' => '',
  'prefix' => 'think',
  'type' => '',
  'auto_start' => true,
  'expire' => 18000,
)
[ info ] [ DB ] INIT mysql
[ info ] [ RUN ] app\admin\controller\Goods->addgoods[ F:\project\pointsmall\application\admin\controller\Goods.php ]
[ info ] [ VIEW ] F:\project\pointsmall\public/../application/admin\view\goods\addgoods.html [ array (
  0 => 'volist',
  1 => 'clist',
) ]
[ info ] [ LOG ] INIT File
[ sql ] [ DB ] CONNECT:[ UseTime:0.020097s ] mysql:host=172.16.2.244;port=3306;dbname=points-mall-test;charset=utf8mb4
[ sql ] [ SQL ] SHOW COLUMNS FROM `jsl_user` [ RunTime:0.003790s ]
[ sql ] [ SQL ] SELECT COUNT(*) AS tp_count FROM `jsl_user` WHERE  (  ID = 1 ) LIMIT 1 [ RunTime:0.002445s ]
[ sql ] [ SQL ] SHOW COLUMNS FROM `jsl_statis` [ RunTime:0.002616s ]
[ sql ] [ SQL ] SELECT COUNT(*) AS tp_count FROM `jsl_statis` WHERE  (  Uid = 1 ) LIMIT 1 [ RunTime:0.001432s ]
[ sql ] [ SQL ] UPDATE `jsl_statis`  SET `Dtime`='1650938069'  WHERE  (  Uid = 1 ) [ RunTime:0.001703s ]
[ sql ] [ SQL ] DELETE FROM `jsl_statis`    WHERE  `Dtime` < '1650937949' [ RunTime:0.001618s ]
[ sql ] [ SQL ] SHOW COLUMNS FROM `jsl_points_goods_category` [ RunTime:0.002132s ]
[ sql ] [ SQL ] SELECT * FROM `jsl_points_goods_category` WHERE  (  is_enable=1 ) [ RunTime:0.001450s ]
[ error ] [8]未定义变量: switch[F:\project\pointsmall\runtime\temp\690f8a9e6b8c4559db10053130919bd0.php:159]
[ error ] [8]未定义变量: result[F:\project\pointsmall\runtime\temp\690f8a9e6b8c4559db10053130919bd0.php:208]
[ error ] [8]未定义变量: result[F:\project\pointsmall\runtime\temp\690f8a9e6b8c4559db10053130919bd0.php:209]
---------------------------------------------------------------
[ 2022-04-26T16:40:47+08:00 ] 0.0.0.0 GET localhost:5601/index.php/admin/goods/getdfhgoodslist.html?page=1&limit=15
[运行时间：0.696482s] [吞吐率：1.44req/s] [内存消耗：3,285.36kb] [文件加载：98]
[ info ] [ LANG ] F:\project\pointsmall\thinkphp\lang\zh-cn.php
[ info ] [ ROUTE ] array (
  'type' => 'module',
  'module' => 
  array (
    0 => 'admin',
    1 => 'goods',
    2 => 'getdfhgoodslist',
  ),
)
[ info ] [ HEADER ] array (
  'cookie' => 'thinkphp_show_page_trace=0|0; thinkphp_show_page_trace=0|0; thinkphp_show_page_trace=0|0; Phpstorm-221d8a55=3070f4be-a28e-4f38-8ced-98b71dc79863; PHPSESSID=3mf64ull9lsobhghr8qf3ev8tu; jsl_member_id=699; jsl_key=eca87144cf5eeeb0a3847427cc015973; jsl_phone=18302247559; ariaDefaultTheme=undefined',
  'accept-language' => 'zh-CN,zh;q=0.9',
  'accept-encoding' => 'gzip, deflate, br',
  'referer' => 'http://localhost:5601/index.php/admin/goods/tree.html',
  'sec-fetch-dest' => 'empty',
  'sec-fetch-mode' => 'cors',
  'sec-fetch-site' => 'same-origin',
  'sec-ch-ua-platform' => '"Windows"',
  'user-agent' => 'Mozilla/5.0 (Windows NT 10.0; Win64; x64) AppleWebKit/537.36 (KHTML, like Gecko) Chrome/100.0.4896.88 Safari/537.36',
  'sec-ch-ua-mobile' => '?0',
  'x-requested-with' => 'XMLHttpRequest',
  'accept' => 'application/json, text/javascript, */*; q=0.01',
  'sec-ch-ua' => '" Not A;Brand";v="99", "Chromium";v="100", "Google Chrome";v="100"',
  'connection' => 'close',
  'host' => 'localhost:5601',
)
[ info ] [ PARAM ] array (
  'page' => '1',
  'limit' => '15',
)
[ info ] [ SESSION ] INIT array (
  'id' => '',
  'var_session_id' => '',
  'prefix' => 'think',
  'type' => '',
  'auto_start' => true,
  'expire' => 18000,
)
[ info ] [ DB ] INIT mysql
[ info ] [ RUN ] app\admin\controller\Goods->getdfhgoodslist[ F:\project\pointsmall\application\admin\controller\Goods.php ]
[ info ] [ LOG ] INIT File
[ sql ] [ DB ] CONNECT:[ UseTime:0.018061s ] mysql:host=172.16.2.244;port=3306;dbname=points-mall-test;charset=utf8mb4
[ sql ] [ SQL ] SHOW COLUMNS FROM `jsl_user` [ RunTime:0.004873s ]
[ sql ] [ SQL ] SELECT COUNT(*) AS tp_count FROM `jsl_user` WHERE  (  ID = 1 ) LIMIT 1 [ RunTime:0.002670s ]
[ sql ] [ SQL ] SHOW COLUMNS FROM `jsl_statis` [ RunTime:0.003024s ]
[ sql ] [ SQL ] SELECT COUNT(*) AS tp_count FROM `jsl_statis` WHERE  (  Uid = 1 ) LIMIT 1 [ RunTime:0.001578s ]
[ sql ] [ SQL ] UPDATE `jsl_statis`  SET `Dtime`='1650962447'  WHERE  (  Uid = 1 ) [ RunTime:0.002311s ]
[ sql ] [ SQL ] DELETE FROM `jsl_statis`    WHERE  `Dtime` < '1650962327' [ RunTime:0.001738s ]
